Mplus VERSION 8.6 (Mac)
MUTHEN & MUTHEN
09/17/2023   2:08 PM

INPUT INSTRUCTIONS

  TITLE:
  2-Class
  DATA:
  FILE = "/Users/agarber/github/Intro_to_LCA/enum/bully.dat";

  VARIABLE:
  NAMES = report_dis report_race report_sex counselors_fte psych_fte law_fte;
   MISSING=.;
   categorical = report_dis-law_fte;
  usevar = report_dis-law_fte;
  classes = c(2);
  ANALYSIS:
  estimator = mlr;
      type = mixture;
      starts = 200 100;
      processors = 10;
  OUTPUT:
  sampstat residual tech11 tech14;
  PLOT:
  type = plot3;
      series = report_dis-law_fte(*);



*** WARNING in VARIABLE command
  Note that only the first 8 characters of variable names are used in the output.
  Shorten variable names to avoid any confusion.
*** WARNING in PLOT command
  Note that only the first 8 characters of variable names are used in plots.
  If variable names are not unique within the first 8 characters, problems
  may occur.
*** WARNING in OUTPUT command
  SAMPSTAT option is not available when all outcomes are censored, ordered
  categorical, unordered categorical (nominal), count or continuous-time
  survival variables.  Request for SAMPSTAT is ignored.
   3 WARNING(S) FOUND IN THE INPUT INSTRUCTIONS




2-Class

SUMMARY OF ANALYSIS

Number of groups                                                 1
Number of observations                                        2027

Number of dependent variables                                    6
Number of independent variables                                  0
Number of continuous latent variables                            0
Number of categorical latent variables                           1

Observed dependent variables

  Binary and ordered categorical (ordinal)
   REPORT_D    REPORT_R    REPORT_S    COUNSELO    PSYCH_FT    LAW_FTE

Categorical latent variables
   C


Estimator                                                      MLR
Information matrix                                        OBSERVED
Optimization Specifications for the Quasi-Newton Algorithm for
Continuous Outcomes
  Maximum number of iterations                                 100
  Convergence criterion                                  0.100D-05
Optimization Specifications for the EM Algorithm
  Maximum number of iterations                                 500
  Convergence criteria
    Loglikelihood change                                 0.100D-06
    Relative loglikelihood change                        0.100D-06
    Derivative                                           0.100D-05
Optimization Specifications for the M step of the EM Algorithm for
Categorical Latent variables
  Number of M step iterations                                    1
  M step convergence criterion                           0.100D-05
  Basis for M step termination                           ITERATION
Optimization Specifications for the M step of the EM Algorithm for
Censored, Binary or Ordered Categorical (Ordinal), Unordered
Categorical (Nominal) and Count Outcomes
  Number of M step iterations                                    1
  M step convergence criterion                           0.100D-05
  Basis for M step termination                           ITERATION
  Maximum value for logit thresholds                            15
  Minimum value for logit thresholds                           -15
  Minimum expected cell size for chi-square              0.100D-01
Maximum number of iterations for H1                           2000
Convergence criterion for H1                             0.100D-03
Optimization algorithm                                         EMA
Random Starts Specifications
  Number of initial stage random starts                        200
  Number of final stage optimizations                          100
  Number of initial stage iterations                            10
  Initial stage convergence criterion                    0.100D+01
  Random starts scale                                    0.500D+01
  Random seed for generating random starts                       0
Link                                                         LOGIT

Input data file(s)
  /Users/agarber/github/Intro_to_LCA/enum/bully.dat
Input data format  FREE


SUMMARY OF DATA

     Number of missing data patterns             4
     Number of y missing data patterns           0
     Number of u missing data patterns           4


COVARIANCE COVERAGE OF DATA

Minimum covariance coverage value   0.100


     PROPORTION OF DATA PRESENT FOR U


           Covariance Coverage
              REPORT_D      REPORT_R      REPORT_S      COUNSELO      PSYCH_FT
              ________      ________      ________      ________      ________
 REPORT_D       0.987
 REPORT_R       0.987         0.987
 REPORT_S       0.987         0.987         0.987
 COUNSELO       0.973         0.973         0.973         0.987
 PSYCH_FT       0.972         0.972         0.972         0.985         0.985
 LAW_FTE        0.973         0.973         0.973         0.987         0.985


           Covariance Coverage
              LAW_FTE
              ________
 LAW_FTE        0.987


UNIVARIATE PROPORTIONS AND COUNTS FOR CATEGORICAL VARIABLES

    REPORT_D
      Category 1    0.958         1915.000
      Category 2    0.043           85.000
    REPORT_R
      Category 1    0.897         1794.000
      Category 2    0.103          206.000
    REPORT_S
      Category 1    0.830         1660.000
      Category 2    0.170          340.000
    COUNSELO
      Category 1    0.540         1081.000
      Category 2    0.460          919.000
    PSYCH_FT
      Category 1    0.526         1050.000
      Category 2    0.474          947.000
    LAW_FTE
      Category 1    0.875         1749.000
      Category 2    0.126          251.000


RANDOM STARTS RESULTS RANKED FROM THE BEST TO THE WORST LOGLIKELIHOOD VALUES

Final stage loglikelihood values at local maxima, seeds, and initial stage start numbers:

           -5194.136  848331           137
           -5194.136  804561           59
           -5194.136  168762           200
           -5194.136  437181           135
           -5194.136  93468            3
           -5194.136  415502           194
           -5194.136  100874           108
           -5194.136  967237           48
           -5194.136  268217           83
           -5194.136  887676           22
           -5194.136  471398           74
           -5194.136  462953           7
           -5194.136  751054           117
           -5194.136  957392           79
           -5194.136  587946           120
           -5194.136  741888           138
           -5194.136  784664           75
           -5194.136  340112           126
           -5194.136  458181           189
           -5194.136  150531           154
           -5194.136  674171           195
           -5194.136  650371           14
           -5194.136  76974            16
           -5194.136  848163           47
           -5194.136  645664           39
           -5194.136  259507           53
           -5194.136  464179           106
           -5194.136  903369           134
           -5194.136  972873           157
           -5194.136  789985           67
           -5194.136  533738           11
           -5194.136  352277           42
           -5194.136  848890           95
           -5194.136  21345            199
           -5194.136  931874           141
           -5194.136  443917           60
           -5194.136  535804           111
           -5194.136  576220           115
           -5194.136  391179           78
           -5194.136  411615           171
           -5194.136  939709           112
           -5194.136  247224           94
           -5194.136  544048           87
           -5194.136  913639           162
           -5194.136  802779           122
           -5194.136  551639           55
           -5194.136  788796           145
           -5194.136  268896           124
           -5194.136  127215           9
           -5194.136  467339           66

50 perturbed starting value run(s) did not converge or were rejected in the third stage.



THE BEST LOGLIKELIHOOD VALUE HAS BEEN REPLICATED.  RERUN WITH AT LEAST TWICE THE
RANDOM STARTS TO CHECK THAT THE BEST LOGLIKELIHOOD IS STILL OBTAINED AND REPLICATED.


THE MODEL ESTIMATION TERMINATED NORMALLY



MODEL FIT INFORMATION

Number of Free Parameters                       13

Loglikelihood

          H0 Value                       -5194.136
          H0 Scaling Correction Factor      1.1208
            for MLR

Information Criteria

          Akaike (AIC)                   10414.272
          Bayesian (BIC)                 10487.258
          Sample-Size Adjusted BIC       10445.956
            (n* = (n + 2) / 24)

Chi-Square Test of Model Fit for the Binary and Ordered Categorical
(Ordinal) Outcomes

          Pearson Chi-Square

          Value                            224.521
          Degrees of Freedom                    50
          P-Value                           0.0000

          Likelihood Ratio Chi-Square

          Value                            219.073
          Degrees of Freedom                    50
          P-Value                           0.0000

Chi-Square Test for MCAR under the Unrestricted Latent Class Indicator Model

          Pearson Chi-Square

          Value                             42.095
          Degrees of Freedom                    45
          P-Value                           0.5958

          Likelihood Ratio Chi-Square

          Value                             57.954
          Degrees of Freedom                    45
          P-Value                           0.0931



FINAL CLASS COUNTS AND PROPORTIONS FOR THE LATENT CLASSES
BASED ON THE ESTIMATED MODEL

    Latent
   Classes

       1        443.66507          0.21888
       2       1583.33493          0.78112


FINAL CLASS COUNTS AND PROPORTIONS FOR THE LATENT CLASSES
BASED ON ESTIMATED POSTERIOR PROBABILITIES

    Latent
   Classes

       1        443.66507          0.21888
       2       1583.33493          0.78112


FINAL CLASS COUNTS AND PROPORTIONS FOR THE LATENT CLASSES
BASED ON THEIR MOST LIKELY LATENT CLASS MEMBERSHIP

Class Counts and Proportions

    Latent
   Classes

       1              391          0.19290
       2             1636          0.80710


CLASSIFICATION QUALITY

     Entropy                         0.659


Average Latent Class Probabilities for Most Likely Latent Class Membership (Row)
by Latent Class (Column)

           1        2

    1   0.834    0.166
    2   0.072    0.928


Classification Probabilities for the Most Likely Latent Class Membership (Column)
by Latent Class (Row)

           1        2

    1   0.735    0.265
    2   0.041    0.959


Logits for the Classification Probabilities for the Most Likely Latent Class Membership (Column)
by Latent Class (Row)

              1        2

    1      1.018    0.000
    2     -3.150    0.000


MODEL RESULTS

                                                    Two-Tailed
                    Estimate       S.E.  Est./S.E.    P-Value

Latent Class 1

 Thresholds
    REPORT_D$1         1.553      0.233      6.671      0.000
    REPORT_R$1         0.414      0.268      1.547      0.122
    REPORT_S$1        -0.476      0.330     -1.442      0.149
    COUNSELO$1        -0.627      0.144     -4.354      0.000
    PSYCH_FT$1        -1.009      0.152     -6.629      0.000
    LAW_FTE$1          0.879      0.157      5.603      0.000

Latent Class 2

 Thresholds
    REPORT_D$1         5.266      0.620      8.493      0.000
    REPORT_R$1         3.912      0.346     11.314      0.000
    REPORT_S$1         3.087      0.289     10.667      0.000
    COUNSELO$1         0.385      0.082      4.699      0.000
    PSYCH_FT$1         0.403      0.089      4.539      0.000
    LAW_FTE$1          2.472      0.212     11.682      0.000

Categorical Latent Variables

 Means
    C#1               -1.272      0.227     -5.605      0.000


QUALITY OF NUMERICAL RESULTS

     Condition Number for the Information Matrix              0.687E-02
       (ratio of smallest to largest eigenvalue)


RESULTS IN PROBABILITY SCALE

                                                    Two-Tailed
                    Estimate       S.E.  Est./S.E.    P-Value

Latent Class 1

 REPORT_DIS
    Category 1         0.825      0.034     24.598      0.000
    Category 2         0.175      0.034      5.203      0.000
 REPORT_RAC
    Category 1         0.602      0.064      9.385      0.000
    Category 2         0.398      0.064      6.201      0.000
 REPORT_SEX
    Category 1         0.383      0.078      4.918      0.000
    Category 2         0.617      0.078      7.912      0.000
 COUNSELORS
    Category 1         0.348      0.033     10.644      0.000
    Category 2         0.652      0.033     19.935      0.000
 PSYCH_FTE
    Category 1         0.267      0.030      8.964      0.000
    Category 2         0.733      0.030     24.590      0.000
 LAW_FTE
    Category 1         0.707      0.033     21.724      0.000
    Category 2         0.293      0.033      9.018      0.000

Latent Class 2

 REPORT_DIS
    Category 1         0.995      0.003    313.802      0.000
    Category 2         0.005      0.003      1.621      0.105
 REPORT_RAC
    Category 1         0.980      0.007    147.535      0.000
    Category 2         0.020      0.007      2.950      0.003
 REPORT_SEX
    Category 1         0.956      0.012     79.166      0.000
    Category 2         0.044      0.012      3.613      0.000
 COUNSELORS
    Category 1         0.595      0.020     30.132      0.000
    Category 2         0.405      0.020     20.500      0.000
 PSYCH_FTE
    Category 1         0.599      0.021     28.138      0.000
    Category 2         0.401      0.021     18.813      0.000
 LAW_FTE
    Category 1         0.922      0.015     60.704      0.000
    Category 2         0.078      0.015      5.125      0.000


LATENT CLASS INDICATOR ODDS RATIOS FOR THE LATENT CLASSES

                                                95% C.I.
                    Estimate       S.E.  Lower 2.5% Upper 2.5%

Latent Class 1 Compared to Latent Class 2

 REPORT_D
    Category > 1      40.941     25.188     12.260    136.723
 REPORT_R
    Category > 1      33.047     12.037     16.184     67.480
 REPORT_S
    Category > 1      35.250     11.581     18.514     67.114
 COUNSELO
    Category > 1       2.753      0.523      1.897      3.995
 PSYCH_FT
    Category > 1       4.103      0.765      2.847      5.912
 LAW_FTE
    Category > 1       4.917      1.533      2.668      9.061


RESIDUAL OUTPUT


     UNIVARIATE DISTRIBUTION FIT FOR CLASS 1

     Variable          Observed      Estimated      Residual (Obs.-Est.)    Stand. Residual
     REPORT_D
       Category 1        0.825          0.825                  0.000                0.000
       Category 2        0.175          0.175                  0.000                0.000
     REPORT_R
       Category 1        0.602          0.602                  0.000                0.000
       Category 2        0.398          0.398                  0.000                0.000
     REPORT_S
       Category 1        0.383          0.383                  0.000                0.000
       Category 2        0.617          0.617                  0.000                0.000
     COUNSELO
       Category 1        0.348          0.348                  0.000                0.000
       Category 2        0.652          0.652                  0.000                0.000
     PSYCH_FT
       Category 1        0.267          0.267                  0.000                0.000
       Category 2        0.733          0.733                  0.000                0.000
     LAW_FTE
       Category 1        0.707          0.707                  0.000                0.000
       Category 2        0.293          0.293                  0.000                0.000


     BIVARIATE DISTRIBUTIONS FIT FOR CLASS 1

     Variable       Variable          Observed     Estimated    Residual (Obs.-Est.)  Stand. Residual
     REPORT_D       REPORT_R
       Category 1     Category 1        0.545       0.497             0.048            2.011
       Category 1     Category 2        0.281       0.328            -0.048           -2.141
       Category 2     Category 1        0.057       0.105            -0.048           -3.279
       Category 2     Category 2        0.117       0.069             0.048            3.956
     REPORT_D       REPORT_S
       Category 1     Category 1        0.308       0.316            -0.009           -0.386
       Category 1     Category 2        0.518       0.509             0.009            0.359
       Category 2     Category 1        0.075       0.067             0.009            0.718
       Category 2     Category 2        0.099       0.108            -0.009           -0.579
     REPORT_D       COUNSELO
       Category 1     Category 1        0.277       0.287            -0.011           -0.493
       Category 1     Category 2        0.548       0.538             0.010            0.423
       Category 2     Category 1        0.072       0.061             0.011            0.962
       Category 2     Category 2        0.103       0.114            -0.010           -0.685
     REPORT_D       PSYCH_FT
       Category 1     Category 1        0.216       0.221            -0.004           -0.217
       Category 1     Category 2        0.609       0.605             0.004            0.156
       Category 2     Category 1        0.046       0.047             0.000           -0.022
       Category 2     Category 2        0.129       0.128             0.001            0.056
     REPORT_D       LAW_FTE
       Category 1     Category 1        0.581       0.583            -0.003           -0.118
       Category 1     Category 2        0.244       0.242             0.002            0.107
       Category 2     Category 1        0.125       0.123             0.002            0.124
       Category 2     Category 2        0.050       0.051            -0.001           -0.129
     REPORT_R       REPORT_S
       Category 1     Category 1        0.254       0.231             0.023            1.145
       Category 1     Category 2        0.348       0.371            -0.023           -0.999
       Category 2     Category 1        0.130       0.152            -0.023           -1.343
       Category 2     Category 2        0.268       0.245             0.023            1.122
     REPORT_R       COUNSELO
       Category 1     Category 1        0.164       0.210            -0.046           -2.372
       Category 1     Category 2        0.437       0.393             0.045            1.920
       Category 2     Category 1        0.185       0.138             0.046            2.814
       Category 2     Category 2        0.215       0.259            -0.045           -2.154
     REPORT_R       PSYCH_FT
       Category 1     Category 1        0.137       0.161            -0.024           -1.363
       Category 1     Category 2        0.464       0.441             0.022            0.945
       Category 2     Category 1        0.126       0.106             0.019            1.317
       Category 2     Category 2        0.274       0.292            -0.018           -0.824
     REPORT_R       LAW_FTE
       Category 1     Category 1        0.412       0.426            -0.013           -0.570
       Category 1     Category 2        0.189       0.177             0.012            0.665
       Category 2     Category 1        0.294       0.281             0.013            0.588
       Category 2     Category 2        0.105       0.117            -0.011           -0.737
     REPORT_S       COUNSELO
       Category 1     Category 1        0.133       0.133             0.000           -0.007
       Category 1     Category 2        0.248       0.250            -0.002           -0.095
       Category 2     Category 1        0.215       0.215             0.000            0.022
       Category 2     Category 2        0.404       0.402             0.002            0.070
     REPORT_S       PSYCH_FT
       Category 1     Category 1        0.096       0.102            -0.006           -0.446
       Category 1     Category 2        0.285       0.281             0.004            0.192
       Category 2     Category 1        0.167       0.165             0.002            0.109
       Category 2     Category 2        0.452       0.452             0.000            0.017
     REPORT_S       LAW_FTE
       Category 1     Category 1        0.261       0.271            -0.010           -0.489
       Category 1     Category 2        0.121       0.112             0.008            0.552
       Category 2     Category 1        0.445       0.436             0.010            0.404
       Category 2     Category 2        0.173       0.181            -0.007           -0.408
     COUNSELO       PSYCH_FT
       Category 1     Category 1        0.104       0.093             0.011            0.833
       Category 1     Category 2        0.244       0.255            -0.011           -0.547
       Category 2     Category 1        0.163       0.174            -0.011           -0.638
       Category 2     Category 2        0.489       0.478             0.011            0.478
     COUNSELO       LAW_FTE
       Category 1     Category 1        0.286       0.246             0.040            1.947
       Category 1     Category 2        0.062       0.102            -0.040           -2.770
       Category 2     Category 1        0.421       0.461            -0.040           -1.682
       Category 2     Category 2        0.231       0.191             0.040            2.132
     PSYCH_FT       LAW_FTE
       Category 1     Category 1        0.208       0.189             0.019            1.043
       Category 1     Category 2        0.059       0.078            -0.019           -1.519
       Category 2     Category 1        0.498       0.518            -0.020           -0.823
       Category 2     Category 2        0.234       0.215             0.020            1.000


     UNIVARIATE DISTRIBUTION FIT FOR CLASS 2

     Variable          Observed      Estimated      Residual (Obs.-Est.)    Stand. Residual
     REPORT_D
       Category 1        0.995          0.995                  0.000                0.000
       Category 2        0.005          0.005                  0.000                0.000
     REPORT_R
       Category 1        0.980          0.980                  0.000                0.000
       Category 2        0.020          0.020                  0.000                0.000
     REPORT_S
       Category 1        0.956          0.956                  0.000                0.000
       Category 2        0.044          0.044                  0.000                0.000
     COUNSELO
       Category 1        0.595          0.595                  0.000                0.000
       Category 2        0.405          0.405                  0.000                0.000
     PSYCH_FT
       Category 1        0.599          0.599                  0.000                0.000
       Category 2        0.401          0.401                  0.000                0.000
     LAW_FTE
       Category 1        0.922          0.922                  0.000                0.000
       Category 2        0.078          0.078                  0.000                0.000


     BIVARIATE DISTRIBUTIONS FIT FOR CLASS 2

     Variable       Variable          Observed     Estimated    Residual (Obs.-Est.)  Stand. Residual
     REPORT_D       REPORT_R
       Category 1     Category 1        0.975       0.975             0.000            0.026
       Category 1     Category 2        0.019       0.020             0.000           -0.029
       Category 2     Category 1        0.005       0.005             0.000           -0.057
       Category 2     Category 2        0.000       0.000             0.000            0.405
     REPORT_D       REPORT_S
       Category 1     Category 1        0.951       0.951             0.000           -0.009
       Category 1     Category 2        0.043       0.043             0.000            0.009
       Category 2     Category 1        0.005       0.005             0.000            0.027
       Category 2     Category 2        0.000       0.000             0.000           -0.125
     REPORT_D       COUNSELO
       Category 1     Category 1        0.593       0.592             0.001            0.077
       Category 1     Category 2        0.402       0.403            -0.001           -0.084
       Category 2     Category 1        0.002       0.003            -0.001           -0.562
       Category 2     Category 2        0.003       0.002             0.001            0.756
     REPORT_D       PSYCH_FT
       Category 1     Category 1        0.589       0.596            -0.008           -0.616
       Category 1     Category 2        0.406       0.399             0.008            0.610
       Category 2     Category 1        0.004       0.003             0.001            0.888
       Category 2     Category 2        0.001       0.002            -0.001           -1.002
     REPORT_D       LAW_FTE
       Category 1     Category 1        0.916       0.917            -0.001           -0.187
       Category 1     Category 2        0.079       0.077             0.001            0.180
       Category 2     Category 1        0.005       0.005             0.000            0.249
       Category 2     Category 2        0.000       0.000             0.000           -0.686
     REPORT_R       REPORT_S
       Category 1     Category 1        0.938       0.938             0.000            0.039
       Category 1     Category 2        0.043       0.043             0.000           -0.046
       Category 2     Category 1        0.019       0.019             0.000           -0.069
       Category 2     Category 2        0.001       0.001             0.000            0.320
     REPORT_R       COUNSELO
       Category 1     Category 1        0.580       0.583            -0.003           -0.248
       Category 1     Category 2        0.400       0.397             0.003            0.223
       Category 2     Category 1        0.015       0.012             0.003            1.199
       Category 2     Category 2        0.005       0.008            -0.003           -1.305
     REPORT_R       PSYCH_FT
       Category 1     Category 1        0.581       0.588            -0.007           -0.560
       Category 1     Category 2        0.399       0.393             0.007            0.534
       Category 2     Category 1        0.012       0.012             0.001            0.207
       Category 2     Category 2        0.008       0.008             0.000           -0.089
     REPORT_R       LAW_FTE
       Category 1     Category 1        0.902       0.904            -0.002           -0.222
       Category 1     Category 2        0.078       0.076             0.001            0.198
       Category 2     Category 1        0.019       0.018             0.001            0.234
       Category 2     Category 2        0.001       0.002             0.000           -0.465
     REPORT_S       COUNSELO
       Category 1     Category 1        0.568       0.569            -0.002           -0.124
       Category 1     Category 2        0.388       0.387             0.001            0.067
       Category 2     Category 1        0.028       0.026             0.002            0.429
       Category 2     Category 2        0.017       0.018            -0.001           -0.298
     REPORT_S       PSYCH_FT
       Category 1     Category 1        0.568       0.573            -0.006           -0.445
       Category 1     Category 2        0.388       0.383             0.005            0.387
       Category 2     Category 1        0.025       0.026            -0.001           -0.206
       Category 2     Category 2        0.019       0.017             0.002            0.496
     REPORT_S       LAW_FTE
       Category 1     Category 1        0.879       0.882            -0.003           -0.312
       Category 1     Category 2        0.076       0.074             0.002            0.274
       Category 2     Category 1        0.042       0.040             0.002            0.338
       Category 2     Category 2        0.002       0.003            -0.001           -0.644
     COUNSELO       PSYCH_FT
       Category 1     Category 1        0.379       0.357             0.022            1.828
       Category 1     Category 2        0.218       0.238            -0.021           -1.955
       Category 2     Category 1        0.221       0.243            -0.022           -2.043
       Category 2     Category 2        0.183       0.162             0.021            2.259
     COUNSELO       LAW_FTE
       Category 1     Category 1        0.567       0.549             0.018            1.474
       Category 1     Category 2        0.028       0.046            -0.018           -3.490
       Category 2     Category 1        0.355       0.373            -0.018           -1.517
       Category 2     Category 2        0.050       0.032             0.018            4.199
     PSYCH_FT       LAW_FTE
       Category 1     Category 1        0.570       0.553             0.017            1.370
       Category 1     Category 2        0.030       0.047            -0.017           -3.231
       Category 2     Category 1        0.352       0.369            -0.017           -1.423
       Category 2     Category 2        0.048       0.031             0.017            3.951


TECHNICAL 11 OUTPUT

     Random Starts Specifications for the k-1 Class Analysis Model
        Number of initial stage random starts                 200
        Number of final stage optimizations                   100



     VUONG-LO-MENDELL-RUBIN LIKELIHOOD RATIO TEST FOR 1 (H0) VERSUS 2 CLASSES

          H0 Loglikelihood Value                        -5443.409
          2 Times the Loglikelihood Difference            498.546
          Difference in the Number of Parameters                7
          Mean                                             13.822
          Standard Deviation                               13.632
          P-Value                                          0.0000

     LO-MENDELL-RUBIN ADJUSTED LRT TEST

          Value                                           489.365
          P-Value                                          0.0000


TECHNICAL 14 OUTPUT

     Random Starts Specifications for the k-1 Class Analysis Model
        Number of initial stage random starts                 200
        Number of final stage optimizations                   100

     Random Starts Specification for the k-1 Class Model for Generated Data
        Number of initial stage random starts                   0
        Number of final stage optimizations for the
           initial stage random starts                          0
     Random Starts Specification for the k Class Model for Generated Data
        Number of initial stage random starts                  40
        Number of final stage optimizations                     8
     Number of bootstrap draws requested                   Varies


     PARAMETRIC BOOTSTRAPPED LIKELIHOOD RATIO TEST FOR 1 (H0) VERSUS 2 CLASSES

          H0 Loglikelihood Value                        -5443.409
          2 Times the Loglikelihood Difference            498.546
          Difference in the Number of Parameters                7
          Approximate P-Value                              0.0000
          Successful Bootstrap Draws                            5

     WARNING:  OF THE 5 BOOTSTRAP DRAWS, 4 DRAWS HAD BOTH A SMALLER LRT VALUE THAN THE
     OBSERVED LRT VALUE AND NOT A REPLICATED BEST LOGLIKELIHOOD VALUE FOR THE 2-CLASS MODEL.
     THIS MEANS THAT THE P-VALUE MAY NOT BE TRUSTWORTHY DUE TO LOCAL MAXIMA.
     INCREASE THE NUMBER OF RANDOM STARTS USING THE LRTSTARTS OPTION.



PLOT INFORMATION

The following plots are available:

  Histograms (sample values)
  Scatterplots (sample values)
  Sample proportions and estimated probabilities

     Beginning Time:  14:08:55
        Ending Time:  14:08:57
       Elapsed Time:  00:00:02



MUTHEN & MUTHEN
3463 Stoner Ave.
Los Angeles, CA  90066

Tel: (310) 391-9971
Fax: (310) 391-8971
Web: www.StatModel.com
Support: Support@StatModel.com

Copyright (c) 1998-2021 Muthen & Muthen
