Mplus VERSION 8.6 (Mac)
MUTHEN & MUTHEN
09/17/2023   1:57 PM

INPUT INSTRUCTIONS

  TITLE:
  3-Class
  DATA:
  FILE = "/Users/agarber/github/Intro_to_LCA/enum/bully.dat";

  VARIABLE:
  NAMES = report_dis report_race report_sex counselors_fte psych_fte law_fte;
   MISSING=.;
   categorical = report_dis-law_fte;
  usevar = report_dis-law_fte;
  classes = c(3);
  ANALYSIS:
  estimator = mlr;
      type = mixture;
      starts = 200 100;
      processors = 10;
  OUTPUT:
  sampstat residual tech11 tech14;
  PLOT:
  type = plot3;
      series = report_dis-law_fte(*);



*** WARNING in VARIABLE command
  Note that only the first 8 characters of variable names are used in the output.
  Shorten variable names to avoid any confusion.
*** WARNING in PLOT command
  Note that only the first 8 characters of variable names are used in plots.
  If variable names are not unique within the first 8 characters, problems
  may occur.
*** WARNING in OUTPUT command
  SAMPSTAT option is not available when all outcomes are censored, ordered
  categorical, unordered categorical (nominal), count or continuous-time
  survival variables.  Request for SAMPSTAT is ignored.
   3 WARNING(S) FOUND IN THE INPUT INSTRUCTIONS




3-Class

SUMMARY OF ANALYSIS

Number of groups                                                 1
Number of observations                                        2027

Number of dependent variables                                    6
Number of independent variables                                  0
Number of continuous latent variables                            0
Number of categorical latent variables                           1

Observed dependent variables

  Binary and ordered categorical (ordinal)
   REPORT_D    REPORT_R    REPORT_S    COUNSELO    PSYCH_FT    LAW_FTE

Categorical latent variables
   C


Estimator                                                      MLR
Information matrix                                        OBSERVED
Optimization Specifications for the Quasi-Newton Algorithm for
Continuous Outcomes
  Maximum number of iterations                                 100
  Convergence criterion                                  0.100D-05
Optimization Specifications for the EM Algorithm
  Maximum number of iterations                                 500
  Convergence criteria
    Loglikelihood change                                 0.100D-06
    Relative loglikelihood change                        0.100D-06
    Derivative                                           0.100D-05
Optimization Specifications for the M step of the EM Algorithm for
Categorical Latent variables
  Number of M step iterations                                    1
  M step convergence criterion                           0.100D-05
  Basis for M step termination                           ITERATION
Optimization Specifications for the M step of the EM Algorithm for
Censored, Binary or Ordered Categorical (Ordinal), Unordered
Categorical (Nominal) and Count Outcomes
  Number of M step iterations                                    1
  M step convergence criterion                           0.100D-05
  Basis for M step termination                           ITERATION
  Maximum value for logit thresholds                            15
  Minimum value for logit thresholds                           -15
  Minimum expected cell size for chi-square              0.100D-01
Maximum number of iterations for H1                           2000
Convergence criterion for H1                             0.100D-03
Optimization algorithm                                         EMA
Random Starts Specifications
  Number of initial stage random starts                        200
  Number of final stage optimizations                          100
  Number of initial stage iterations                            10
  Initial stage convergence criterion                    0.100D+01
  Random starts scale                                    0.500D+01
  Random seed for generating random starts                       0
Link                                                         LOGIT

Input data file(s)
  /Users/agarber/github/Intro_to_LCA/enum/bully.dat
Input data format  FREE


SUMMARY OF DATA

     Number of missing data patterns             4
     Number of y missing data patterns           0
     Number of u missing data patterns           4


COVARIANCE COVERAGE OF DATA

Minimum covariance coverage value   0.100


     PROPORTION OF DATA PRESENT FOR U


           Covariance Coverage
              REPORT_D      REPORT_R      REPORT_S      COUNSELO      PSYCH_FT
              ________      ________      ________      ________      ________
 REPORT_D       0.987
 REPORT_R       0.987         0.987
 REPORT_S       0.987         0.987         0.987
 COUNSELO       0.973         0.973         0.973         0.987
 PSYCH_FT       0.972         0.972         0.972         0.985         0.985
 LAW_FTE        0.973         0.973         0.973         0.987         0.985


           Covariance Coverage
              LAW_FTE
              ________
 LAW_FTE        0.987


UNIVARIATE PROPORTIONS AND COUNTS FOR CATEGORICAL VARIABLES

    REPORT_D
      Category 1    0.958         1915.000
      Category 2    0.043           85.000
    REPORT_R
      Category 1    0.897         1794.000
      Category 2    0.103          206.000
    REPORT_S
      Category 1    0.830         1660.000
      Category 2    0.170          340.000
    COUNSELO
      Category 1    0.540         1081.000
      Category 2    0.460          919.000
    PSYCH_FT
      Category 1    0.526         1050.000
      Category 2    0.474          947.000
    LAW_FTE
      Category 1    0.875         1749.000
      Category 2    0.126          251.000


RANDOM STARTS RESULTS RANKED FROM THE BEST TO THE WORST LOGLIKELIHOOD VALUES

Final stage loglikelihood values at local maxima, seeds, and initial stage start numbers:

           -5122.478  802779           122
           -5122.478  432148           30
           -5122.478  533738           11
           -5122.478  939709           112
           -5122.478  131856           90
           -5122.478  695155           150
           -5122.478  544048           87
           -5122.478  268896           124
           -5122.478  303634           169
           -5122.478  318230           46
           -5122.478  437181           135
           -5122.478  475420           71
           -5122.478  813779           92
           -5122.478  120506           45
           -5122.478  232559           136
           -5122.478  70118            104
           -5122.478  603842           61
           -5122.478  354208           196
           -5122.478  887676           22
           -5122.478  93468            3
           -5122.478  784664           75
           -5122.478  570908           98
           -5122.478  728038           177
           -5122.478  366706           29
           -5122.478  464179           106
           -5122.478  100874           108
           -5122.478  609185           181
           -5122.478  383986           159
           -5122.478  608496           4
           -5122.478  263268           165
           -5122.478  443917           60
           -5122.478  164305           128
           -5122.478  392418           28
           -5122.478  972873           157
           -5122.478  902278           21
           -5122.478  484501           163
           -5122.478  931874           141
           -5122.478  373505           88
           -5122.478  636396           168
           -5122.478  319144           176
           -5122.478  76974            16
           -5122.478  467339           66
           -5122.478  783110           72
           -5122.478  606576           151
           -5122.478  913639           162
           -5122.478  741888           138
           -5122.478  414284           158
           -5122.478  207896           25
           -5122.478  40340            188
           -5122.478  967902           52
           -5122.478  856536           144
           -5122.478  85462            51
           -5122.478  848331           137
           -5122.478  458181           189
           -5122.478  152496           123
           -5122.478  399671           13
           -5122.478  21345            199
           -5122.478  576220           115
           -5122.478  789985           67
           -5122.478  751054           117
           -5122.478  246261           38
           -5122.478  253358           2
           -5122.478  587946           120
           -5122.478  782200           84
           -5122.478  568859           49
           -5122.478  987090           70
           -5122.478  352277           42
           -5122.478  466971           109
           -5122.478  573096           20
           -5122.478  259507           53
           -5122.478  422103           62
           -5122.478  417035           149
           -5122.478  168762           200
           -5122.478  285380           1
           -5122.478  754100           56
           -5122.478  402224           91
           -5122.478  227563           63
           -5122.478  124999           96
           -5122.478  286735           175
           -5122.478  635245           121
           -5123.945  794236           127
           -5123.945  165853           105
           -5123.945  496881           192
           -5123.945  150531           154
           -5123.945  440841           118
           -5123.945  12477            155
           -5123.945  372176           23
           -5123.945  830392           35
           -5123.945  967237           48
           -5123.945  284109           82
           -5123.979  717754           180
           -5123.979  928287           197
           -5123.979  939021           8

7 perturbed starting value run(s) did not converge or were rejected in the third stage.



THE BEST LOGLIKELIHOOD VALUE HAS BEEN REPLICATED.  RERUN WITH AT LEAST TWICE THE
RANDOM STARTS TO CHECK THAT THE BEST LOGLIKELIHOOD IS STILL OBTAINED AND REPLICATED.

     IN THE OPTIMIZATION, ONE OR MORE LOGIT THRESHOLDS APPROACHED EXTREME VALUES
     OF -15.000 AND 15.000 AND WERE FIXED TO STABILIZE MODEL ESTIMATION.  THESE
     VALUES IMPLY PROBABILITIES OF 0 AND 1.  IN THE MODEL RESULTS SECTION, THESE
     PARAMETERS HAVE 0 STANDARD ERRORS AND 999 IN THE Z-SCORE AND P-VALUE COLUMNS.




THE MODEL ESTIMATION TERMINATED NORMALLY



MODEL FIT INFORMATION

Number of Free Parameters                       20

Loglikelihood

          H0 Value                       -5122.478
          H0 Scaling Correction Factor      1.0169
            for MLR

Information Criteria

          Akaike (AIC)                   10284.955
          Bayesian (BIC)                 10397.241
          Sample-Size Adjusted BIC       10333.700
            (n* = (n + 2) / 24)

Chi-Square Test of Model Fit for the Binary and Ordered Categorical
(Ordinal) Outcomes

          Pearson Chi-Square

          Value                             69.831
          Degrees of Freedom                    43
          P-Value                           0.0060

          Likelihood Ratio Chi-Square

          Value                             75.756
          Degrees of Freedom                    43
          P-Value                           0.0015

Chi-Square Test for MCAR under the Unrestricted Latent Class Indicator Model

          Pearson Chi-Square

          Value                             42.095
          Degrees of Freedom                    45
          P-Value                           0.5958

          Likelihood Ratio Chi-Square

          Value                             57.954
          Degrees of Freedom                    45
          P-Value                           0.0931



FINAL CLASS COUNTS AND PROPORTIONS FOR THE LATENT CLASSES
BASED ON THE ESTIMATED MODEL

    Latent
   Classes

       1        505.55256          0.24941
       2        215.53097          0.10633
       3       1305.91647          0.64426


FINAL CLASS COUNTS AND PROPORTIONS FOR THE LATENT CLASSES
BASED ON ESTIMATED POSTERIOR PROBABILITIES

    Latent
   Classes

       1        505.55256          0.24941
       2        215.53097          0.10633
       3       1305.91647          0.64426


FINAL CLASS COUNTS AND PROPORTIONS FOR THE LATENT CLASSES
BASED ON THEIR MOST LIKELY LATENT CLASS MEMBERSHIP

Class Counts and Proportions

    Latent
   Classes

       1              572          0.28219
       2              193          0.09521
       3             1262          0.62259


CLASSIFICATION QUALITY

     Entropy                         0.635


Average Latent Class Probabilities for Most Likely Latent Class Membership (Row)
by Latent Class (Column)

           1        2        3

    1   0.675    0.041    0.284
    2   0.012    0.904    0.084
    3   0.093    0.014    0.893


Classification Probabilities for the Most Likely Latent Class Membership (Column)
by Latent Class (Row)

           1        2        3

    1   0.764    0.005    0.232
    2   0.108    0.810    0.082
    3   0.125    0.012    0.863


Logits for the Classification Probabilities for the Most Likely Latent Class Membership (Column)
by Latent Class (Row)

              1        2        3

    1      1.192   -3.911    0.000
    2      0.280    2.292    0.000
    3     -1.936   -4.247    0.000


MODEL RESULTS

                                                    Two-Tailed
                    Estimate       S.E.  Est./S.E.    P-Value

Latent Class 1

 Thresholds
    REPORT_D$1         4.062      0.723      5.620      0.000
    REPORT_R$1        15.000      0.000    999.000    999.000
    REPORT_S$1         1.090      0.188      5.786      0.000
    COUNSELO$1        -1.253      0.296     -4.236      0.000
    PSYCH_FT$1        -1.215      0.251     -4.845      0.000
    LAW_FTE$1          0.662      0.173      3.833      0.000

Latent Class 2

 Thresholds
    REPORT_D$1         0.841      0.176      4.770      0.000
    REPORT_R$1        -1.436      0.476     -3.017      0.003
    REPORT_S$1        -0.786      0.213     -3.680      0.000
    COUNSELO$1        -0.176      0.169     -1.041      0.298
    PSYCH_FT$1        -0.762      0.175     -4.361      0.000
    LAW_FTE$1          1.036      0.192      5.408      0.000

Latent Class 3

 Thresholds
    REPORT_D$1         4.659      0.421     11.079      0.000
    REPORT_R$1         3.630      0.312     11.639      0.000
    REPORT_S$1         2.906      0.214     13.594      0.000
    COUNSELO$1         0.746      0.098      7.584      0.000
    PSYCH_FT$1         0.735      0.108      6.803      0.000
    LAW_FTE$1          3.929      0.657      5.981      0.000

Categorical Latent Variables

 Means
    C#1               -0.949      0.226     -4.194      0.000
    C#2               -1.802      0.153    -11.777      0.000


QUALITY OF NUMERICAL RESULTS

     Condition Number for the Information Matrix              0.356E-02
       (ratio of smallest to largest eigenvalue)


RESULTS IN PROBABILITY SCALE

                                                    Two-Tailed
                    Estimate       S.E.  Est./S.E.    P-Value

Latent Class 1

 REPORT_DIS
    Category 1         0.983      0.012     81.767      0.000
    Category 2         0.017      0.012      1.407      0.159
 REPORT_RAC
    Category 1         1.000      0.000      0.000      1.000
    Category 2         0.000      0.000      0.000      1.000
 REPORT_SEX
    Category 1         0.748      0.035     21.096      0.000
    Category 2         0.252      0.035      7.093      0.000
 COUNSELORS
    Category 1         0.222      0.051      4.344      0.000
    Category 2         0.778      0.051     15.215      0.000
 PSYCH_FTE
    Category 1         0.229      0.044      5.171      0.000
    Category 2         0.771      0.044     17.428      0.000
 LAW_FTE
    Category 1         0.660      0.039     17.008      0.000
    Category 2         0.340      0.039      8.769      0.000

Latent Class 2

 REPORT_DIS
    Category 1         0.699      0.037     18.818      0.000
    Category 2         0.301      0.037      8.112      0.000
 REPORT_RAC
    Category 1         0.192      0.074      2.600      0.009
    Category 2         0.808      0.074     10.935      0.000
 REPORT_SEX
    Category 1         0.313      0.046      6.821      0.000
    Category 2         0.687      0.046     14.963      0.000
 COUNSELORS
    Category 1         0.456      0.042     10.881      0.000
    Category 2         0.544      0.042     12.973      0.000
 PSYCH_FTE
    Category 1         0.318      0.038      8.393      0.000
    Category 2         0.682      0.038     17.983      0.000
 LAW_FTE
    Category 1         0.738      0.037     19.926      0.000
    Category 2         0.262      0.037      7.068      0.000

Latent Class 3

 REPORT_DIS
    Category 1         0.991      0.004    253.261      0.000
    Category 2         0.009      0.004      2.401      0.016
 REPORT_RAC
    Category 1         0.974      0.008    124.102      0.000
    Category 2         0.026      0.008      3.292      0.001
 REPORT_SEX
    Category 1         0.948      0.011     90.202      0.000
    Category 2         0.052      0.011      4.934      0.000
 COUNSELORS
    Category 1         0.678      0.021     31.603      0.000
    Category 2         0.322      0.021     14.990      0.000
 PSYCH_FTE
    Category 1         0.676      0.024     28.557      0.000
    Category 2         0.324      0.024     13.694      0.000
 LAW_FTE
    Category 1         0.981      0.012     78.917      0.000
    Category 2         0.019      0.012      1.552      0.121


LATENT CLASS INDICATOR ODDS RATIOS FOR THE LATENT CLASSES

                                                95% C.I.
                    Estimate       S.E.  Lower 2.5% Upper 2.5%

Latent Class 1 Compared to Latent Class 2

 REPORT_D
    Category > 1       0.040      0.030      0.009      0.173
 REPORT_R
    Category > 1       0.000      0.000      0.000      0.000
 REPORT_S
    Category > 1       0.153      0.043      0.088      0.266
 COUNSELO
    Category > 1       2.937      1.017      1.490      5.790
 PSYCH_FT
    Category > 1       1.573      0.487      0.857      2.886
 LAW_FTE
    Category > 1       1.453      0.381      0.869      2.430

Latent Class 1 Compared to Latent Class 3

 REPORT_D
    Category > 1       1.816      1.727      0.281     11.713
 REPORT_R
    Category > 1       0.000      0.000      0.000      0.000
 REPORT_S
    Category > 1       6.147      1.694      3.582     10.548
 COUNSELO
    Category > 1       7.384      2.163      4.159     13.109
 PSYCH_FT
    Category > 1       7.029      1.786      4.272     11.565
 LAW_FTE
    Category > 1      26.211     16.764      7.483     91.811

Latent Class 2 Compared to Latent Class 3

 REPORT_D
    Category > 1      45.478     20.499     18.798    110.023
 REPORT_R
    Category > 1     158.544     88.210     53.278    471.789
 REPORT_S
    Category > 1      40.100     11.524     22.831     70.431
 COUNSELO
    Category > 1       2.514      0.496      1.708      3.701
 PSYCH_FT
    Category > 1       4.468      0.914      2.993      6.671
 LAW_FTE
    Category > 1      18.033     12.287      4.743     68.555


RESIDUAL OUTPUT


     UNIVARIATE DISTRIBUTION FIT FOR CLASS 1

     Variable          Observed      Estimated      Residual (Obs.-Est.)    Stand. Residual
     REPORT_D
       Category 1        0.983          0.983                  0.000                0.000
       Category 2        0.017          0.017                  0.000                0.000
     REPORT_R
       Category 1        1.000          1.000                  0.000               -0.006
       Category 2        0.000          0.000                  0.000                0.006
     REPORT_S
       Category 1        0.748          0.748                  0.000                0.000
       Category 2        0.252          0.252                  0.000                0.000
     COUNSELO
       Category 1        0.222          0.222                  0.000                0.000
       Category 2        0.778          0.778                  0.000                0.000
     PSYCH_FT
       Category 1        0.229          0.229                  0.000                0.000
       Category 2        0.771          0.771                  0.000                0.000
     LAW_FTE
       Category 1        0.660          0.660                  0.000                0.000
       Category 2        0.340          0.340                  0.000                0.000


     BIVARIATE DISTRIBUTIONS FIT FOR CLASS 1

     Variable       Variable          Observed     Estimated    Residual (Obs.-Est.)  Stand. Residual
     REPORT_D       REPORT_R
       Category 1     Category 1        0.983       0.983             0.000            0.000
       Category 1     Category 2        0.000       0.000             0.000            0.006
       Category 2     Category 1        0.017       0.017             0.000            0.000
       Category 2     Category 2        0.000       0.000             0.000            0.000
     REPORT_D       REPORT_S
       Category 1     Category 1        0.736       0.736             0.000            0.021
       Category 1     Category 2        0.247       0.247             0.000           -0.021
       Category 2     Category 1        0.012       0.013             0.000           -0.082
       Category 2     Category 2        0.005       0.004             0.000            0.142
     REPORT_D       COUNSELO
       Category 1     Category 1        0.221       0.218             0.002            0.136
       Category 1     Category 2        0.762       0.765            -0.003           -0.144
       Category 2     Category 1        0.002       0.004            -0.002           -0.746
       Category 2     Category 2        0.015       0.013             0.002            0.443
     REPORT_D       PSYCH_FT
       Category 1     Category 1        0.220       0.225            -0.005           -0.282
       Category 1     Category 2        0.763       0.758             0.005            0.261
       Category 2     Category 1        0.005       0.004             0.001            0.282
       Category 2     Category 2        0.013       0.013            -0.001           -0.104
     REPORT_D       LAW_FTE
       Category 1     Category 1        0.647       0.649            -0.002           -0.085
       Category 1     Category 2        0.336       0.334             0.002            0.076
       Category 2     Category 1        0.012       0.011             0.001            0.256
       Category 2     Category 2        0.005       0.006            -0.001           -0.290
     REPORT_R       REPORT_S
       Category 1     Category 1        0.748       0.748             0.000            0.000
       Category 1     Category 2        0.252       0.252             0.000            0.000
       Category 2     Category 1        0.000       0.000             0.000            0.004
       Category 2     Category 2        0.000       0.000             0.000            0.002
     REPORT_R       COUNSELO
       Category 1     Category 1        0.223       0.222             0.000            0.025
       Category 1     Category 2        0.777       0.778             0.000           -0.025
       Category 2     Category 1        0.000       0.000             0.000            0.002
       Category 2     Category 2        0.000       0.000             0.000            0.004
     REPORT_R       PSYCH_FT
       Category 1     Category 1        0.224       0.229            -0.004           -0.238
       Category 1     Category 2        0.776       0.771             0.004            0.238
       Category 2     Category 1        0.000       0.000             0.000            0.002
       Category 2     Category 2        0.000       0.000             0.000            0.004
     REPORT_R       LAW_FTE
       Category 1     Category 1        0.659       0.660            -0.001           -0.029
       Category 1     Category 2        0.341       0.340             0.001            0.029
       Category 2     Category 1        0.000       0.000             0.000            0.004
       Category 2     Category 2        0.000       0.000             0.000            0.002
     REPORT_S       COUNSELO
       Category 1     Category 1        0.173       0.166             0.007            0.412
       Category 1     Category 2        0.572       0.582            -0.010           -0.458
       Category 2     Category 1        0.050       0.056            -0.006           -0.623
       Category 2     Category 2        0.205       0.196             0.010            0.544
     REPORT_S       PSYCH_FT
       Category 1     Category 1        0.178       0.171             0.007            0.405
       Category 1     Category 2        0.567       0.577            -0.011           -0.480
       Category 2     Category 1        0.046       0.058            -0.011           -1.086
       Category 2     Category 2        0.209       0.194             0.015            0.852
     REPORT_S       LAW_FTE
       Category 1     Category 1        0.479       0.494            -0.015           -0.659
       Category 1     Category 2        0.266       0.255             0.011            0.590
       Category 2     Category 1        0.180       0.166             0.014            0.849
       Category 2     Category 2        0.075       0.086            -0.011           -0.869
     COUNSELO       PSYCH_FT
       Category 1     Category 1        0.048       0.051            -0.003           -0.293
       Category 1     Category 2        0.175       0.171             0.003            0.197
       Category 2     Category 1        0.181       0.178             0.003            0.168
       Category 2     Category 2        0.597       0.600            -0.003           -0.152
     COUNSELO       LAW_FTE
       Category 1     Category 1        0.151       0.147             0.004            0.269
       Category 1     Category 2        0.071       0.076            -0.004           -0.360
       Category 2     Category 1        0.509       0.513            -0.004           -0.190
       Category 2     Category 2        0.269       0.265             0.004            0.216
     PSYCH_FT       LAW_FTE
       Category 1     Category 1        0.146       0.151            -0.005           -0.310
       Category 1     Category 2        0.083       0.078             0.005            0.414
       Category 2     Category 1        0.513       0.509             0.004            0.191
       Category 2     Category 2        0.258       0.262            -0.004           -0.217


     UNIVARIATE DISTRIBUTION FIT FOR CLASS 2

     Variable          Observed      Estimated      Residual (Obs.-Est.)    Stand. Residual
     REPORT_D
       Category 1        0.699          0.699                  0.000                0.000
       Category 2        0.301          0.301                  0.000                0.000
     REPORT_R
       Category 1        0.192          0.192                  0.000                0.000
       Category 2        0.808          0.808                  0.000                0.000
     REPORT_S
       Category 1        0.313          0.313                  0.000                0.000
       Category 2        0.687          0.687                  0.000                0.000
     COUNSELO
       Category 1        0.456          0.456                  0.000                0.000
       Category 2        0.544          0.544                  0.000                0.000
     PSYCH_FT
       Category 1        0.318          0.318                  0.000                0.000
       Category 2        0.682          0.682                  0.000                0.000
     LAW_FTE
       Category 1        0.738          0.738                  0.000                0.000
       Category 2        0.262          0.262                  0.000                0.000


     BIVARIATE DISTRIBUTIONS FIT FOR CLASS 2

     Variable       Variable          Observed     Estimated    Residual (Obs.-Est.)  Stand. Residual
     REPORT_D       REPORT_R
       Category 1     Category 1        0.132       0.134            -0.002           -0.086
       Category 1     Category 2        0.567       0.565             0.002            0.059
       Category 2     Category 1        0.060       0.058             0.002            0.125
       Category 2     Category 2        0.241       0.243            -0.002           -0.068
     REPORT_D       REPORT_S
       Category 1     Category 1        0.202       0.219            -0.017           -0.604
       Category 1     Category 2        0.497       0.480             0.017            0.500
       Category 2     Category 1        0.111       0.094             0.017            0.854
       Category 2     Category 2        0.190       0.207            -0.017           -0.616
     REPORT_D       COUNSELO
       Category 1     Category 1        0.322       0.319             0.003            0.088
       Category 1     Category 2        0.377       0.380            -0.003           -0.091
       Category 2     Category 1        0.135       0.137            -0.002           -0.084
       Category 2     Category 2        0.166       0.164             0.002            0.087
     REPORT_D       PSYCH_FT
       Category 1     Category 1        0.244       0.222             0.021            0.756
       Category 1     Category 2        0.455       0.476            -0.022           -0.637
       Category 2     Category 1        0.069       0.096            -0.027           -1.322
       Category 2     Category 2        0.232       0.205             0.027            0.972
     REPORT_D       LAW_FTE
       Category 1     Category 1        0.527       0.516             0.012            0.341
       Category 1     Category 2        0.171       0.183            -0.012           -0.449
       Category 2     Category 1        0.210       0.222            -0.013           -0.444
       Category 2     Category 2        0.092       0.079             0.013            0.696
     REPORT_R       REPORT_S
       Category 1     Category 1        0.057       0.060            -0.003           -0.176
       Category 1     Category 2        0.135       0.132             0.003            0.124
       Category 2     Category 1        0.256       0.253             0.003            0.096
       Category 2     Category 2        0.552       0.555            -0.003           -0.084
     REPORT_R       COUNSELO
       Category 1     Category 1        0.083       0.088            -0.004           -0.222
       Category 1     Category 2        0.108       0.104             0.004            0.177
       Category 2     Category 1        0.374       0.369             0.005            0.155
       Category 2     Category 2        0.435       0.439            -0.005           -0.133
     REPORT_R       PSYCH_FT
       Category 1     Category 1        0.061       0.061             0.000            0.009
       Category 1     Category 2        0.130       0.131            -0.001           -0.035
       Category 2     Category 1        0.252       0.257            -0.005           -0.176
       Category 2     Category 2        0.557       0.551             0.006            0.174
     REPORT_R       LAW_FTE
       Category 1     Category 1        0.150       0.142             0.008            0.342
       Category 1     Category 2        0.042       0.050            -0.009           -0.586
       Category 2     Category 1        0.587       0.596            -0.009           -0.272
       Category 2     Category 2        0.221       0.212             0.010            0.348
     REPORT_S       COUNSELO
       Category 1     Category 1        0.158       0.143             0.015            0.619
       Category 1     Category 2        0.155       0.170            -0.015           -0.596
       Category 2     Category 1        0.299       0.313            -0.014           -0.441
       Category 2     Category 2        0.388       0.374             0.014            0.438
     REPORT_S       PSYCH_FT
       Category 1     Category 1        0.091       0.100            -0.009           -0.439
       Category 1     Category 2        0.222       0.213             0.008            0.301
       Category 2     Category 1        0.222       0.219             0.004            0.137
       Category 2     Category 2        0.465       0.468            -0.003           -0.097
     REPORT_S       LAW_FTE
       Category 1     Category 1        0.246       0.231             0.015            0.512
       Category 1     Category 2        0.067       0.082            -0.015           -0.814
       Category 2     Category 1        0.491       0.507            -0.016           -0.460
       Category 2     Category 2        0.196       0.180             0.016            0.618
     COUNSELO       PSYCH_FT
       Category 1     Category 1        0.135       0.145            -0.011           -0.440
       Category 1     Category 2        0.322       0.311             0.011            0.336
       Category 2     Category 1        0.184       0.173             0.011            0.410
       Category 2     Category 2        0.360       0.371            -0.011           -0.322
     COUNSELO       LAW_FTE
       Category 1     Category 1        0.366       0.337             0.029            0.905
       Category 1     Category 2        0.090       0.119            -0.029           -1.319
       Category 2     Category 1        0.372       0.401            -0.029           -0.873
       Category 2     Category 2        0.172       0.142             0.029            1.224
     PSYCH_FT       LAW_FTE
       Category 1     Category 1        0.249       0.235             0.014            0.495
       Category 1     Category 2        0.069       0.083            -0.014           -0.759
       Category 2     Category 1        0.489       0.503            -0.014           -0.420
       Category 2     Category 2        0.193       0.179             0.014            0.548


     UNIVARIATE DISTRIBUTION FIT FOR CLASS 3

     Variable          Observed      Estimated      Residual (Obs.-Est.)    Stand. Residual
     REPORT_D
       Category 1        0.991          0.991                  0.000                0.000
       Category 2        0.009          0.009                  0.000                0.000
     REPORT_R
       Category 1        0.974          0.974                  0.000                0.000
       Category 2        0.026          0.026                  0.000                0.000
     REPORT_S
       Category 1        0.948          0.948                  0.000                0.000
       Category 2        0.052          0.052                  0.000                0.000
     COUNSELO
       Category 1        0.678          0.678                  0.000                0.000
       Category 2        0.322          0.322                  0.000                0.000
     PSYCH_FT
       Category 1        0.676          0.676                  0.000                0.000
       Category 2        0.324          0.324                  0.000                0.000
     LAW_FTE
       Category 1        0.981          0.981                  0.000                0.000
       Category 2        0.019          0.019                  0.000                0.000


     BIVARIATE DISTRIBUTIONS FIT FOR CLASS 3

     Variable       Variable          Observed     Estimated    Residual (Obs.-Est.)  Stand. Residual
     REPORT_D       REPORT_R
       Category 1     Category 1        0.965       0.965             0.000            0.008
       Category 1     Category 2        0.026       0.026             0.000           -0.009
       Category 2     Category 1        0.009       0.009             0.000           -0.015
       Category 2     Category 2        0.000       0.000             0.000            0.094
     REPORT_D       REPORT_S
       Category 1     Category 1        0.940       0.939             0.000            0.047
       Category 1     Category 2        0.051       0.051             0.000           -0.051
       Category 2     Category 1        0.009       0.009             0.000           -0.120
       Category 2     Category 2        0.001       0.000             0.000            0.512
     REPORT_D       COUNSELO
       Category 1     Category 1        0.675       0.672             0.003            0.250
       Category 1     Category 2        0.315       0.319            -0.003           -0.264
       Category 2     Category 1        0.004       0.006            -0.002           -1.027
       Category 2     Category 2        0.005       0.003             0.002            1.589
     REPORT_D       PSYCH_FT
       Category 1     Category 1        0.662       0.670            -0.007           -0.559
       Category 1     Category 2        0.328       0.321             0.007            0.550
       Category 2     Category 1        0.008       0.006             0.001            0.675
       Category 2     Category 2        0.002       0.003            -0.001           -0.864
     REPORT_D       LAW_FTE
       Category 1     Category 1        0.971       0.972            -0.001           -0.121
       Category 1     Category 2        0.020       0.019             0.000            0.107
       Category 2     Category 1        0.010       0.009             0.000            0.116
       Category 2     Category 2        0.000       0.000             0.000           -0.415
     REPORT_R       REPORT_S
       Category 1     Category 1        0.924       0.924             0.000            0.018
       Category 1     Category 2        0.050       0.051             0.000           -0.022
       Category 2     Category 1        0.024       0.024             0.000           -0.032
       Category 2     Category 2        0.001       0.001             0.000            0.134
     REPORT_R       COUNSELO
       Category 1     Category 1        0.660       0.661            -0.001           -0.045
       Category 1     Category 2        0.314       0.313             0.000            0.013
       Category 2     Category 1        0.019       0.018             0.002            0.435
       Category 2     Category 2        0.007       0.008            -0.001           -0.462
     REPORT_R       PSYCH_FT
       Category 1     Category 1        0.654       0.658            -0.004           -0.329
       Category 1     Category 2        0.320       0.316             0.004            0.300
       Category 2     Category 1        0.016       0.017            -0.001           -0.406
       Category 2     Category 2        0.010       0.008             0.002            0.766
     REPORT_R       LAW_FTE
       Category 1     Category 1        0.955       0.955            -0.001           -0.106
       Category 1     Category 2        0.019       0.019             0.000            0.050
       Category 2     Category 1        0.026       0.025             0.000            0.082
       Category 2     Category 2        0.001       0.000             0.000            0.101
     REPORT_S       COUNSELO
       Category 1     Category 1        0.641       0.643            -0.002           -0.164
       Category 1     Category 2        0.306       0.305             0.001            0.105
       Category 2     Category 1        0.038       0.035             0.003            0.620
       Category 2     Category 2        0.014       0.017            -0.002           -0.655
     REPORT_S       PSYCH_FT
       Category 1     Category 1        0.637       0.641            -0.004           -0.276
       Category 1     Category 2        0.310       0.307             0.003            0.214
       Category 2     Category 1        0.033       0.035            -0.002           -0.420
       Category 2     Category 2        0.020       0.017             0.003            0.860
     REPORT_S       LAW_FTE
       Category 1     Category 1        0.929       0.930            -0.001           -0.186
       Category 1     Category 2        0.019       0.018             0.000            0.128
       Category 2     Category 1        0.052       0.051             0.001            0.176
       Category 2     Category 2        0.001       0.001             0.000           -0.259
     COUNSELO       PSYCH_FT
       Category 1     Category 1        0.454       0.458            -0.005           -0.354
       Category 1     Category 2        0.226       0.220             0.006            0.518
       Category 2     Category 1        0.222       0.217             0.005            0.428
       Category 2     Category 2        0.098       0.104            -0.006           -0.701
     COUNSELO       LAW_FTE
       Category 1     Category 1        0.666       0.665             0.001            0.052
       Category 1     Category 2        0.012       0.013            -0.001           -0.215
       Category 2     Category 1        0.315       0.316            -0.001           -0.053
       Category 2     Category 2        0.007       0.006             0.001            0.311
     PSYCH_FT       LAW_FTE
       Category 1     Category 1        0.664       0.663             0.001            0.050
       Category 1     Category 2        0.012       0.013            -0.001           -0.208
       Category 2     Category 1        0.317       0.318            -0.001           -0.053
       Category 2     Category 2        0.007       0.006             0.001            0.313


TECHNICAL 11 OUTPUT

     Random Starts Specifications for the k-1 Class Analysis Model
        Number of initial stage random starts                 200
        Number of final stage optimizations                   100



     VUONG-LO-MENDELL-RUBIN LIKELIHOOD RATIO TEST FOR 2 (H0) VERSUS 3 CLASSES

          H0 Loglikelihood Value                        -5194.136
          2 Times the Loglikelihood Difference            143.317
          Difference in the Number of Parameters                7
          Mean                                             -0.421
          Standard Deviation                               12.569
          P-Value                                          0.0000

     LO-MENDELL-RUBIN ADJUSTED LRT TEST

          Value                                           140.677
          P-Value                                          0.0000


TECHNICAL 14 OUTPUT

     Random Starts Specifications for the k-1 Class Analysis Model
        Number of initial stage random starts                 200
        Number of final stage optimizations                   100

     Random Starts Specification for the k-1 Class Model for Generated Data
        Number of initial stage random starts                   0
        Number of final stage optimizations for the
           initial stage random starts                          0
     Random Starts Specification for the k Class Model for Generated Data
        Number of initial stage random starts                  40
        Number of final stage optimizations                     8
     Number of bootstrap draws requested                   Varies


     PARAMETRIC BOOTSTRAPPED LIKELIHOOD RATIO TEST FOR 2 (H0) VERSUS 3 CLASSES

          H0 Loglikelihood Value                        -5194.136
          2 Times the Loglikelihood Difference            143.317
          Difference in the Number of Parameters                7
          Approximate P-Value                              0.0000
          Successful Bootstrap Draws                            5


PLOT INFORMATION

The following plots are available:

  Histograms (sample values)
  Scatterplots (sample values)
  Sample proportions and estimated probabilities

     Beginning Time:  13:57:20
        Ending Time:  13:57:22
       Elapsed Time:  00:00:02



MUTHEN & MUTHEN
3463 Stoner Ave.
Los Angeles, CA  90066

Tel: (310) 391-9971
Fax: (310) 391-8971
Web: www.StatModel.com
Support: Support@StatModel.com

Copyright (c) 1998-2021 Muthen & Muthen
