Mplus VERSION 8.6 (Mac)
MUTHEN & MUTHEN
09/17/2023   1:57 PM

INPUT INSTRUCTIONS

  TITLE:
  4-Class
  DATA:
  FILE = "/Users/agarber/github/Intro_to_LCA/enum/bully.dat";

  VARIABLE:
  NAMES = report_dis report_race report_sex counselors_fte psych_fte law_fte;
   MISSING=.;
   categorical = report_dis-law_fte;
  usevar = report_dis-law_fte;
  classes = c(4);
  ANALYSIS:
  estimator = mlr;
      type = mixture;
      starts = 200 100;
      processors = 10;
  OUTPUT:
  sampstat residual tech11 tech14;
  PLOT:
  type = plot3;
      series = report_dis-law_fte(*);



*** WARNING in VARIABLE command
  Note that only the first 8 characters of variable names are used in the output.
  Shorten variable names to avoid any confusion.
*** WARNING in PLOT command
  Note that only the first 8 characters of variable names are used in plots.
  If variable names are not unique within the first 8 characters, problems
  may occur.
*** WARNING in OUTPUT command
  SAMPSTAT option is not available when all outcomes are censored, ordered
  categorical, unordered categorical (nominal), count or continuous-time
  survival variables.  Request for SAMPSTAT is ignored.
   3 WARNING(S) FOUND IN THE INPUT INSTRUCTIONS




4-Class

SUMMARY OF ANALYSIS

Number of groups                                                 1
Number of observations                                        2027

Number of dependent variables                                    6
Number of independent variables                                  0
Number of continuous latent variables                            0
Number of categorical latent variables                           1

Observed dependent variables

  Binary and ordered categorical (ordinal)
   REPORT_D    REPORT_R    REPORT_S    COUNSELO    PSYCH_FT    LAW_FTE

Categorical latent variables
   C


Estimator                                                      MLR
Information matrix                                        OBSERVED
Optimization Specifications for the Quasi-Newton Algorithm for
Continuous Outcomes
  Maximum number of iterations                                 100
  Convergence criterion                                  0.100D-05
Optimization Specifications for the EM Algorithm
  Maximum number of iterations                                 500
  Convergence criteria
    Loglikelihood change                                 0.100D-06
    Relative loglikelihood change                        0.100D-06
    Derivative                                           0.100D-05
Optimization Specifications for the M step of the EM Algorithm for
Categorical Latent variables
  Number of M step iterations                                    1
  M step convergence criterion                           0.100D-05
  Basis for M step termination                           ITERATION
Optimization Specifications for the M step of the EM Algorithm for
Censored, Binary or Ordered Categorical (Ordinal), Unordered
Categorical (Nominal) and Count Outcomes
  Number of M step iterations                                    1
  M step convergence criterion                           0.100D-05
  Basis for M step termination                           ITERATION
  Maximum value for logit thresholds                            15
  Minimum value for logit thresholds                           -15
  Minimum expected cell size for chi-square              0.100D-01
Maximum number of iterations for H1                           2000
Convergence criterion for H1                             0.100D-03
Optimization algorithm                                         EMA
Random Starts Specifications
  Number of initial stage random starts                        200
  Number of final stage optimizations                          100
  Number of initial stage iterations                            10
  Initial stage convergence criterion                    0.100D+01
  Random starts scale                                    0.500D+01
  Random seed for generating random starts                       0
Link                                                         LOGIT

Input data file(s)
  /Users/agarber/github/Intro_to_LCA/enum/bully.dat
Input data format  FREE


SUMMARY OF DATA

     Number of missing data patterns             4
     Number of y missing data patterns           0
     Number of u missing data patterns           4


COVARIANCE COVERAGE OF DATA

Minimum covariance coverage value   0.100


     PROPORTION OF DATA PRESENT FOR U


           Covariance Coverage
              REPORT_D      REPORT_R      REPORT_S      COUNSELO      PSYCH_FT
              ________      ________      ________      ________      ________
 REPORT_D       0.987
 REPORT_R       0.987         0.987
 REPORT_S       0.987         0.987         0.987
 COUNSELO       0.973         0.973         0.973         0.987
 PSYCH_FT       0.972         0.972         0.972         0.985         0.985
 LAW_FTE        0.973         0.973         0.973         0.987         0.985


           Covariance Coverage
              LAW_FTE
              ________
 LAW_FTE        0.987


UNIVARIATE PROPORTIONS AND COUNTS FOR CATEGORICAL VARIABLES

    REPORT_D
      Category 1    0.958         1915.000
      Category 2    0.043           85.000
    REPORT_R
      Category 1    0.897         1794.000
      Category 2    0.103          206.000
    REPORT_S
      Category 1    0.830         1660.000
      Category 2    0.170          340.000
    COUNSELO
      Category 1    0.540         1081.000
      Category 2    0.460          919.000
    PSYCH_FT
      Category 1    0.526         1050.000
      Category 2    0.474          947.000
    LAW_FTE
      Category 1    0.875         1749.000
      Category 2    0.126          251.000


RANDOM STARTS RESULTS RANKED FROM THE BEST TO THE WORST LOGLIKELIHOOD VALUES

Final stage loglikelihood values at local maxima, seeds, and initial stage start numbers:

           -5111.757  120506           45
           -5111.757  192071           142
           -5111.757  576220           115
           -5111.757  392418           28
           -5111.757  618000           190
           -5111.757  195873           6
           -5111.757  190339           102
           -5111.757  533738           11
           -5111.757  246261           38
           -5111.757  100874           108
           -5111.757  76974            16
           -5111.757  303634           169
           -5111.757  373505           88
           -5111.757  950604           172
           -5111.757  70118            104
           -5111.757  674171           195
           -5111.757  544048           87
           -5111.757  987090           70
           -5111.759  285380           1
           -5111.759  414284           158
           -5111.759  12477            155
           -5112.253  784664           75
           -5112.253  802779           122
           -5112.253  127215           9
           -5113.910  695155           150
           -5115.532  715561           125
           -5115.532  476498           179
           -5115.532  856536           144
           -5115.532  107446           12
           -5115.532  260601           36
           -5115.532  509733           130
           -5115.532  751054           117
           -5115.532  118421           139
           -5115.532  575700           100
           -5115.532  535804           111
           -5115.532  496881           192
           -5115.538  573096           20
           -5115.884  846194           93
           -5116.981  966014           37
           -5116.981  963053           43
           -5117.829  247224           94
           -5117.829  399671           13
           -5117.829  728038           177
           -5118.041  551639           55

56 perturbed starting value run(s) did not converge or were rejected in the third stage.



THE BEST LOGLIKELIHOOD VALUE HAS BEEN REPLICATED.  RERUN WITH AT LEAST TWICE THE
RANDOM STARTS TO CHECK THAT THE BEST LOGLIKELIHOOD IS STILL OBTAINED AND REPLICATED.

     IN THE OPTIMIZATION, ONE OR MORE LOGIT THRESHOLDS APPROACHED EXTREME VALUES
     OF -15.000 AND 15.000 AND WERE FIXED TO STABILIZE MODEL ESTIMATION.  THESE
     VALUES IMPLY PROBABILITIES OF 0 AND 1.  IN THE MODEL RESULTS SECTION, THESE
     PARAMETERS HAVE 0 STANDARD ERRORS AND 999 IN THE Z-SCORE AND P-VALUE COLUMNS.




THE MODEL ESTIMATION TERMINATED NORMALLY



MODEL FIT INFORMATION

Number of Free Parameters                       27

Loglikelihood

          H0 Value                       -5111.757
          H0 Scaling Correction Factor      1.0217
            for MLR

Information Criteria

          Akaike (AIC)                   10277.513
          Bayesian (BIC)                 10429.100
          Sample-Size Adjusted BIC       10343.319
            (n* = (n + 2) / 24)

Chi-Square Test of Model Fit for the Binary and Ordered Categorical
(Ordinal) Outcomes

          Pearson Chi-Square

          Value                             49.953
          Degrees of Freedom                    36
          P-Value                           0.0610

          Likelihood Ratio Chi-Square

          Value                             54.314
          Degrees of Freedom                    36
          P-Value                           0.0257

Chi-Square Test for MCAR under the Unrestricted Latent Class Indicator Model

          Pearson Chi-Square

          Value                             42.095
          Degrees of Freedom                    45
          P-Value                           0.5958

          Likelihood Ratio Chi-Square

          Value                             57.954
          Degrees of Freedom                    45
          P-Value                           0.0931



FINAL CLASS COUNTS AND PROPORTIONS FOR THE LATENT CLASSES
BASED ON THE ESTIMATED MODEL

    Latent
   Classes

       1        562.97411          0.27774
       2        612.42552          0.30213
       3        212.17219          0.10467
       4        639.42817          0.31546


FINAL CLASS COUNTS AND PROPORTIONS FOR THE LATENT CLASSES
BASED ON ESTIMATED POSTERIOR PROBABILITIES

    Latent
   Classes

       1        562.97411          0.27774
       2        612.42552          0.30213
       3        212.17219          0.10467
       4        639.42817          0.31546


FINAL CLASS COUNTS AND PROPORTIONS FOR THE LATENT CLASSES
BASED ON THEIR MOST LIKELY LATENT CLASS MEMBERSHIP

Class Counts and Proportions

    Latent
   Classes

       1              498          0.24568
       2              465          0.22940
       3              181          0.08929
       4              883          0.43562


CLASSIFICATION QUALITY

     Entropy                         0.715


Average Latent Class Probabilities for Most Likely Latent Class Membership (Row)
by Latent Class (Column)

           1        2        3        4

    1   0.951    0.000    0.034    0.015
    2   0.000    0.911    0.047    0.042
    3   0.010    0.026    0.930    0.034
    4   0.099    0.209    0.005    0.687


Classification Probabilities for the Most Likely Latent Class Membership (Column)
by Latent Class (Row)

           1        2        3        4

    1   0.841    0.000    0.003    0.156
    2   0.000    0.691    0.008    0.301
    3   0.080    0.104    0.794    0.022
    4   0.012    0.031    0.010    0.948


Logits for the Classification Probabilities for the Most Likely Latent Class Membership (Column)
by Latent Class (Row)

              1        2        3        4

    1      1.685  -11.957   -3.892    0.000
    2    -12.615    0.832   -3.682    0.000
    3      1.291    1.546    3.581    0.000
    4     -4.389   -3.435   -4.588    0.000


MODEL RESULTS

                                                    Two-Tailed
                    Estimate       S.E.  Est./S.E.    P-Value

Latent Class 1

 Thresholds
    REPORT_D$1         4.099      0.492      8.326      0.000
    REPORT_R$1        15.000      0.000    999.000    999.000
    REPORT_S$1         1.360      0.161      8.464      0.000
    COUNSELO$1       -15.000      0.000    999.000    999.000
    PSYCH_FT$1        -1.134      0.166     -6.812      0.000
    LAW_FTE$1          1.068      0.154      6.925      0.000

Latent Class 2

 Thresholds
    REPORT_D$1        15.000      0.000    999.000    999.000
    REPORT_R$1         3.065      0.358      8.559      0.000
    REPORT_S$1         2.154      0.217      9.927      0.000
    COUNSELO$1        15.000      0.000    999.000    999.000
    PSYCH_FT$1        -0.534      0.432     -1.236      0.217
    LAW_FTE$1          2.352      0.283      8.322      0.000

Latent Class 3

 Thresholds
    REPORT_D$1         0.782      0.169      4.626      0.000
    REPORT_R$1        -1.371      0.371     -3.691      0.000
    REPORT_S$1        -0.839      0.201     -4.170      0.000
    COUNSELO$1        -0.298      0.173     -1.724      0.085
    PSYCH_FT$1        -0.704      0.180     -3.898      0.000
    LAW_FTE$1          1.012      0.184      5.500      0.000

Latent Class 4

 Thresholds
    REPORT_D$1         4.136      0.430      9.621      0.000
    REPORT_R$1         4.016      0.564      7.116      0.000
    REPORT_S$1         3.658      1.040      3.518      0.000
    COUNSELO$1         0.471      0.263      1.787      0.074
    PSYCH_FT$1         4.659     14.638      0.318      0.750
    LAW_FTE$1         15.000      0.000    999.000    999.000

Categorical Latent Variables

 Means
    C#1               -0.127      0.337     -0.378      0.706
    C#2               -0.043      0.471     -0.092      0.927
    C#3               -1.103      0.312     -3.533      0.000


QUALITY OF NUMERICAL RESULTS

     Condition Number for the Information Matrix              0.870E-05
       (ratio of smallest to largest eigenvalue)


RESULTS IN PROBABILITY SCALE

                                                    Two-Tailed
                    Estimate       S.E.  Est./S.E.    P-Value

Latent Class 1

 REPORT_DIS
    Category 1         0.984      0.008    124.460      0.000
    Category 2         0.016      0.008      2.065      0.039
 REPORT_RAC
    Category 1         1.000      0.000      0.000      1.000
    Category 2         0.000      0.000      0.000      1.000
 REPORT_SEX
    Category 1         0.796      0.026     30.471      0.000
    Category 2         0.204      0.026      7.823      0.000
 COUNSELORS
    Category 1         0.000      0.000      0.000      1.000
    Category 2         1.000      0.000      0.000      1.000
 PSYCH_FTE
    Category 1         0.243      0.031      7.942      0.000
    Category 2         0.757      0.031     24.678      0.000
 LAW_FTE
    Category 1         0.744      0.029     25.350      0.000
    Category 2         0.256      0.029      8.710      0.000

Latent Class 2

 REPORT_DIS
    Category 1         1.000      0.000      0.000      1.000
    Category 2         0.000      0.000      0.000      1.000
 REPORT_RAC
    Category 1         0.955      0.015     62.652      0.000
    Category 2         0.045      0.015      2.923      0.003
 REPORT_SEX
    Category 1         0.896      0.020     44.341      0.000
    Category 2         0.104      0.020      5.142      0.000
 COUNSELORS
    Category 1         1.000      0.000      0.000      1.000
    Category 2         0.000      0.000      0.000      1.000
 PSYCH_FTE
    Category 1         0.370      0.101      3.671      0.000
    Category 2         0.630      0.101      6.261      0.000
 LAW_FTE
    Category 1         0.913      0.022     40.719      0.000
    Category 2         0.087      0.022      3.874      0.000

Latent Class 3

 REPORT_DIS
    Category 1         0.686      0.036     18.841      0.000
    Category 2         0.314      0.036      8.616      0.000
 REPORT_RAC
    Category 1         0.203      0.060      3.377      0.001
    Category 2         0.797      0.060     13.296      0.000
 REPORT_SEX
    Category 1         0.302      0.042      7.123      0.000
    Category 2         0.698      0.042     16.475      0.000
 COUNSELORS
    Category 1         0.426      0.042     10.062      0.000
    Category 2         0.574      0.042     13.561      0.000
 PSYCH_FTE
    Category 1         0.331      0.040      8.282      0.000
    Category 2         0.669      0.040     16.738      0.000
 LAW_FTE
    Category 1         0.733      0.036     20.389      0.000
    Category 2         0.267      0.036      7.413      0.000

Latent Class 4

 REPORT_DIS
    Category 1         0.984      0.007    147.797      0.000
    Category 2         0.016      0.007      2.363      0.018
 REPORT_RAC
    Category 1         0.982      0.010    100.060      0.000
    Category 2         0.018      0.010      1.804      0.071
 REPORT_SEX
    Category 1         0.975      0.025     38.267      0.000
    Category 2         0.025      0.025      0.986      0.324
 COUNSELORS
    Category 1         0.616      0.062      9.876      0.000
    Category 2         0.384      0.062      6.168      0.000
 PSYCH_FTE
    Category 1         0.991      0.136      7.281      0.000
    Category 2         0.009      0.136      0.069      0.945
 LAW_FTE
    Category 1         1.000      0.000      0.000      1.000
    Category 2         0.000      0.000      0.000      1.000


LATENT CLASS INDICATOR ODDS RATIOS FOR THE LATENT CLASSES

                                                95% C.I.
                    Estimate       S.E.  Lower 2.5% Upper 2.5%

Latent Class 1 Compared to Latent Class 2

 REPORT_D
    Category > 1   54237.758      0.000  54237.754  54237.754
 REPORT_R
    Category > 1       0.000      0.000      0.000      0.000
 REPORT_S
    Category > 1       2.214      0.466      1.466      3.343
 COUNSELO
    Category > 1   *********      0.000  *********  *********
 PSYCH_FT
    Category > 1       1.822      0.806      0.765      4.338
 LAW_FTE
    Category > 1       3.611      0.929      2.181      5.980

Latent Class 1 Compared to Latent Class 3

 REPORT_D
    Category > 1       0.036      0.019      0.013      0.102
 REPORT_R
    Category > 1       0.000      0.000      0.000      0.000
 REPORT_S
    Category > 1       0.111      0.028      0.068      0.181
 COUNSELO
    Category > 1   *********      0.000  *********  *********
 PSYCH_FT
    Category > 1       1.537      0.383      0.944      2.504
 LAW_FTE
    Category > 1       0.945      0.223      0.596      1.499

Latent Class 1 Compared to Latent Class 4

 REPORT_D
    Category > 1       1.038      0.744      0.254      4.233
 REPORT_R
    Category > 1       0.000      0.000      0.000      0.000
 REPORT_S
    Category > 1       9.960     10.609      1.235     80.336
 COUNSELO
    Category > 1   *********      0.000  *********  *********
 PSYCH_FT
    Category > 1     328.043   4802.354      0.000  *********
 LAW_FTE
    Category > 1   *********      0.000  *********  *********

Latent Class 2 Compared to Latent Class 3

 REPORT_D
    Category > 1       0.000      0.000      0.000      0.000
 REPORT_R
    Category > 1       0.012      0.006      0.004      0.031
 REPORT_S
    Category > 1       0.050      0.015      0.028      0.088
 COUNSELO
    Category > 1       0.000      0.000      0.000      0.000
 PSYCH_FT
    Category > 1       0.844      0.399      0.334      2.131
 LAW_FTE
    Category > 1       0.262      0.085      0.138      0.496

Latent Class 2 Compared to Latent Class 4

 REPORT_D
    Category > 1       0.000      0.000      0.000      0.000
 REPORT_R
    Category > 1       2.588      1.882      0.622     10.763
 REPORT_S
    Category > 1       4.499      5.135      0.481     42.127
 COUNSELO
    Category > 1       0.000      0.000      0.000      0.000
 PSYCH_FT
    Category > 1     180.075   2634.662      0.000  *********
 LAW_FTE
    Category > 1   *********      0.000  *********  *********

Latent Class 3 Compared to Latent Class 4

 REPORT_D
    Category > 1      28.599     13.114     11.642     70.255
 REPORT_R
    Category > 1     218.406    145.928     58.955    809.106
 REPORT_S
    Category > 1      89.733     93.374     11.674    689.771
 COUNSELO
    Category > 1       2.158      0.692      1.151      4.046
 PSYCH_FT
    Category > 1     213.382   3124.125      0.000  *********
 LAW_FTE
    Category > 1   *********      0.000  *********  *********


RESIDUAL OUTPUT


     UNIVARIATE DISTRIBUTION FIT FOR CLASS 1

     Variable          Observed      Estimated      Residual (Obs.-Est.)    Stand. Residual
     REPORT_D
       Category 1        0.984          0.984                  0.000                0.000
       Category 2        0.016          0.016                  0.000                0.000
     REPORT_R
       Category 1        1.000          1.000                  0.000               -0.006
       Category 2        0.000          0.000                  0.000                0.006
     REPORT_S
       Category 1        0.796          0.796                  0.000                0.000
       Category 2        0.204          0.204                  0.000                0.000
     COUNSELO
       Category 1        0.000          0.000                  0.000                0.007
       Category 2        1.000          1.000                  0.000               -0.007
     PSYCH_FT
       Category 1        0.243          0.243                  0.000                0.000
       Category 2        0.757          0.757                  0.000                0.000
     LAW_FTE
       Category 1        0.744          0.744                  0.000                0.000
       Category 2        0.256          0.256                  0.000                0.000


     BIVARIATE DISTRIBUTIONS FIT FOR CLASS 1

     Variable       Variable          Observed     Estimated    Residual (Obs.-Est.)  Stand. Residual
     REPORT_D       REPORT_R
       Category 1     Category 1        0.984       0.984             0.000            0.000
       Category 1     Category 2        0.000       0.000             0.000            0.006
       Category 2     Category 1        0.016       0.016             0.000            0.000
       Category 2     Category 2        0.000       0.000             0.000            0.000
     REPORT_D       REPORT_S
       Category 1     Category 1        0.783       0.783             0.000           -0.008
       Category 1     Category 2        0.201       0.201             0.000            0.008
       Category 2     Category 1        0.013       0.013             0.000            0.027
       Category 2     Category 2        0.003       0.003             0.000           -0.054
     REPORT_D       COUNSELO
       Category 1     Category 1        0.000       0.000             0.000            0.007
       Category 1     Category 2        0.983       0.984             0.000           -0.042
       Category 2     Category 1        0.000       0.000             0.000            0.000
       Category 2     Category 2        0.017       0.016             0.000            0.042
     REPORT_D       PSYCH_FT
       Category 1     Category 1        0.234       0.240            -0.005           -0.298
       Category 1     Category 2        0.749       0.744             0.005            0.277
       Category 2     Category 1        0.004       0.004             0.000            0.075
       Category 2     Category 2        0.012       0.012             0.000            0.016
     REPORT_D       LAW_FTE
       Category 1     Category 1        0.731       0.732            -0.001           -0.051
       Category 1     Category 2        0.252       0.252             0.001            0.040
       Category 2     Category 1        0.013       0.012             0.001            0.131
       Category 2     Category 2        0.004       0.004             0.000           -0.140
     REPORT_R       REPORT_S
       Category 1     Category 1        0.796       0.796             0.000            0.000
       Category 1     Category 2        0.204       0.204             0.000            0.000
       Category 2     Category 1        0.000       0.000             0.000            0.004
       Category 2     Category 2        0.000       0.000             0.000            0.002
     REPORT_R       COUNSELO
       Category 1     Category 1        0.000       0.000             0.000            0.007
       Category 1     Category 2        1.000       1.000             0.000           -0.013
       Category 2     Category 1        0.000       0.000             0.000            0.000
       Category 2     Category 2        0.000       0.000             0.000            0.006
     REPORT_R       PSYCH_FT
       Category 1     Category 1        0.238       0.243            -0.005           -0.286
       Category 1     Category 2        0.762       0.757             0.005            0.286
       Category 2     Category 1        0.000       0.000             0.000            0.002
       Category 2     Category 2        0.000       0.000             0.000            0.004
     REPORT_R       LAW_FTE
       Category 1     Category 1        0.744       0.744             0.000           -0.019
       Category 1     Category 2        0.256       0.256             0.000            0.019
       Category 2     Category 1        0.000       0.000             0.000            0.005
       Category 2     Category 2        0.000       0.000             0.000            0.001
     REPORT_S       COUNSELO
       Category 1     Category 1        0.000       0.000             0.000            0.006
       Category 1     Category 2        0.793       0.796            -0.003           -0.164
       Category 2     Category 1        0.000       0.000             0.000            0.001
       Category 2     Category 2        0.207       0.204             0.003            0.164
     REPORT_S       PSYCH_FT
       Category 1     Category 1        0.199       0.194             0.006            0.344
       Category 1     Category 2        0.593       0.602            -0.009           -0.445
       Category 2     Category 1        0.039       0.050            -0.011           -1.190
       Category 2     Category 2        0.169       0.155             0.014            0.942
     REPORT_S       LAW_FTE
       Category 1     Category 1        0.597       0.592             0.005            0.219
       Category 1     Category 2        0.196       0.203            -0.007           -0.432
       Category 2     Category 1        0.147       0.152            -0.005           -0.323
       Category 2     Category 2        0.060       0.052             0.008            0.819
     COUNSELO       PSYCH_FT
       Category 1     Category 1        0.000       0.000             0.000            0.002
       Category 1     Category 2        0.000       0.000             0.000            0.005
       Category 2     Category 1        0.243       0.243             0.000            0.000
       Category 2     Category 2        0.757       0.757             0.000            0.000
     COUNSELO       LAW_FTE
       Category 1     Category 1        0.000       0.000             0.000            0.005
       Category 1     Category 2        0.000       0.000             0.000            0.002
       Category 2     Category 1        0.744       0.744             0.000            0.000
       Category 2     Category 2        0.256       0.256             0.000            0.000
     PSYCH_FT       LAW_FTE
       Category 1     Category 1        0.171       0.181            -0.010           -0.637
       Category 1     Category 2        0.073       0.062             0.010            1.015
       Category 2     Category 1        0.573       0.563             0.010            0.456
       Category 2     Category 2        0.184       0.193            -0.010           -0.573


     UNIVARIATE DISTRIBUTION FIT FOR CLASS 2

     Variable          Observed      Estimated      Residual (Obs.-Est.)    Stand. Residual
     REPORT_D
       Category 1        1.000          1.000                  0.000               -0.007
       Category 2        0.000          0.000                  0.000                0.007
     REPORT_R
       Category 1        0.955          0.955                  0.000                0.000
       Category 2        0.045          0.045                  0.000                0.000
     REPORT_S
       Category 1        0.896          0.896                  0.000                0.000
       Category 2        0.104          0.104                  0.000                0.000
     COUNSELO
       Category 1        1.000          1.000                  0.000               -0.008
       Category 2        0.000          0.000                  0.000                0.008
     PSYCH_FT
       Category 1        0.370          0.370                  0.000                0.000
       Category 2        0.630          0.630                  0.000                0.000
     LAW_FTE
       Category 1        0.913          0.913                  0.000                0.000
       Category 2        0.087          0.087                  0.000                0.000


     BIVARIATE DISTRIBUTIONS FIT FOR CLASS 2

     Variable       Variable          Observed     Estimated    Residual (Obs.-Est.)  Stand. Residual
     REPORT_D       REPORT_R
       Category 1     Category 1        0.955       0.955             0.000            0.000
       Category 1     Category 2        0.045       0.045             0.000            0.000
       Category 2     Category 1        0.000       0.000             0.000            0.007
       Category 2     Category 2        0.000       0.000             0.000            0.000
     REPORT_D       REPORT_S
       Category 1     Category 1        0.896       0.896             0.000            0.000
       Category 1     Category 2        0.104       0.104             0.000            0.000
       Category 2     Category 1        0.000       0.000             0.000            0.006
       Category 2     Category 2        0.000       0.000             0.000            0.001
     REPORT_D       COUNSELO
       Category 1     Category 1        1.000       1.000             0.000           -0.015
       Category 1     Category 2        0.000       0.000             0.000            0.008
       Category 2     Category 1        0.000       0.000             0.000            0.007
       Category 2     Category 2        0.000       0.000             0.000            0.000
     REPORT_D       PSYCH_FT
       Category 1     Category 1        0.364       0.370            -0.005           -0.271
       Category 1     Category 2        0.636       0.630             0.005            0.271
       Category 2     Category 1        0.000       0.000             0.000            0.002
       Category 2     Category 2        0.000       0.000             0.000            0.005
     REPORT_D       LAW_FTE
       Category 1     Category 1        0.912       0.913            -0.001           -0.064
       Category 1     Category 2        0.088       0.087             0.001            0.064
       Category 2     Category 1        0.000       0.000             0.000            0.007
       Category 2     Category 2        0.000       0.000             0.000            0.000
     REPORT_R       REPORT_S
       Category 1     Category 1        0.856       0.856             0.000            0.004
       Category 1     Category 2        0.099       0.099             0.000           -0.005
       Category 2     Category 1        0.040       0.040             0.000           -0.008
       Category 2     Category 2        0.005       0.005             0.000            0.022
     REPORT_R       COUNSELO
       Category 1     Category 1        0.955       0.955            -0.001           -0.080
       Category 1     Category 2        0.000       0.000             0.000            0.007
       Category 2     Category 1        0.045       0.045             0.001            0.080
       Category 2     Category 2        0.000       0.000             0.000            0.000
     REPORT_R       PSYCH_FT
       Category 1     Category 1        0.350       0.353            -0.004           -0.182
       Category 1     Category 2        0.605       0.602             0.003            0.144
       Category 2     Category 1        0.015       0.016            -0.002           -0.342
       Category 2     Category 2        0.031       0.028             0.002            0.364
     REPORT_R       LAW_FTE
       Category 1     Category 1        0.870       0.872            -0.002           -0.146
       Category 1     Category 2        0.084       0.083             0.001            0.117
       Category 2     Category 1        0.042       0.041             0.001            0.155
       Category 2     Category 2        0.003       0.004            -0.001           -0.228
     REPORT_S       COUNSELO
       Category 1     Category 1        0.895       0.896            -0.002           -0.126
       Category 1     Category 2        0.000       0.000             0.000            0.007
       Category 2     Category 1        0.105       0.104             0.002            0.126
       Category 2     Category 2        0.000       0.000             0.000            0.001
     REPORT_S       PSYCH_FT
       Category 1     Category 1        0.321       0.331            -0.011           -0.555
       Category 1     Category 2        0.574       0.565             0.009            0.449
       Category 2     Category 1        0.044       0.038             0.005            0.679
       Category 2     Category 2        0.062       0.066            -0.004           -0.371
     REPORT_S       LAW_FTE
       Category 1     Category 1        0.813       0.818            -0.005           -0.330
       Category 1     Category 2        0.081       0.078             0.004            0.331
       Category 2     Category 1        0.099       0.095             0.004            0.373
       Category 2     Category 2        0.006       0.009            -0.003           -0.747
     COUNSELO       PSYCH_FT
       Category 1     Category 1        0.370       0.370             0.000            0.000
       Category 1     Category 2        0.630       0.630             0.000            0.000
       Category 2     Category 1        0.000       0.000             0.000            0.003
       Category 2     Category 2        0.000       0.000             0.000            0.005
     COUNSELO       LAW_FTE
       Category 1     Category 1        0.913       0.913             0.000            0.000
       Category 1     Category 2        0.087       0.087             0.000            0.000
       Category 2     Category 1        0.000       0.000             0.000            0.007
       Category 2     Category 2        0.000       0.000             0.000            0.001
     PSYCH_FT       LAW_FTE
       Category 1     Category 1        0.341       0.337             0.004            0.199
       Category 1     Category 2        0.028       0.032            -0.004           -0.534
       Category 2     Category 1        0.572       0.576            -0.004           -0.190
       Category 2     Category 2        0.059       0.055             0.004            0.414


     UNIVARIATE DISTRIBUTION FIT FOR CLASS 3

     Variable          Observed      Estimated      Residual (Obs.-Est.)    Stand. Residual
     REPORT_D
       Category 1        0.686          0.686                  0.000                0.000
       Category 2        0.314          0.314                  0.000                0.000
     REPORT_R
       Category 1        0.203          0.203                  0.000                0.000
       Category 2        0.797          0.797                  0.000                0.000
     REPORT_S
       Category 1        0.302          0.302                  0.000                0.000
       Category 2        0.698          0.698                  0.000                0.000
     COUNSELO
       Category 1        0.426          0.426                  0.000                0.000
       Category 2        0.574          0.574                  0.000                0.000
     PSYCH_FT
       Category 1        0.331          0.331                  0.000                0.000
       Category 2        0.669          0.669                  0.000                0.000
     LAW_FTE
       Category 1        0.733          0.733                  0.000                0.000
       Category 2        0.267          0.267                  0.000                0.000


     BIVARIATE DISTRIBUTIONS FIT FOR CLASS 3

     Variable       Variable          Observed     Estimated    Residual (Obs.-Est.)  Stand. Residual
     REPORT_D       REPORT_R
       Category 1     Category 1        0.135       0.139            -0.004           -0.174
       Category 1     Category 2        0.551       0.547             0.004            0.121
       Category 2     Category 1        0.068       0.064             0.004            0.247
       Category 2     Category 2        0.246       0.250            -0.004           -0.139
     REPORT_D       REPORT_S
       Category 1     Category 1        0.186       0.207            -0.021           -0.757
       Category 1     Category 2        0.500       0.479             0.021            0.614
       Category 2     Category 1        0.116       0.095             0.021            1.048
       Category 2     Category 2        0.198       0.219            -0.021           -0.742
     REPORT_D       COUNSELO
       Category 1     Category 1        0.281       0.292            -0.011           -0.364
       Category 1     Category 2        0.405       0.394             0.011            0.332
       Category 2     Category 1        0.146       0.134             0.012            0.520
       Category 2     Category 2        0.168       0.180            -0.012           -0.452
     REPORT_D       PSYCH_FT
       Category 1     Category 1        0.255       0.227             0.027            0.952
       Category 1     Category 2        0.431       0.459            -0.028           -0.808
       Category 2     Category 1        0.071       0.104            -0.033           -1.555
       Category 2     Category 2        0.243       0.210             0.033            1.174
     REPORT_D       LAW_FTE
       Category 1     Category 1        0.513       0.503             0.010            0.285
       Category 1     Category 2        0.173       0.183            -0.010           -0.377
       Category 2     Category 1        0.219       0.230            -0.011           -0.371
       Category 2     Category 2        0.095       0.084             0.011            0.576
     REPORT_R       REPORT_S
       Category 1     Category 1        0.059       0.061            -0.002           -0.116
       Category 1     Category 2        0.143       0.141             0.002            0.080
       Category 2     Category 1        0.243       0.241             0.002            0.065
       Category 2     Category 2        0.555       0.557            -0.002           -0.056
     REPORT_R       COUNSELO
       Category 1     Category 1        0.088       0.086             0.002            0.106
       Category 1     Category 2        0.114       0.116            -0.003           -0.119
       Category 2     Category 1        0.338       0.340            -0.001           -0.039
       Category 2     Category 2        0.460       0.458             0.002            0.054
     REPORT_R       PSYCH_FT
       Category 1     Category 1        0.068       0.067             0.001            0.047
       Category 1     Category 2        0.134       0.135            -0.001           -0.062
       Category 2     Category 1        0.258       0.264            -0.006           -0.198
       Category 2     Category 2        0.540       0.533             0.007            0.194
     REPORT_R       LAW_FTE
       Category 1     Category 1        0.153       0.149             0.005            0.188
       Category 1     Category 2        0.049       0.054            -0.005           -0.334
       Category 2     Category 1        0.579       0.585            -0.006           -0.164
       Category 2     Category 2        0.219       0.213             0.006            0.218
     REPORT_S       COUNSELO
       Category 1     Category 1        0.129       0.129             0.001            0.025
       Category 1     Category 2        0.172       0.173            -0.001           -0.042
       Category 2     Category 1        0.298       0.297             0.000            0.006
       Category 2     Category 2        0.401       0.401             0.000            0.009
     REPORT_S       PSYCH_FT
       Category 1     Category 1        0.093       0.100            -0.007           -0.342
       Category 1     Category 2        0.208       0.202             0.006            0.234
       Category 2     Category 1        0.233       0.231             0.002            0.063
       Category 2     Category 2        0.466       0.467            -0.001           -0.037
     REPORT_S       LAW_FTE
       Category 1     Category 1        0.239       0.221             0.018            0.630
       Category 1     Category 2        0.062       0.080            -0.018           -0.989
       Category 2     Category 1        0.493       0.512            -0.019           -0.551
       Category 2     Category 2        0.206       0.186             0.019            0.727
     COUNSELO       PSYCH_FT
       Category 1     Category 1        0.134       0.141            -0.007           -0.308
       Category 1     Category 2        0.292       0.285             0.007            0.239
       Category 2     Category 1        0.197       0.190             0.007            0.273
       Category 2     Category 2        0.377       0.384            -0.007           -0.221
     COUNSELO       LAW_FTE
       Category 1     Category 1        0.338       0.312             0.026            0.817
       Category 1     Category 2        0.088       0.114            -0.026           -1.193
       Category 2     Category 1        0.395       0.421            -0.026           -0.767
       Category 2     Category 2        0.179       0.153             0.026            1.051
     PSYCH_FT       LAW_FTE
       Category 1     Category 1        0.262       0.243             0.019            0.640
       Category 1     Category 2        0.069       0.088            -0.019           -0.967
       Category 2     Category 1        0.472       0.491            -0.019           -0.550
       Category 2     Category 2        0.197       0.178             0.019            0.718


     UNIVARIATE DISTRIBUTION FIT FOR CLASS 4

     Variable          Observed      Estimated      Residual (Obs.-Est.)    Stand. Residual
     REPORT_D
       Category 1        0.984          0.984                  0.000                0.000
       Category 2        0.016          0.016                  0.000                0.000
     REPORT_R
       Category 1        0.982          0.982                  0.000                0.000
       Category 2        0.018          0.018                  0.000                0.000
     REPORT_S
       Category 1        0.975          0.975                  0.000                0.000
       Category 2        0.025          0.025                  0.000                0.000
     COUNSELO
       Category 1        0.616          0.616                  0.000                0.000
       Category 2        0.384          0.384                  0.000                0.000
     PSYCH_FT
       Category 1        0.991          0.991                  0.000                0.000
       Category 2        0.009          0.009                  0.000                0.000
     LAW_FTE
       Category 1        1.000          1.000                  0.000               -0.008
       Category 2        0.000          0.000                  0.000                0.008


     BIVARIATE DISTRIBUTIONS FIT FOR CLASS 4

     Variable       Variable          Observed     Estimated    Residual (Obs.-Est.)  Stand. Residual
     REPORT_D       REPORT_R
       Category 1     Category 1        0.967       0.967             0.000            0.002
       Category 1     Category 2        0.017       0.017             0.000           -0.003
       Category 2     Category 1        0.015       0.015             0.000           -0.003
       Category 2     Category 2        0.000       0.000             0.000            0.023
     REPORT_D       REPORT_S
       Category 1     Category 1        0.960       0.960             0.000            0.056
       Category 1     Category 2        0.024       0.025             0.000           -0.071
       Category 2     Category 1        0.015       0.015             0.000           -0.089
       Category 2     Category 2        0.001       0.000             0.000            0.553
     REPORT_D       COUNSELO
       Category 1     Category 1        0.610       0.606             0.004            0.200
       Category 1     Category 2        0.374       0.378            -0.004           -0.216
       Category 2     Category 1        0.007       0.010            -0.003           -0.679
       Category 2     Category 2        0.009       0.006             0.003            0.944
     REPORT_D       PSYCH_FT
       Category 1     Category 1        0.974       0.975            -0.001           -0.087
       Category 1     Category 2        0.009       0.009             0.000            0.063
       Category 2     Category 1        0.016       0.016             0.000            0.058
       Category 2     Category 2        0.000       0.000             0.000            0.030
     REPORT_D       LAW_FTE
       Category 1     Category 1        0.984       0.984             0.000           -0.054
       Category 1     Category 2        0.000       0.000             0.000            0.008
       Category 2     Category 1        0.016       0.016             0.000            0.054
       Category 2     Category 2        0.000       0.000             0.000            0.000
     REPORT_R       REPORT_S
       Category 1     Category 1        0.958       0.958             0.000            0.012
       Category 1     Category 2        0.025       0.025             0.000           -0.015
       Category 2     Category 1        0.017       0.017             0.000           -0.018
       Category 2     Category 2        0.001       0.000             0.000            0.112
     REPORT_R       COUNSELO
       Category 1     Category 1        0.607       0.605             0.003            0.144
       Category 1     Category 2        0.375       0.378            -0.003           -0.161
       Category 2     Category 1        0.009       0.011            -0.002           -0.377
       Category 2     Category 2        0.009       0.007             0.002            0.568
     REPORT_R       PSYCH_FT
       Category 1     Category 1        0.972       0.973            -0.001           -0.092
       Category 1     Category 2        0.009       0.009             0.000            0.067
       Category 2     Category 1        0.018       0.018             0.000            0.064
       Category 2     Category 2        0.000       0.000             0.000            0.005
     REPORT_R       LAW_FTE
       Category 1     Category 1        0.982       0.982             0.000           -0.057
       Category 1     Category 2        0.000       0.000             0.000            0.007
       Category 2     Category 1        0.018       0.018             0.000            0.057
       Category 2     Category 2        0.000       0.000             0.000            0.000
     REPORT_S       COUNSELO
       Category 1     Category 1        0.598       0.600            -0.002           -0.088
       Category 1     Category 2        0.376       0.375             0.001            0.066
       Category 2     Category 1        0.018       0.015             0.003            0.602
       Category 2     Category 2        0.007       0.010            -0.003           -0.650
     REPORT_S       PSYCH_FT
       Category 1     Category 1        0.965       0.966            -0.001           -0.100
       Category 1     Category 2        0.009       0.009             0.000            0.065
       Category 2     Category 1        0.025       0.025             0.000            0.076
       Category 2     Category 2        0.000       0.000             0.000            0.014
     REPORT_S       LAW_FTE
       Category 1     Category 1        0.974       0.975             0.000           -0.068
       Category 1     Category 2        0.000       0.000             0.000            0.007
       Category 2     Category 1        0.026       0.025             0.000            0.068
       Category 2     Category 2        0.000       0.000             0.000            0.000
     COUNSELO       PSYCH_FT
       Category 1     Category 1        0.611       0.610             0.001            0.064
       Category 1     Category 2        0.006       0.006             0.000           -0.008
       Category 2     Category 1        0.380       0.381            -0.001           -0.064
       Category 2     Category 2        0.004       0.004             0.000            0.010
     COUNSELO       LAW_FTE
       Category 1     Category 1        0.616       0.616             0.000            0.000
       Category 1     Category 2        0.000       0.000             0.000            0.004
       Category 2     Category 1        0.384       0.384             0.000            0.000
       Category 2     Category 2        0.000       0.000             0.000            0.004
     PSYCH_FT       LAW_FTE
       Category 1     Category 1        0.991       0.991             0.000            0.000
       Category 1     Category 2        0.000       0.000             0.000            0.007
       Category 2     Category 1        0.009       0.009             0.000            0.000
       Category 2     Category 2        0.000       0.000             0.000            0.000


TECHNICAL 11 OUTPUT

     Random Starts Specifications for the k-1 Class Analysis Model
        Number of initial stage random starts                 200
        Number of final stage optimizations                   100



     VUONG-LO-MENDELL-RUBIN LIKELIHOOD RATIO TEST FOR 3 (H0) VERSUS 4 CLASSES

          H0 Loglikelihood Value                        -5122.478
          2 Times the Loglikelihood Difference             21.442
          Difference in the Number of Parameters                7
          Mean                                              3.967
          Standard Deviation                                5.337
          P-Value                                          0.0113

     LO-MENDELL-RUBIN ADJUSTED LRT TEST

          Value                                            21.047
          P-Value                                          0.0122


TECHNICAL 14 OUTPUT

     Random Starts Specifications for the k-1 Class Analysis Model
        Number of initial stage random starts                 200
        Number of final stage optimizations                   100

     Random Starts Specification for the k-1 Class Model for Generated Data
        Number of initial stage random starts                   0
        Number of final stage optimizations for the
           initial stage random starts                          0
     Random Starts Specification for the k Class Model for Generated Data
        Number of initial stage random starts                  40
        Number of final stage optimizations                     8
     Number of bootstrap draws requested                   Varies


     PARAMETRIC BOOTSTRAPPED LIKELIHOOD RATIO TEST FOR 3 (H0) VERSUS 4 CLASSES

          H0 Loglikelihood Value                        -5122.478
          2 Times the Loglikelihood Difference             21.442
          Difference in the Number of Parameters                7
          Approximate P-Value                              0.0000
          Successful Bootstrap Draws                           49

     WARNING:  OF THE 49 BOOTSTRAP DRAWS, 38 DRAWS HAD BOTH A SMALLER LRT VALUE THAN THE
     OBSERVED LRT VALUE AND NOT A REPLICATED BEST LOGLIKELIHOOD VALUE FOR THE 4-CLASS MODEL.
     THIS MEANS THAT THE P-VALUE MAY NOT BE TRUSTWORTHY DUE TO LOCAL MAXIMA.
     INCREASE THE NUMBER OF RANDOM STARTS USING THE LRTSTARTS OPTION.



PLOT INFORMATION

The following plots are available:

  Histograms (sample values)
  Scatterplots (sample values)
  Sample proportions and estimated probabilities

     Beginning Time:  13:57:22
        Ending Time:  13:57:25
       Elapsed Time:  00:00:03



MUTHEN & MUTHEN
3463 Stoner Ave.
Los Angeles, CA  90066

Tel: (310) 391-9971
Fax: (310) 391-8971
Web: www.StatModel.com
Support: Support@StatModel.com

Copyright (c) 1998-2021 Muthen & Muthen
