Mplus VERSION 8.6 (Mac)
MUTHEN & MUTHEN
09/17/2023   1:57 PM

INPUT INSTRUCTIONS

  TITLE:
  5-Class
  DATA:
  FILE = "/Users/agarber/github/Intro_to_LCA/enum/bully.dat";

  VARIABLE:
  NAMES = report_dis report_race report_sex counselors_fte psych_fte law_fte;
   MISSING=.;
   categorical = report_dis-law_fte;
  usevar = report_dis-law_fte;
  classes = c(5);
  ANALYSIS:
  estimator = mlr;
      type = mixture;
      starts = 200 100;
      processors = 10;
  OUTPUT:
  sampstat residual tech11 tech14;
  PLOT:
  type = plot3;
      series = report_dis-law_fte(*);



*** WARNING in VARIABLE command
  Note that only the first 8 characters of variable names are used in the output.
  Shorten variable names to avoid any confusion.
*** WARNING in PLOT command
  Note that only the first 8 characters of variable names are used in plots.
  If variable names are not unique within the first 8 characters, problems
  may occur.
*** WARNING in OUTPUT command
  SAMPSTAT option is not available when all outcomes are censored, ordered
  categorical, unordered categorical (nominal), count or continuous-time
  survival variables.  Request for SAMPSTAT is ignored.
   3 WARNING(S) FOUND IN THE INPUT INSTRUCTIONS




5-Class

SUMMARY OF ANALYSIS

Number of groups                                                 1
Number of observations                                        2027

Number of dependent variables                                    6
Number of independent variables                                  0
Number of continuous latent variables                            0
Number of categorical latent variables                           1

Observed dependent variables

  Binary and ordered categorical (ordinal)
   REPORT_D    REPORT_R    REPORT_S    COUNSELO    PSYCH_FT    LAW_FTE

Categorical latent variables
   C


Estimator                                                      MLR
Information matrix                                        OBSERVED
Optimization Specifications for the Quasi-Newton Algorithm for
Continuous Outcomes
  Maximum number of iterations                                 100
  Convergence criterion                                  0.100D-05
Optimization Specifications for the EM Algorithm
  Maximum number of iterations                                 500
  Convergence criteria
    Loglikelihood change                                 0.100D-06
    Relative loglikelihood change                        0.100D-06
    Derivative                                           0.100D-05
Optimization Specifications for the M step of the EM Algorithm for
Categorical Latent variables
  Number of M step iterations                                    1
  M step convergence criterion                           0.100D-05
  Basis for M step termination                           ITERATION
Optimization Specifications for the M step of the EM Algorithm for
Censored, Binary or Ordered Categorical (Ordinal), Unordered
Categorical (Nominal) and Count Outcomes
  Number of M step iterations                                    1
  M step convergence criterion                           0.100D-05
  Basis for M step termination                           ITERATION
  Maximum value for logit thresholds                            15
  Minimum value for logit thresholds                           -15
  Minimum expected cell size for chi-square              0.100D-01
Maximum number of iterations for H1                           2000
Convergence criterion for H1                             0.100D-03
Optimization algorithm                                         EMA
Random Starts Specifications
  Number of initial stage random starts                        200
  Number of final stage optimizations                          100
  Number of initial stage iterations                            10
  Initial stage convergence criterion                    0.100D+01
  Random starts scale                                    0.500D+01
  Random seed for generating random starts                       0
Link                                                         LOGIT

Input data file(s)
  /Users/agarber/github/Intro_to_LCA/enum/bully.dat
Input data format  FREE


SUMMARY OF DATA

     Number of missing data patterns             4
     Number of y missing data patterns           0
     Number of u missing data patterns           4


COVARIANCE COVERAGE OF DATA

Minimum covariance coverage value   0.100


     PROPORTION OF DATA PRESENT FOR U


           Covariance Coverage
              REPORT_D      REPORT_R      REPORT_S      COUNSELO      PSYCH_FT
              ________      ________      ________      ________      ________
 REPORT_D       0.987
 REPORT_R       0.987         0.987
 REPORT_S       0.987         0.987         0.987
 COUNSELO       0.973         0.973         0.973         0.987
 PSYCH_FT       0.972         0.972         0.972         0.985         0.985
 LAW_FTE        0.973         0.973         0.973         0.987         0.985


           Covariance Coverage
              LAW_FTE
              ________
 LAW_FTE        0.987


UNIVARIATE PROPORTIONS AND COUNTS FOR CATEGORICAL VARIABLES

    REPORT_D
      Category 1    0.958         1915.000
      Category 2    0.043           85.000
    REPORT_R
      Category 1    0.897         1794.000
      Category 2    0.103          206.000
    REPORT_S
      Category 1    0.830         1660.000
      Category 2    0.170          340.000
    COUNSELO
      Category 1    0.540         1081.000
      Category 2    0.460          919.000
    PSYCH_FT
      Category 1    0.526         1050.000
      Category 2    0.474          947.000
    LAW_FTE
      Category 1    0.875         1749.000
      Category 2    0.126          251.000


RANDOM STARTS RESULTS RANKED FROM THE BEST TO THE WORST LOGLIKELIHOOD VALUES

Final stage loglikelihood values at local maxima, seeds, and initial stage start numbers:

           -5105.589  414284           158
           -5105.589  21345            199
           -5105.589  915642           40
           -5105.589  476498           179
           -5105.589  345070           114
           -5105.589  608496           4
           -5105.589  383986           159
           -5105.661  263268           165
           -5105.791  794236           127
           -5105.791  533738           11
           -5105.791  259507           53
           -5105.799  793035           187
           -5105.799  576220           115
           -5105.799  587946           120
           -5105.799  284109           82
           -5106.748  318230           46
           -5106.983  164305           128
           -5107.172  467339           66
           -5107.172  481835           57
           -5107.172  120506           45
           -5107.449  813779           92
           -5107.450  784664           75
           -5107.458  70118            104
           -5107.728  372176           23
           -5107.958  227563           63
           -5108.003  46437            153
           -5108.860  285380           1
           -5108.860  392418           28
           -5110.474  107446           12
           -5110.831  575700           100

Unperturbed starting value run did not converge or was rejected in the third stage.

69 perturbed starting value run(s) did not converge or were rejected in the third stage.



THE BEST LOGLIKELIHOOD VALUE HAS BEEN REPLICATED.  RERUN WITH AT LEAST TWICE THE
RANDOM STARTS TO CHECK THAT THE BEST LOGLIKELIHOOD IS STILL OBTAINED AND REPLICATED.

     IN THE OPTIMIZATION, ONE OR MORE LOGIT THRESHOLDS APPROACHED EXTREME VALUES
     OF -15.000 AND 15.000 AND WERE FIXED TO STABILIZE MODEL ESTIMATION.  THESE
     VALUES IMPLY PROBABILITIES OF 0 AND 1.  IN THE MODEL RESULTS SECTION, THESE
     PARAMETERS HAVE 0 STANDARD ERRORS AND 999 IN THE Z-SCORE AND P-VALUE COLUMNS.




THE MODEL ESTIMATION TERMINATED NORMALLY



MODEL FIT INFORMATION

Number of Free Parameters                       34

Loglikelihood

          H0 Value                       -5105.589
          H0 Scaling Correction Factor      1.0325
            for MLR

Information Criteria

          Akaike (AIC)                   10279.178
          Bayesian (BIC)                 10470.065
          Sample-Size Adjusted BIC       10362.044
            (n* = (n + 2) / 24)

Chi-Square Test of Model Fit for the Binary and Ordered Categorical
(Ordinal) Outcomes

          Pearson Chi-Square

          Value                             39.355
          Degrees of Freedom                    29
          P-Value                           0.0950

          Likelihood Ratio Chi-Square

          Value                             41.978
          Degrees of Freedom                    29
          P-Value                           0.0564

Chi-Square Test for MCAR under the Unrestricted Latent Class Indicator Model

          Pearson Chi-Square

          Value                             42.095
          Degrees of Freedom                    45
          P-Value                           0.5958

          Likelihood Ratio Chi-Square

          Value                             57.954
          Degrees of Freedom                    45
          P-Value                           0.0931



FINAL CLASS COUNTS AND PROPORTIONS FOR THE LATENT CLASSES
BASED ON THE ESTIMATED MODEL

    Latent
   Classes

       1         43.47131          0.02145
       2        566.55940          0.27951
       3        626.45322          0.30905
       4        603.20388          0.29758
       5        187.31219          0.09241


FINAL CLASS COUNTS AND PROPORTIONS FOR THE LATENT CLASSES
BASED ON ESTIMATED POSTERIOR PROBABILITIES

    Latent
   Classes

       1         43.47131          0.02145
       2        566.55940          0.27951
       3        626.45322          0.30905
       4        603.20388          0.29758
       5        187.31219          0.09241


FINAL CLASS COUNTS AND PROPORTIONS FOR THE LATENT CLASSES
BASED ON THEIR MOST LIKELY LATENT CLASS MEMBERSHIP

Class Counts and Proportions

    Latent
   Classes

       1               46          0.02269
       2              498          0.24568
       3              470          0.23187
       4              883          0.43562
       5              130          0.06413


CLASSIFICATION QUALITY

     Entropy                         0.747


Average Latent Class Probabilities for Most Likely Latent Class Membership (Row)
by Latent Class (Column)

           1        2        3        4        5

    1   0.834    0.009    0.006    0.000    0.152
    2   0.007    0.954    0.000    0.008    0.031
    3   0.004    0.000    0.906    0.021    0.069
    4   0.000    0.102    0.224    0.664    0.009
    5   0.000    0.010    0.016    0.022    0.953


Classification Probabilities for the Most Likely Latent Class Membership (Column)
by Latent Class (Row)

           1        2        3        4        5

    1   0.882    0.077    0.040    0.000    0.000
    2   0.001    0.838    0.000    0.159    0.002
    3   0.000    0.000    0.680    0.316    0.003
    4   0.000    0.007    0.016    0.973    0.005
    5   0.037    0.084    0.174    0.044    0.661


Logits for the Classification Probabilities for the Most Likely Latent Class Membership (Column)
by Latent Class (Row)

              1        2        3        4        5

    1     13.690   11.258   10.601    5.518    0.000
    2     -1.131    5.929   -7.710    4.264    0.000
    3     -2.092   -8.105    5.325    4.559    0.000
    4     -8.452    0.330    1.233    5.336    0.000
    5     -2.875   -2.067   -1.337   -2.701    0.000


MODEL RESULTS

                                                    Two-Tailed
                    Estimate       S.E.  Est./S.E.    P-Value

Latent Class 1

 Thresholds
    REPORT_D$1         0.361      0.565      0.638      0.523
    REPORT_R$1        -1.805      0.813     -2.222      0.026
    REPORT_S$1        -1.551      0.507     -3.057      0.002
    COUNSELO$1        -1.004      0.586     -1.713      0.087
    PSYCH_FT$1        -1.419      0.939     -1.511      0.131
    LAW_FTE$1        -15.000      0.000    999.000    999.000

Latent Class 2

 Thresholds
    REPORT_D$1         4.135      0.503      8.212      0.000
    REPORT_R$1        15.000      0.000    999.000    999.000
    REPORT_S$1         1.366      0.129     10.585      0.000
    COUNSELO$1       -15.000      0.000    999.000    999.000
    PSYCH_FT$1        -1.112      0.166     -6.703      0.000
    LAW_FTE$1          1.069      0.109      9.785      0.000

Latent Class 3

 Thresholds
    REPORT_D$1        15.000      0.000    999.000    999.000
    REPORT_R$1         3.203      0.423      7.571      0.000
    REPORT_S$1         2.173      0.196     11.099      0.000
    COUNSELO$1        15.000      0.000    999.000    999.000
    PSYCH_FT$1        -0.459      0.445     -1.032      0.302
    LAW_FTE$1          2.337      0.246      9.482      0.000

Latent Class 4

 Thresholds
    REPORT_D$1         4.209      0.481      8.755      0.000
    REPORT_R$1         4.702      1.321      3.560      0.000
    REPORT_S$1         4.050      1.809      2.239      0.025
    COUNSELO$1         0.445      0.293      1.522      0.128
    PSYCH_FT$1        15.000      0.000    999.000    999.000
    LAW_FTE$1         15.000      0.000    999.000    999.000

Latent Class 5

 Thresholds
    REPORT_D$1         1.004      0.218      4.613      0.000
    REPORT_R$1        -1.104      0.402     -2.748      0.006
    REPORT_S$1        -0.521      0.225     -2.319      0.020
    COUNSELO$1        -0.065      0.197     -0.328      0.743
    PSYCH_FT$1        -0.456      0.218     -2.094      0.036
    LAW_FTE$1          2.845      2.588      1.099      0.272

Categorical Latent Variables

 Means
    C#1               -1.461      0.682     -2.143      0.032
    C#2                1.107      0.201      5.518      0.000
    C#3                1.207      0.266      4.535      0.000
    C#4                1.169      0.266      4.390      0.000


QUALITY OF NUMERICAL RESULTS

     Condition Number for the Information Matrix              0.300E-03
       (ratio of smallest to largest eigenvalue)


RESULTS IN PROBABILITY SCALE

                                                    Two-Tailed
                    Estimate       S.E.  Est./S.E.    P-Value

Latent Class 1

 REPORT_DIS
    Category 1         0.589      0.137      4.306      0.000
    Category 2         0.411      0.137      3.001      0.003
 REPORT_RAC
    Category 1         0.141      0.099      1.433      0.152
    Category 2         0.859      0.099      8.715      0.000
 REPORT_SEX
    Category 1         0.175      0.073      2.389      0.017
    Category 2         0.825      0.073     11.265      0.000
 COUNSELORS
    Category 1         0.268      0.115      2.330      0.020
    Category 2         0.732      0.115      6.361      0.000
 PSYCH_FTE
    Category 1         0.195      0.147      1.322      0.186
    Category 2         0.805      0.147      5.464      0.000
 LAW_FTE
    Category 1         0.000      0.000      0.000      1.000
    Category 2         1.000      0.000      0.000      1.000

Latent Class 2

 REPORT_DIS
    Category 1         0.984      0.008    126.042      0.000
    Category 2         0.016      0.008      2.018      0.044
 REPORT_RAC
    Category 1         1.000      0.000      0.000      1.000
    Category 2         0.000      0.000      0.000      1.000
 REPORT_SEX
    Category 1         0.797      0.021     38.122      0.000
    Category 2         0.203      0.021      9.727      0.000
 COUNSELORS
    Category 1         0.000      0.000      0.000      1.000
    Category 2         1.000      0.000      0.000      1.000
 PSYCH_FTE
    Category 1         0.248      0.031      8.013      0.000
    Category 2         0.752      0.031     24.355      0.000
 LAW_FTE
    Category 1         0.744      0.021     35.813      0.000
    Category 2         0.256      0.021     12.297      0.000

Latent Class 3

 REPORT_DIS
    Category 1         1.000      0.000      0.000      1.000
    Category 2         0.000      0.000      0.000      1.000
 REPORT_RAC
    Category 1         0.961      0.016     60.532      0.000
    Category 2         0.039      0.016      2.460      0.014
 REPORT_SEX
    Category 1         0.898      0.018     49.981      0.000
    Category 2         0.102      0.018      5.688      0.000
 COUNSELORS
    Category 1         1.000      0.000      0.000      1.000
    Category 2         0.000      0.000      0.000      1.000
 PSYCH_FTE
    Category 1         0.387      0.106      3.667      0.000
    Category 2         0.613      0.106      5.806      0.000
 LAW_FTE
    Category 1         0.912      0.020     46.045      0.000
    Category 2         0.088      0.020      4.450      0.000

Latent Class 4

 REPORT_DIS
    Category 1         0.985      0.007    142.017      0.000
    Category 2         0.015      0.007      2.111      0.035
 REPORT_RAC
    Category 1         0.991      0.012     84.181      0.000
    Category 2         0.009      0.012      0.764      0.445
 REPORT_SEX
    Category 1         0.983      0.030     32.298      0.000
    Category 2         0.017      0.030      0.563      0.574
 COUNSELORS
    Category 1         0.610      0.070      8.753      0.000
    Category 2         0.390      0.070      5.607      0.000
 PSYCH_FTE
    Category 1         1.000      0.000      0.000      1.000
    Category 2         0.000      0.000      0.000      1.000
 LAW_FTE
    Category 1         1.000      0.000      0.000      1.000
    Category 2         0.000      0.000      0.000      1.000

Latent Class 5

 REPORT_DIS
    Category 1         0.732      0.043     17.135      0.000
    Category 2         0.268      0.043      6.280      0.000
 REPORT_RAC
    Category 1         0.249      0.075      3.315      0.001
    Category 2         0.751      0.075      9.998      0.000
 REPORT_SEX
    Category 1         0.373      0.053      7.088      0.000
    Category 2         0.627      0.053     11.938      0.000
 COUNSELORS
    Category 1         0.484      0.049      9.821      0.000
    Category 2         0.516      0.049     10.477      0.000
 PSYCH_FTE
    Category 1         0.388      0.052      7.506      0.000
    Category 2         0.612      0.052     11.841      0.000
 LAW_FTE
    Category 1         0.945      0.134      7.030      0.000
    Category 2         0.055      0.134      0.409      0.683


LATENT CLASS INDICATOR ODDS RATIOS FOR THE LATENT CLASSES

                                                95% C.I.
                    Estimate       S.E.  Lower 2.5% Upper 2.5%

Latent Class 1 Compared to Latent Class 2

 REPORT_D
    Category > 1      43.531     32.644     10.011    189.291
 REPORT_R
    Category > 1   *********      0.000  *********  *********
 REPORT_S
    Category > 1      18.482      9.774      6.555     52.109
 COUNSELO
    Category > 1       0.000      0.000      0.000      0.000
 PSYCH_FT
    Category > 1       1.360      1.299      0.209      8.843
 LAW_FTE
    Category > 1   *********      0.000  *********  *********

Latent Class 1 Compared to Latent Class 3

 REPORT_D
    Category > 1   *********      0.000  *********  *********
 REPORT_R
    Category > 1     149.681    136.397     25.089    892.980
 REPORT_S
    Category > 1      41.436     22.855     14.056    122.150
 COUNSELO
    Category > 1   *********      0.000  *********  *********
 PSYCH_FT
    Category > 1       2.611      2.655      0.356     19.155
 LAW_FTE
    Category > 1   *********      0.000  *********  *********

Latent Class 1 Compared to Latent Class 4

 REPORT_D
    Category > 1      46.886     34.328     11.164    196.909
 REPORT_R
    Category > 1     670.148   1035.235     32.451  13839.474
 REPORT_S
    Category > 1     270.754    497.446      7.390   9919.437
 COUNSELO
    Category > 1       4.262      2.883      1.132     16.048
 PSYCH_FT
    Category > 1   *********      0.000  *********  *********
 LAW_FTE
    Category > 1   *********      0.000  *********  *********

Latent Class 1 Compared to Latent Class 5

 REPORT_D
    Category > 1       1.902      1.280      0.508      7.115
 REPORT_R
    Category > 1       2.017      1.833      0.340     11.971
 REPORT_S
    Category > 1       2.800      1.551      0.945      8.293
 COUNSELO
    Category > 1       2.559      1.630      0.735      8.918
 PSYCH_FT
    Category > 1       2.620      2.688      0.351     19.572
 LAW_FTE
    Category > 1   *********      0.000  *********  *********

Latent Class 2 Compared to Latent Class 3

 REPORT_D
    Category > 1   52339.027      0.000  52339.027  52339.027
 REPORT_R
    Category > 1       0.000      0.000      0.000      0.000
 REPORT_S
    Category > 1       2.242      0.480      1.474      3.410
 COUNSELO
    Category > 1   *********      0.000  *********  *********
 PSYCH_FT
    Category > 1       1.920      0.856      0.801      4.600
 LAW_FTE
    Category > 1       3.553      0.929      2.129      5.931

Latent Class 2 Compared to Latent Class 4

 REPORT_D
    Category > 1       1.077      0.818      0.243      4.771
 REPORT_R
    Category > 1       0.000      0.000      0.000      0.000
 REPORT_S
    Category > 1      14.650     26.975      0.397    541.033
 COUNSELO
    Category > 1   *********      0.000  *********  *********
 PSYCH_FT
    Category > 1   *********      0.000  *********  *********
 LAW_FTE
    Category > 1   *********      0.000  *********  *********

Latent Class 2 Compared to Latent Class 5

 REPORT_D
    Category > 1       0.044      0.024      0.015      0.131
 REPORT_R
    Category > 1       0.000      0.000      0.000      0.000
 REPORT_S
    Category > 1       0.151      0.040      0.090      0.255
 COUNSELO
    Category > 1   *********      0.000  *********  *********
 PSYCH_FT
    Category > 1       1.927      0.529      1.124      3.302
 LAW_FTE
    Category > 1       5.904     15.376      0.036    972.973

Latent Class 3 Compared to Latent Class 4

 REPORT_D
    Category > 1       0.000      0.000      0.000      0.000
 REPORT_R
    Category > 1       4.477      6.498      0.260     76.985
 REPORT_S
    Category > 1       6.534     12.540      0.152    281.057
 COUNSELO
    Category > 1       0.000      0.000      0.000      0.000
 PSYCH_FT
    Category > 1   *********      0.000  *********  *********
 LAW_FTE
    Category > 1   *********      0.000  *********  *********

Latent Class 3 Compared to Latent Class 5

 REPORT_D
    Category > 1       0.000      0.000      0.000      0.000
 REPORT_R
    Category > 1       0.013      0.008      0.004      0.046
 REPORT_S
    Category > 1       0.068      0.021      0.037      0.124
 COUNSELO
    Category > 1       0.000      0.000      0.000      0.000
 PSYCH_FT
    Category > 1       1.003      0.501      0.377      2.672
 LAW_FTE
    Category > 1       1.662      4.366      0.010    286.373

Latent Class 4 Compared to Latent Class 5

 REPORT_D
    Category > 1       0.041      0.021      0.014      0.114
 REPORT_R
    Category > 1       0.003      0.004      0.000      0.042
 REPORT_S
    Category > 1       0.010      0.019      0.000      0.356
 COUNSELO
    Category > 1       0.601      0.210      0.303      1.192
 PSYCH_FT
    Category > 1       0.000      0.000      0.000      0.000
 LAW_FTE
    Category > 1       0.000      0.000      0.000      0.000


RESIDUAL OUTPUT


     UNIVARIATE DISTRIBUTION FIT FOR CLASS 1

     Variable          Observed      Estimated      Residual (Obs.-Est.)    Stand. Residual
     REPORT_D
       Category 1        0.589          0.589                  0.000                0.000
       Category 2        0.411          0.411                  0.000                0.000
     REPORT_R
       Category 1        0.141          0.141                  0.000                0.000
       Category 2        0.859          0.859                  0.000                0.000
     REPORT_S
       Category 1        0.175          0.175                  0.000                0.000
       Category 2        0.825          0.825                  0.000                0.000
     COUNSELO
       Category 1        0.268          0.268                  0.000                0.000
       Category 2        0.732          0.732                  0.000                0.000
     PSYCH_FT
       Category 1        0.195          0.195                  0.000                0.000
       Category 2        0.805          0.805                  0.000                0.000
     LAW_FTE
       Category 1        0.000          0.000                  0.000                0.002
       Category 2        1.000          1.000                  0.000               -0.002


     BIVARIATE DISTRIBUTIONS FIT FOR CLASS 1

     Variable       Variable          Observed     Estimated    Residual (Obs.-Est.)  Stand. Residual
     REPORT_D       REPORT_R
       Category 1     Category 1        0.083       0.083             0.000           -0.001
       Category 1     Category 2        0.506       0.506             0.000            0.001
       Category 2     Category 1        0.058       0.058             0.000            0.002
       Category 2     Category 2        0.353       0.353             0.000           -0.001
     REPORT_D       REPORT_S
       Category 1     Category 1        0.088       0.103            -0.015           -0.328
       Category 1     Category 2        0.501       0.486             0.015            0.200
       Category 2     Category 1        0.087       0.072             0.015            0.386
       Category 2     Category 2        0.324       0.339            -0.015           -0.211
     REPORT_D       COUNSELO
       Category 1     Category 1        0.150       0.158            -0.008           -0.147
       Category 1     Category 2        0.439       0.431             0.008            0.107
       Category 2     Category 1        0.119       0.110             0.009            0.190
       Category 2     Category 2        0.292       0.301            -0.009           -0.128
     REPORT_D       PSYCH_FT
       Category 1     Category 1        0.152       0.115             0.037            0.766
       Category 1     Category 2        0.437       0.475            -0.037           -0.491
       Category 2     Category 1        0.040       0.080            -0.040           -0.964
       Category 2     Category 2        0.370       0.331             0.040            0.557
     REPORT_D       LAW_FTE
       Category 1     Category 1        0.000       0.000             0.000            0.001
       Category 1     Category 2        0.589       0.589             0.000           -0.001
       Category 2     Category 1        0.000       0.000             0.000            0.001
       Category 2     Category 2        0.411       0.411             0.000            0.001
     REPORT_R       REPORT_S
       Category 1     Category 1        0.021       0.025            -0.003           -0.140
       Category 1     Category 2        0.120       0.117             0.003            0.068
       Category 2     Category 1        0.154       0.150             0.003            0.061
       Category 2     Category 2        0.705       0.709            -0.003           -0.048
     REPORT_R       COUNSELO
       Category 1     Category 1        0.033       0.038            -0.004           -0.153
       Category 1     Category 2        0.108       0.103             0.004            0.091
       Category 2     Category 1        0.236       0.230             0.005            0.083
       Category 2     Category 2        0.623       0.629            -0.005           -0.069
     REPORT_R       PSYCH_FT
       Category 1     Category 1        0.017       0.028            -0.010           -0.408
       Category 1     Category 2        0.124       0.114             0.010            0.206
       Category 2     Category 1        0.175       0.167             0.008            0.133
       Category 2     Category 2        0.684       0.692            -0.007           -0.104
     REPORT_R       LAW_FTE
       Category 1     Category 1        0.000       0.000             0.000            0.000
       Category 1     Category 2        0.141       0.141             0.000           -0.004
       Category 2     Category 1        0.000       0.000             0.000            0.002
       Category 2     Category 2        0.859       0.859             0.000            0.004
     REPORT_S       COUNSELO
       Category 1     Category 1        0.029       0.047            -0.018           -0.556
       Category 1     Category 2        0.146       0.128             0.018            0.348
       Category 2     Category 1        0.240       0.221             0.019            0.297
       Category 2     Category 2        0.585       0.604            -0.018           -0.249
     REPORT_S       PSYCH_FT
       Category 1     Category 1        0.026       0.034            -0.008           -0.279
       Category 1     Category 2        0.148       0.141             0.007            0.142
       Category 2     Category 1        0.166       0.161             0.005            0.091
       Category 2     Category 2        0.659       0.664            -0.005           -0.068
     REPORT_S       LAW_FTE
       Category 1     Category 1        0.000       0.000             0.000            0.000
       Category 1     Category 2        0.175       0.175             0.000           -0.004
       Category 2     Category 1        0.000       0.000             0.000            0.002
       Category 2     Category 2        0.825       0.825             0.000            0.004
     COUNSELO       PSYCH_FT
       Category 1     Category 1        0.054       0.052             0.002            0.045
       Category 1     Category 2        0.214       0.216            -0.002           -0.024
       Category 2     Category 1        0.141       0.143            -0.002           -0.028
       Category 2     Category 2        0.591       0.589             0.002            0.020
     COUNSELO       LAW_FTE
       Category 1     Category 1        0.000       0.000             0.000            0.001
       Category 1     Category 2        0.268       0.268             0.000            0.000
       Category 2     Category 1        0.000       0.000             0.000            0.001
       Category 2     Category 2        0.732       0.732             0.000            0.000
     PSYCH_FT       LAW_FTE
       Category 1     Category 1        0.000       0.000             0.000            0.000
       Category 1     Category 2        0.195       0.195             0.000            0.000
       Category 2     Category 1        0.000       0.000             0.000            0.002
       Category 2     Category 2        0.805       0.805             0.000            0.000


     UNIVARIATE DISTRIBUTION FIT FOR CLASS 2

     Variable          Observed      Estimated      Residual (Obs.-Est.)    Stand. Residual
     REPORT_D
       Category 1        0.984          0.984                  0.000                0.000
       Category 2        0.016          0.016                  0.000                0.000
     REPORT_R
       Category 1        1.000          1.000                  0.000               -0.006
       Category 2        0.000          0.000                  0.000                0.006
     REPORT_S
       Category 1        0.797          0.797                  0.000                0.000
       Category 2        0.203          0.203                  0.000                0.000
     COUNSELO
       Category 1        0.000          0.000                  0.000                0.007
       Category 2        1.000          1.000                  0.000               -0.007
     PSYCH_FT
       Category 1        0.248          0.248                  0.000                0.000
       Category 2        0.752          0.752                  0.000                0.000
     LAW_FTE
       Category 1        0.744          0.744                  0.000                0.000
       Category 2        0.256          0.256                  0.000                0.000


     BIVARIATE DISTRIBUTIONS FIT FOR CLASS 2

     Variable       Variable          Observed     Estimated    Residual (Obs.-Est.)  Stand. Residual
     REPORT_D       REPORT_R
       Category 1     Category 1        0.984       0.984             0.000            0.000
       Category 1     Category 2        0.000       0.000             0.000            0.006
       Category 2     Category 1        0.016       0.016             0.000            0.000
       Category 2     Category 2        0.000       0.000             0.000            0.000
     REPORT_D       REPORT_S
       Category 1     Category 1        0.784       0.784             0.000           -0.013
       Category 1     Category 2        0.200       0.200             0.000            0.014
       Category 2     Category 1        0.013       0.013             0.000            0.050
       Category 2     Category 2        0.003       0.003             0.000           -0.098
     REPORT_D       COUNSELO
       Category 1     Category 1        0.000       0.000             0.000            0.007
       Category 1     Category 2        0.984       0.984             0.000           -0.041
       Category 2     Category 1        0.000       0.000             0.000            0.000
       Category 2     Category 2        0.016       0.016             0.000            0.041
     REPORT_D       PSYCH_FT
       Category 1     Category 1        0.238       0.244            -0.005           -0.301
       Category 1     Category 2        0.746       0.741             0.005            0.280
       Category 2     Category 1        0.004       0.004             0.000            0.059
       Category 2     Category 2        0.012       0.012             0.000            0.025
     REPORT_D       LAW_FTE
       Category 1     Category 1        0.732       0.733            -0.001           -0.051
       Category 1     Category 2        0.252       0.252             0.001            0.040
       Category 2     Category 1        0.012       0.012             0.001            0.138
       Category 2     Category 2        0.004       0.004             0.000           -0.154
     REPORT_R       REPORT_S
       Category 1     Category 1        0.797       0.797             0.000            0.000
       Category 1     Category 2        0.203       0.203             0.000            0.000
       Category 2     Category 1        0.000       0.000             0.000            0.004
       Category 2     Category 2        0.000       0.000             0.000            0.002
     REPORT_R       COUNSELO
       Category 1     Category 1        0.000       0.000             0.000            0.007
       Category 1     Category 2        1.000       1.000             0.000           -0.013
       Category 2     Category 1        0.000       0.000             0.000            0.000
       Category 2     Category 2        0.000       0.000             0.000            0.006
     REPORT_R       PSYCH_FT
       Category 1     Category 1        0.242       0.248            -0.005           -0.290
       Category 1     Category 2        0.758       0.752             0.005            0.290
       Category 2     Category 1        0.000       0.000             0.000            0.002
       Category 2     Category 2        0.000       0.000             0.000            0.004
     REPORT_R       LAW_FTE
       Category 1     Category 1        0.744       0.744             0.000           -0.017
       Category 1     Category 2        0.256       0.256             0.000            0.017
       Category 2     Category 1        0.000       0.000             0.000            0.005
       Category 2     Category 2        0.000       0.000             0.000            0.002
     REPORT_S       COUNSELO
       Category 1     Category 1        0.000       0.000             0.000            0.006
       Category 1     Category 2        0.794       0.797            -0.003           -0.165
       Category 2     Category 1        0.000       0.000             0.000            0.001
       Category 2     Category 2        0.206       0.203             0.003            0.165
     REPORT_S       PSYCH_FT
       Category 1     Category 1        0.202       0.197             0.005            0.301
       Category 1     Category 2        0.591       0.599            -0.008           -0.412
       Category 2     Category 1        0.040       0.050            -0.010           -1.121
       Category 2     Category 2        0.167       0.153             0.014            0.909
     REPORT_S       LAW_FTE
       Category 1     Category 1        0.598       0.593             0.005            0.234
       Category 1     Category 2        0.196       0.204            -0.008           -0.450
       Category 2     Category 1        0.146       0.151            -0.005           -0.341
       Category 2     Category 2        0.060       0.052             0.008            0.850
     COUNSELO       PSYCH_FT
       Category 1     Category 1        0.000       0.000             0.000            0.002
       Category 1     Category 2        0.000       0.000             0.000            0.005
       Category 2     Category 1        0.248       0.248             0.000            0.000
       Category 2     Category 2        0.752       0.752             0.000            0.000
     COUNSELO       LAW_FTE
       Category 1     Category 1        0.000       0.000             0.000            0.005
       Category 1     Category 2        0.000       0.000             0.000            0.002
       Category 2     Category 1        0.744       0.744             0.000            0.000
       Category 2     Category 2        0.256       0.256             0.000            0.000
     PSYCH_FT       LAW_FTE
       Category 1     Category 1        0.174       0.184            -0.010           -0.618
       Category 1     Category 2        0.073       0.063             0.010            0.985
       Category 2     Category 1        0.569       0.560             0.009            0.444
       Category 2     Category 2        0.183       0.192            -0.009           -0.560


     UNIVARIATE DISTRIBUTION FIT FOR CLASS 3

     Variable          Observed      Estimated      Residual (Obs.-Est.)    Stand. Residual
     REPORT_D
       Category 1        1.000          1.000                  0.000               -0.006
       Category 2        0.000          0.000                  0.000                0.006
     REPORT_R
       Category 1        0.961          0.961                  0.000                0.000
       Category 2        0.039          0.039                  0.000                0.000
     REPORT_S
       Category 1        0.898          0.898                  0.000                0.000
       Category 2        0.102          0.102                  0.000                0.000
     COUNSELO
       Category 1        1.000          1.000                  0.000               -0.008
       Category 2        0.000          0.000                  0.000                0.008
     PSYCH_FT
       Category 1        0.387          0.387                  0.000                0.000
       Category 2        0.613          0.613                  0.000                0.000
     LAW_FTE
       Category 1        0.912          0.912                  0.000                0.000
       Category 2        0.088          0.088                  0.000                0.000


     BIVARIATE DISTRIBUTIONS FIT FOR CLASS 3

     Variable       Variable          Observed     Estimated    Residual (Obs.-Est.)  Stand. Residual
     REPORT_D       REPORT_R
       Category 1     Category 1        0.961       0.961             0.000            0.000
       Category 1     Category 2        0.039       0.039             0.000            0.000
       Category 2     Category 1        0.000       0.000             0.000            0.005
       Category 2     Category 2        0.000       0.000             0.000            0.000
     REPORT_D       REPORT_S
       Category 1     Category 1        0.898       0.898             0.000            0.000
       Category 1     Category 2        0.102       0.102             0.000            0.000
       Category 2     Category 1        0.000       0.000             0.000            0.005
       Category 2     Category 2        0.000       0.000             0.000            0.001
     REPORT_D       COUNSELO
       Category 1     Category 1        1.000       1.000             0.000           -0.013
       Category 1     Category 2        0.000       0.000             0.000            0.008
       Category 2     Category 1        0.000       0.000             0.000            0.006
       Category 2     Category 2        0.000       0.000             0.000            0.000
     REPORT_D       PSYCH_FT
       Category 1     Category 1        0.382       0.387            -0.005           -0.274
       Category 1     Category 2        0.618       0.613             0.005            0.274
       Category 2     Category 1        0.000       0.000             0.000            0.002
       Category 2     Category 2        0.000       0.000             0.000            0.004
     REPORT_D       LAW_FTE
       Category 1     Category 1        0.911       0.912            -0.001           -0.068
       Category 1     Category 2        0.089       0.088             0.001            0.068
       Category 2     Category 1        0.000       0.000             0.000            0.006
       Category 2     Category 2        0.000       0.000             0.000            0.000
     REPORT_R       REPORT_S
       Category 1     Category 1        0.863       0.863             0.000           -0.017
       Category 1     Category 2        0.098       0.098             0.000            0.020
       Category 2     Category 1        0.035       0.035             0.000            0.032
       Category 2     Category 2        0.004       0.004             0.000           -0.094
     REPORT_R       COUNSELO
       Category 1     Category 1        0.960       0.961            -0.001           -0.076
       Category 1     Category 2        0.000       0.000             0.000            0.007
       Category 2     Category 1        0.040       0.039             0.001            0.076
       Category 2     Category 2        0.000       0.000             0.000            0.000
     REPORT_R       PSYCH_FT
       Category 1     Category 1        0.367       0.372            -0.005           -0.256
       Category 1     Category 2        0.593       0.589             0.004            0.222
       Category 2     Category 1        0.015       0.015             0.000           -0.080
       Category 2     Category 2        0.025       0.024             0.001            0.161
     REPORT_R       LAW_FTE
       Category 1     Category 1        0.876       0.876             0.000           -0.014
       Category 1     Category 2        0.084       0.085             0.000           -0.037
       Category 2     Category 1        0.035       0.036            -0.001           -0.079
       Category 2     Category 2        0.005       0.003             0.001            0.502
     REPORT_S       COUNSELO
       Category 1     Category 1        0.896       0.898            -0.002           -0.128
       Category 1     Category 2        0.000       0.000             0.000            0.007
       Category 2     Category 1        0.104       0.102             0.002            0.128
       Category 2     Category 2        0.000       0.000             0.000            0.001
     REPORT_S       PSYCH_FT
       Category 1     Category 1        0.336       0.348            -0.012           -0.609
       Category 1     Category 2        0.560       0.550             0.010            0.505
       Category 2     Category 1        0.046       0.040             0.006            0.802
       Category 2     Category 2        0.058       0.063            -0.005           -0.486
     REPORT_S       LAW_FTE
       Category 1     Category 1        0.814       0.819            -0.004           -0.274
       Category 1     Category 2        0.082       0.079             0.003            0.248
       Category 2     Category 1        0.097       0.093             0.003            0.298
       Category 2     Category 2        0.007       0.009            -0.002           -0.507
     COUNSELO       PSYCH_FT
       Category 1     Category 1        0.387       0.387             0.000            0.000
       Category 1     Category 2        0.613       0.613             0.000            0.000
       Category 2     Category 1        0.000       0.000             0.000            0.003
       Category 2     Category 2        0.000       0.000             0.000            0.005
     COUNSELO       LAW_FTE
       Category 1     Category 1        0.912       0.912             0.000            0.000
       Category 1     Category 2        0.088       0.088             0.000            0.000
       Category 2     Category 1        0.000       0.000             0.000            0.007
       Category 2     Category 2        0.000       0.000             0.000            0.001
     PSYCH_FT       LAW_FTE
       Category 1     Category 1        0.358       0.353             0.005            0.239
       Category 1     Category 2        0.030       0.034            -0.005           -0.629
       Category 2     Category 1        0.554       0.559            -0.005           -0.230
       Category 2     Category 2        0.059       0.054             0.005            0.505


     UNIVARIATE DISTRIBUTION FIT FOR CLASS 4

     Variable          Observed      Estimated      Residual (Obs.-Est.)    Stand. Residual
     REPORT_D
       Category 1        0.985          0.985                  0.000                0.000
       Category 2        0.015          0.015                  0.000                0.000
     REPORT_R
       Category 1        0.991          0.991                  0.000                0.000
       Category 2        0.009          0.009                  0.000                0.000
     REPORT_S
       Category 1        0.983          0.983                  0.000                0.000
       Category 2        0.017          0.017                  0.000                0.000
     COUNSELO
       Category 1        0.610          0.610                  0.000                0.000
       Category 2        0.390          0.390                  0.000                0.000
     PSYCH_FT
       Category 1        1.000          1.000                  0.000               -0.008
       Category 2        0.000          0.000                  0.000                0.008
     LAW_FTE
       Category 1        1.000          1.000                  0.000               -0.007
       Category 2        0.000          0.000                  0.000                0.007


     BIVARIATE DISTRIBUTIONS FIT FOR CLASS 4

     Variable       Variable          Observed     Estimated    Residual (Obs.-Est.)  Stand. Residual
     REPORT_D       REPORT_R
       Category 1     Category 1        0.976       0.976             0.000           -0.005
       Category 1     Category 2        0.009       0.009             0.000            0.007
       Category 2     Category 1        0.015       0.015             0.000            0.006
       Category 2     Category 2        0.000       0.000             0.000           -0.060
     REPORT_D       REPORT_S
       Category 1     Category 1        0.969       0.968             0.000            0.024
       Category 1     Category 2        0.017       0.017             0.000           -0.033
       Category 2     Category 1        0.014       0.014             0.000           -0.035
       Category 2     Category 2        0.000       0.000             0.000            0.265
     REPORT_D       COUNSELO
       Category 1     Category 1        0.604       0.601             0.004            0.193
       Category 1     Category 2        0.381       0.385            -0.004           -0.207
       Category 2     Category 1        0.006       0.009            -0.003           -0.668
       Category 2     Category 2        0.009       0.006             0.003            0.915
     REPORT_D       PSYCH_FT
       Category 1     Category 1        0.985       0.985             0.000           -0.058
       Category 1     Category 2        0.000       0.000             0.000            0.008
       Category 2     Category 1        0.015       0.015             0.000            0.058
       Category 2     Category 2        0.000       0.000             0.000            0.000
     REPORT_D       LAW_FTE
       Category 1     Category 1        0.985       0.985             0.000           -0.051
       Category 1     Category 2        0.000       0.000             0.000            0.007
       Category 2     Category 1        0.015       0.015             0.000            0.051
       Category 2     Category 2        0.000       0.000             0.000            0.000
     REPORT_R       REPORT_S
       Category 1     Category 1        0.974       0.974             0.000            0.001
       Category 1     Category 2        0.017       0.017             0.000           -0.001
       Category 2     Category 1        0.009       0.009             0.000           -0.001
       Category 2     Category 2        0.000       0.000             0.000            0.011
     REPORT_R       COUNSELO
       Category 1     Category 1        0.606       0.604             0.002            0.098
       Category 1     Category 2        0.385       0.387            -0.002           -0.106
       Category 2     Category 1        0.005       0.005            -0.001           -0.220
       Category 2     Category 2        0.004       0.004             0.001            0.339
     REPORT_R       PSYCH_FT
       Category 1     Category 1        0.991       0.991             0.000           -0.045
       Category 1     Category 2        0.000       0.000             0.000            0.008
       Category 2     Category 1        0.009       0.009             0.000            0.045
       Category 2     Category 2        0.000       0.000             0.000            0.000
     REPORT_R       LAW_FTE
       Category 1     Category 1        0.991       0.991             0.000           -0.040
       Category 1     Category 2        0.000       0.000             0.000            0.007
       Category 2     Category 1        0.009       0.009             0.000            0.040
       Category 2     Category 2        0.000       0.000             0.000            0.000
     REPORT_S       COUNSELO
       Category 1     Category 1        0.598       0.599            -0.001           -0.038
       Category 1     Category 2        0.384       0.384             0.000            0.024
       Category 2     Category 1        0.012       0.010             0.002            0.497
       Category 2     Category 2        0.005       0.007            -0.002           -0.532
     REPORT_S       PSYCH_FT
       Category 1     Category 1        0.983       0.983             0.000           -0.063
       Category 1     Category 2        0.000       0.000             0.000            0.008
       Category 2     Category 1        0.017       0.017             0.000            0.063
       Category 2     Category 2        0.000       0.000             0.000            0.000
     REPORT_S       LAW_FTE
       Category 1     Category 1        0.983       0.983             0.000           -0.056
       Category 1     Category 2        0.000       0.000             0.000            0.007
       Category 2     Category 1        0.017       0.017             0.000            0.056
       Category 2     Category 2        0.000       0.000             0.000            0.000
     COUNSELO       PSYCH_FT
       Category 1     Category 1        0.611       0.610             0.001            0.062
       Category 1     Category 2        0.000       0.000             0.000            0.005
       Category 2     Category 1        0.389       0.390            -0.001           -0.062
       Category 2     Category 2        0.000       0.000             0.000            0.003
     COUNSELO       LAW_FTE
       Category 1     Category 1        0.610       0.610             0.000            0.000
       Category 1     Category 2        0.000       0.000             0.000            0.004
       Category 2     Category 1        0.390       0.390             0.000            0.000
       Category 2     Category 2        0.000       0.000             0.000            0.003
     PSYCH_FT       LAW_FTE
       Category 1     Category 1        1.000       1.000             0.000           -0.015
       Category 1     Category 2        0.000       0.000             0.000            0.007
       Category 2     Category 1        0.000       0.000             0.000            0.008
       Category 2     Category 2        0.000       0.000             0.000            0.000


     UNIVARIATE DISTRIBUTION FIT FOR CLASS 5

     Variable          Observed      Estimated      Residual (Obs.-Est.)    Stand. Residual
     REPORT_D
       Category 1        0.732          0.732                  0.000                0.000
       Category 2        0.268          0.268                  0.000                0.000
     REPORT_R
       Category 1        0.249          0.249                  0.000                0.000
       Category 2        0.751          0.751                  0.000                0.000
     REPORT_S
       Category 1        0.373          0.373                  0.000                0.000
       Category 2        0.627          0.627                  0.000                0.000
     COUNSELO
       Category 1        0.484          0.484                  0.000                0.000
       Category 2        0.516          0.516                  0.000                0.000
     PSYCH_FT
       Category 1        0.388          0.388                  0.000                0.000
       Category 2        0.612          0.612                  0.000                0.000
     LAW_FTE
       Category 1        0.945          0.945                  0.000                0.000
       Category 2        0.055          0.055                  0.000                0.000


     BIVARIATE DISTRIBUTIONS FIT FOR CLASS 5

     Variable       Variable          Observed     Estimated    Residual (Obs.-Est.)  Stand. Residual
     REPORT_D       REPORT_R
       Category 1     Category 1        0.179       0.182            -0.004           -0.132
       Category 1     Category 2        0.553       0.550             0.004            0.102
       Category 2     Category 1        0.071       0.067             0.004            0.204
       Category 2     Category 2        0.198       0.201            -0.004           -0.127
     REPORT_D       REPORT_S
       Category 1     Category 1        0.256       0.273            -0.017           -0.522
       Category 1     Category 2        0.476       0.459             0.017            0.467
       Category 2     Category 1        0.117       0.100             0.017            0.776
       Category 2     Category 2        0.151       0.168            -0.017           -0.622
     REPORT_D       COUNSELO
       Category 1     Category 1        0.343       0.354            -0.011           -0.311
       Category 1     Category 2        0.388       0.378             0.011            0.298
       Category 2     Category 1        0.141       0.130             0.011            0.468
       Category 2     Category 2        0.127       0.138            -0.011           -0.443
     REPORT_D       PSYCH_FT
       Category 1     Category 1        0.304       0.284             0.020            0.608
       Category 1     Category 2        0.427       0.448            -0.020           -0.561
       Category 2     Category 1        0.078       0.104            -0.026           -1.178
       Category 2     Category 2        0.191       0.164             0.027            0.984
     REPORT_D       LAW_FTE
       Category 1     Category 1        0.688       0.692            -0.004           -0.104
       Category 1     Category 2        0.043       0.040             0.003            0.223
       Category 2     Category 1        0.257       0.253             0.003            0.101
       Category 2     Category 2        0.012       0.015            -0.003           -0.328
     REPORT_R       REPORT_S
       Category 1     Category 1        0.091       0.093            -0.002           -0.092
       Category 1     Category 2        0.158       0.156             0.002            0.073
       Category 2     Category 1        0.282       0.280             0.002            0.059
       Category 2     Category 2        0.469       0.471            -0.002           -0.053
     REPORT_R       COUNSELO
       Category 1     Category 1        0.124       0.120             0.003            0.147
       Category 1     Category 2        0.124       0.129            -0.004           -0.179
       Category 2     Category 1        0.360       0.363            -0.003           -0.082
       Category 2     Category 2        0.391       0.388             0.004            0.106
     REPORT_R       PSYCH_FT
       Category 1     Category 1        0.100       0.097             0.004            0.165
       Category 1     Category 2        0.148       0.152            -0.005           -0.175
       Category 2     Category 1        0.282       0.291            -0.010           -0.295
       Category 2     Category 2        0.470       0.460             0.011            0.297
     REPORT_R       LAW_FTE
       Category 1     Category 1        0.236       0.235             0.001            0.017
       Category 1     Category 2        0.012       0.014            -0.001           -0.166
       Category 2     Category 1        0.709       0.710            -0.001           -0.025
       Category 2     Category 2        0.043       0.041             0.002            0.118
     REPORT_S       COUNSELO
       Category 1     Category 1        0.182       0.180             0.002            0.079
       Category 1     Category 2        0.189       0.192            -0.003           -0.102
       Category 2     Category 1        0.302       0.304            -0.002           -0.048
       Category 2     Category 2        0.326       0.324             0.002            0.068
     REPORT_S       PSYCH_FT
       Category 1     Category 1        0.141       0.145            -0.004           -0.140
       Category 1     Category 2        0.231       0.228             0.003            0.090
       Category 2     Category 1        0.241       0.243            -0.003           -0.084
       Category 2     Category 2        0.388       0.384             0.003            0.098
     REPORT_S       LAW_FTE
       Category 1     Category 1        0.353       0.352             0.000            0.014
       Category 1     Category 2        0.019       0.020            -0.001           -0.118
       Category 2     Category 1        0.592       0.593            -0.001           -0.022
       Category 2     Category 2        0.036       0.034             0.002            0.115
     COUNSELO       PSYCH_FT
       Category 1     Category 1        0.172       0.188            -0.016           -0.564
       Category 1     Category 2        0.312       0.296             0.016            0.485
       Category 2     Category 1        0.216       0.200             0.016            0.550
       Category 2     Category 2        0.300       0.316            -0.016           -0.476
     COUNSELO       LAW_FTE
       Category 1     Category 1        0.457       0.457             0.000            0.002
       Category 1     Category 2        0.027       0.027             0.000           -0.007
       Category 2     Category 1        0.488       0.488             0.000           -0.002
       Category 2     Category 2        0.028       0.028             0.000            0.006
     PSYCH_FT       LAW_FTE
       Category 1     Category 1        0.364       0.367            -0.002           -0.066
       Category 1     Category 2        0.024       0.021             0.002            0.221
       Category 2     Category 1        0.581       0.578             0.002            0.064
       Category 2     Category 2        0.031       0.034            -0.002           -0.176


TECHNICAL 11 OUTPUT

     Random Starts Specifications for the k-1 Class Analysis Model
        Number of initial stage random starts                 200
        Number of final stage optimizations                   100



     VUONG-LO-MENDELL-RUBIN LIKELIHOOD RATIO TEST FOR 4 (H0) VERSUS 5 CLASSES

          H0 Loglikelihood Value                        -5111.757
          2 Times the Loglikelihood Difference             12.336
          Difference in the Number of Parameters                7
          Mean                                              7.561
          Standard Deviation                                6.778
          P-Value                                          0.1793

     LO-MENDELL-RUBIN ADJUSTED LRT TEST

          Value                                            12.108
          P-Value                                          0.1863


TECHNICAL 14 OUTPUT

     Random Starts Specifications for the k-1 Class Analysis Model
        Number of initial stage random starts                 200
        Number of final stage optimizations                   100

     Random Starts Specification for the k-1 Class Model for Generated Data
        Number of initial stage random starts                   0
        Number of final stage optimizations for the
           initial stage random starts                          0
     Random Starts Specification for the k Class Model for Generated Data
        Number of initial stage random starts                  40
        Number of final stage optimizations                     8
     Number of bootstrap draws requested                   Varies


     PARAMETRIC BOOTSTRAPPED LIKELIHOOD RATIO TEST FOR 4 (H0) VERSUS 5 CLASSES

          H0 Loglikelihood Value                        -5111.757
          2 Times the Loglikelihood Difference             12.336
          Difference in the Number of Parameters                7
          Approximate P-Value                              0.2353
          Successful Bootstrap Draws                           17


PLOT INFORMATION

The following plots are available:

  Histograms (sample values)
  Scatterplots (sample values)
  Sample proportions and estimated probabilities

     Beginning Time:  13:57:25
        Ending Time:  13:57:27
       Elapsed Time:  00:00:02



MUTHEN & MUTHEN
3463 Stoner Ave.
Los Angeles, CA  90066

Tel: (310) 391-9971
Fax: (310) 391-8971
Web: www.StatModel.com
Support: Support@StatModel.com

Copyright (c) 1998-2021 Muthen & Muthen
