Mplus VERSION 8.6 (Mac)
MUTHEN & MUTHEN
09/17/2023   1:57 PM

INPUT INSTRUCTIONS

  TITLE:
  6-Class
  DATA:
  FILE = "/Users/agarber/github/Intro_to_LCA/enum/bully.dat";

  VARIABLE:
  NAMES = report_dis report_race report_sex counselors_fte psych_fte law_fte;
   MISSING=.;
   categorical = report_dis-law_fte;
  usevar = report_dis-law_fte;
  classes = c(6);
  ANALYSIS:
  estimator = mlr;
      type = mixture;
      starts = 200 100;
      processors = 10;
  OUTPUT:
  sampstat residual tech11 tech14;
  PLOT:
  type = plot3;
      series = report_dis-law_fte(*);



*** WARNING in VARIABLE command
  Note that only the first 8 characters of variable names are used in the output.
  Shorten variable names to avoid any confusion.
*** WARNING in PLOT command
  Note that only the first 8 characters of variable names are used in plots.
  If variable names are not unique within the first 8 characters, problems
  may occur.
*** WARNING in OUTPUT command
  SAMPSTAT option is not available when all outcomes are censored, ordered
  categorical, unordered categorical (nominal), count or continuous-time
  survival variables.  Request for SAMPSTAT is ignored.
   3 WARNING(S) FOUND IN THE INPUT INSTRUCTIONS




6-Class

SUMMARY OF ANALYSIS

Number of groups                                                 1
Number of observations                                        2027

Number of dependent variables                                    6
Number of independent variables                                  0
Number of continuous latent variables                            0
Number of categorical latent variables                           1

Observed dependent variables

  Binary and ordered categorical (ordinal)
   REPORT_D    REPORT_R    REPORT_S    COUNSELO    PSYCH_FT    LAW_FTE

Categorical latent variables
   C


Estimator                                                      MLR
Information matrix                                        OBSERVED
Optimization Specifications for the Quasi-Newton Algorithm for
Continuous Outcomes
  Maximum number of iterations                                 100
  Convergence criterion                                  0.100D-05
Optimization Specifications for the EM Algorithm
  Maximum number of iterations                                 500
  Convergence criteria
    Loglikelihood change                                 0.100D-06
    Relative loglikelihood change                        0.100D-06
    Derivative                                           0.100D-05
Optimization Specifications for the M step of the EM Algorithm for
Categorical Latent variables
  Number of M step iterations                                    1
  M step convergence criterion                           0.100D-05
  Basis for M step termination                           ITERATION
Optimization Specifications for the M step of the EM Algorithm for
Censored, Binary or Ordered Categorical (Ordinal), Unordered
Categorical (Nominal) and Count Outcomes
  Number of M step iterations                                    1
  M step convergence criterion                           0.100D-05
  Basis for M step termination                           ITERATION
  Maximum value for logit thresholds                            15
  Minimum value for logit thresholds                           -15
  Minimum expected cell size for chi-square              0.100D-01
Maximum number of iterations for H1                           2000
Convergence criterion for H1                             0.100D-03
Optimization algorithm                                         EMA
Random Starts Specifications
  Number of initial stage random starts                        200
  Number of final stage optimizations                          100
  Number of initial stage iterations                            10
  Initial stage convergence criterion                    0.100D+01
  Random starts scale                                    0.500D+01
  Random seed for generating random starts                       0
Link                                                         LOGIT

Input data file(s)
  /Users/agarber/github/Intro_to_LCA/enum/bully.dat
Input data format  FREE


SUMMARY OF DATA

     Number of missing data patterns             4
     Number of y missing data patterns           0
     Number of u missing data patterns           4


COVARIANCE COVERAGE OF DATA

Minimum covariance coverage value   0.100


     PROPORTION OF DATA PRESENT FOR U


           Covariance Coverage
              REPORT_D      REPORT_R      REPORT_S      COUNSELO      PSYCH_FT
              ________      ________      ________      ________      ________
 REPORT_D       0.987
 REPORT_R       0.987         0.987
 REPORT_S       0.987         0.987         0.987
 COUNSELO       0.973         0.973         0.973         0.987
 PSYCH_FT       0.972         0.972         0.972         0.985         0.985
 LAW_FTE        0.973         0.973         0.973         0.987         0.985


           Covariance Coverage
              LAW_FTE
              ________
 LAW_FTE        0.987


UNIVARIATE PROPORTIONS AND COUNTS FOR CATEGORICAL VARIABLES

    REPORT_D
      Category 1    0.958         1915.000
      Category 2    0.043           85.000
    REPORT_R
      Category 1    0.897         1794.000
      Category 2    0.103          206.000
    REPORT_S
      Category 1    0.830         1660.000
      Category 2    0.170          340.000
    COUNSELO
      Category 1    0.540         1081.000
      Category 2    0.460          919.000
    PSYCH_FT
      Category 1    0.526         1050.000
      Category 2    0.474          947.000
    LAW_FTE
      Category 1    0.875         1749.000
      Category 2    0.126          251.000


RANDOM STARTS RESULTS RANKED FROM THE BEST TO THE WORST LOGLIKELIHOOD VALUES

Final stage loglikelihood values at local maxima, seeds, and initial stage start numbers:

           -5099.881  475420           71
           -5099.881  259507           53
           -5099.881  575700           100
           -5100.272  415502           194
           -5100.842  587946           120
           -5100.842  40340            188
           -5100.874  207896           25
           -5100.928  851945           18
           -5100.928  318230           46
           -5101.071  476498           179
           -5101.071  967237           48
           -5101.117  93468            3
           -5101.155  931874           141
           -5101.316  939709           112
           -5101.332  573096           20
           -5101.468  263268           165
           -5101.494  164305           128
           -5101.512  124999           96
           -5101.592  987090           70
           -5101.593  268896           124
           -5102.075  366706           29
           -5102.613  569131           26
           -5102.616  76974            16
           -5103.084  437181           135
           -5103.358  751054           117
           -5103.929  821011           161
           -5104.611  21345            199
           -5105.945  856536           144
           -5106.123  723775           97
           -5106.486  565819           65

70 perturbed starting value run(s) did not converge or were rejected in the third stage.



THE BEST LOGLIKELIHOOD VALUE HAS BEEN REPLICATED.  RERUN WITH AT LEAST TWICE THE
RANDOM STARTS TO CHECK THAT THE BEST LOGLIKELIHOOD IS STILL OBTAINED AND REPLICATED.

     IN THE OPTIMIZATION, ONE OR MORE LOGIT THRESHOLDS APPROACHED EXTREME VALUES
     OF -15.000 AND 15.000 AND WERE FIXED TO STABILIZE MODEL ESTIMATION.  THESE
     VALUES IMPLY PROBABILITIES OF 0 AND 1.  IN THE MODEL RESULTS SECTION, THESE
     PARAMETERS HAVE 0 STANDARD ERRORS AND 999 IN THE Z-SCORE AND P-VALUE COLUMNS.




THE MODEL ESTIMATION TERMINATED NORMALLY



MODEL FIT INFORMATION

Number of Free Parameters                       41

Loglikelihood

          H0 Value                       -5099.881
          H0 Scaling Correction Factor      1.0341
            for MLR

Information Criteria

          Akaike (AIC)                   10281.761
          Bayesian (BIC)                 10511.948
          Sample-Size Adjusted BIC       10381.688
            (n* = (n + 2) / 24)

Chi-Square Test of Model Fit for the Binary and Ordered Categorical
(Ordinal) Outcomes

          Pearson Chi-Square

          Value                             29.635
          Degrees of Freedom                    22
          P-Value                           0.1276

          Likelihood Ratio Chi-Square

          Value                             30.562
          Degrees of Freedom                    22
          P-Value                           0.1054

Chi-Square Test for MCAR under the Unrestricted Latent Class Indicator Model

          Pearson Chi-Square

          Value                             42.095
          Degrees of Freedom                    45
          P-Value                           0.5958

          Likelihood Ratio Chi-Square

          Value                             57.954
          Degrees of Freedom                    45
          P-Value                           0.0931



FINAL CLASS COUNTS AND PROPORTIONS FOR THE LATENT CLASSES
BASED ON THE ESTIMATED MODEL

    Latent
   Classes

       1         35.59836          0.01756
       2         96.46166          0.04759
       3        617.22737          0.30450
       4         68.39576          0.03374
       5        577.59991          0.28495
       6        631.71694          0.31165


FINAL CLASS COUNTS AND PROPORTIONS FOR THE LATENT CLASSES
BASED ON ESTIMATED POSTERIOR PROBABILITIES

    Latent
   Classes

       1         35.59836          0.01756
       2         96.46166          0.04759
       3        617.22737          0.30450
       4         68.39576          0.03374
       5        577.59991          0.28495
       6        631.71694          0.31165


FINAL CLASS COUNTS AND PROPORTIONS FOR THE LATENT CLASSES
BASED ON THEIR MOST LIKELY LATENT CLASS MEMBERSHIP

Class Counts and Proportions

    Latent
   Classes

       1               38          0.01875
       2               73          0.03601
       3              883          0.43562
       4               65          0.03207
       5              498          0.24568
       6              470          0.23187


CLASSIFICATION QUALITY

     Entropy                         0.779


Average Latent Class Probabilities for Most Likely Latent Class Membership (Row)
by Latent Class (Column)

           1        2        3        4        5        6

    1   0.817    0.000    0.000    0.169    0.010    0.004
    2   0.000    0.794    0.008    0.147    0.021    0.030
    3   0.000    0.004    0.674    0.001    0.103    0.218
    4   0.017    0.216    0.057    0.694    0.000    0.015
    5   0.005    0.012    0.010    0.000    0.973    0.000
    6   0.002    0.031    0.028    0.011    0.000    0.928


Classification Probabilities for the Most Likely Latent Class Membership (Column)
by Latent Class (Row)

           1        2        3        4        5        6

    1   0.872    0.000    0.000    0.032    0.067    0.029
    2   0.000    0.601    0.038    0.146    0.064    0.152
    3   0.000    0.001    0.964    0.006    0.008    0.021
    4   0.094    0.157    0.011    0.660    0.002    0.076
    5   0.001    0.003    0.158    0.000    0.839    0.000
    6   0.000    0.003    0.305    0.002    0.000    0.690


Logits for the Classification Probabilities for the Most Likely Latent Class Membership (Column)
by Latent Class (Row)

              1        2        3        4        5        6

    1      3.390  -10.288   -4.899    0.076    0.820    0.000
    2    -11.932    1.374   -1.398   -0.043   -0.873    0.000
    3     -9.965   -3.130    3.814   -1.261   -0.989    0.000
    4      0.216    0.727   -1.889    2.164   -3.784    0.000
    5      6.461    7.896   11.970    0.000   13.640    0.000
    6     -7.940   -5.310   -0.818   -6.116  -13.445    0.000


MODEL RESULTS

                                                    Two-Tailed
                    Estimate       S.E.  Est./S.E.    P-Value

Latent Class 1

 Thresholds
    REPORT_D$1        -0.261      0.806     -0.324      0.746
    REPORT_R$1        -1.724      0.706     -2.442      0.015
    REPORT_S$1        -1.423      0.529     -2.690      0.007
    COUNSELO$1        -0.989      0.444     -2.228      0.026
    PSYCH_FT$1        -2.190      0.745     -2.940      0.003
    LAW_FTE$1        -15.000      0.000    999.000    999.000

Latent Class 2

 Thresholds
    REPORT_D$1         0.047      1.182      0.040      0.968
    REPORT_R$1        -1.097      0.474     -2.313      0.021
    REPORT_S$1        -0.275      0.379     -0.725      0.468
    COUNSELO$1         0.215      0.349      0.616      0.538
    PSYCH_FT$1        -0.954      0.406     -2.351      0.019
    LAW_FTE$1         15.000      0.000    999.000    999.000

Latent Class 3

 Thresholds
    REPORT_D$1         4.159      0.456      9.116      0.000
    REPORT_R$1         4.348      1.095      3.971      0.000
    REPORT_S$1         3.768      1.158      3.254      0.001
    COUNSELO$1         0.462      0.249      1.857      0.063
    PSYCH_FT$1        15.000      0.000    999.000    999.000
    LAW_FTE$1         15.000      0.000    999.000    999.000

Latent Class 4

 Thresholds
    REPORT_D$1        15.000      0.000    999.000    999.000
    REPORT_R$1       -15.000      0.000    999.000    999.000
    REPORT_S$1        -1.279      0.726     -1.761      0.078
    COUNSELO$1        -0.678      0.669     -1.013      0.311
    PSYCH_FT$1         0.130      0.964      0.135      0.893
    LAW_FTE$1          1.285      0.617      2.081      0.037

Latent Class 5

 Thresholds
    REPORT_D$1         4.147      0.561      7.395      0.000
    REPORT_R$1        15.000      0.000    999.000    999.000
    REPORT_S$1         1.312      0.121     10.840      0.000
    COUNSELO$1       -15.000      0.000    999.000    999.000
    PSYCH_FT$1        -1.104      0.163     -6.793      0.000
    LAW_FTE$1          1.076      0.106     10.200      0.000

Latent Class 6

 Thresholds
    REPORT_D$1        15.000      0.000    999.000    999.000
    REPORT_R$1         3.029      0.403      7.517      0.000
    REPORT_S$1         2.092      0.185     11.295      0.000
    COUNSELO$1        15.000      0.000    999.000    999.000
    PSYCH_FT$1        -0.495      0.382     -1.294      0.196
    LAW_FTE$1          2.320      0.217     10.686      0.000

Categorical Latent Variables

 Means
    C#1               -2.876      0.387     -7.432      0.000
    C#2               -1.879      0.596     -3.153      0.002
    C#3               -0.023      0.292     -0.080      0.937
    C#4               -2.223      0.639     -3.481      0.000
    C#5               -0.090      0.147     -0.609      0.542


QUALITY OF NUMERICAL RESULTS

     Condition Number for the Information Matrix              0.102E-02
       (ratio of smallest to largest eigenvalue)


RESULTS IN PROBABILITY SCALE

                                                    Two-Tailed
                    Estimate       S.E.  Est./S.E.    P-Value

Latent Class 1

 REPORT_DIS
    Category 1         0.435      0.198      2.197      0.028
    Category 2         0.565      0.198      2.853      0.004
 REPORT_RAC
    Category 1         0.151      0.091      1.669      0.095
    Category 2         0.849      0.091      9.357      0.000
 REPORT_SEX
    Category 1         0.194      0.083      2.346      0.019
    Category 2         0.806      0.083      9.735      0.000
 COUNSELORS
    Category 1         0.271      0.088      3.091      0.002
    Category 2         0.729      0.088      8.310      0.000
 PSYCH_FTE
    Category 1         0.101      0.067      1.493      0.135
    Category 2         0.899      0.067     13.336      0.000
 LAW_FTE
    Category 1         0.000      0.000      0.000      1.000
    Category 2         1.000      0.000      0.000      1.000

Latent Class 2

 REPORT_DIS
    Category 1         0.512      0.295      1.732      0.083
    Category 2         0.488      0.295      1.652      0.098
 REPORT_RAC
    Category 1         0.250      0.089      2.814      0.005
    Category 2         0.750      0.089      8.425      0.000
 REPORT_SEX
    Category 1         0.432      0.093      4.637      0.000
    Category 2         0.568      0.093      6.106      0.000
 COUNSELORS
    Category 1         0.554      0.086      6.418      0.000
    Category 2         0.446      0.086      5.176      0.000
 PSYCH_FTE
    Category 1         0.278      0.081      3.413      0.001
    Category 2         0.722      0.081      8.861      0.000
 LAW_FTE
    Category 1         1.000      0.000      0.000      1.000
    Category 2         0.000      0.000      0.000      1.000

Latent Class 3

 REPORT_DIS
    Category 1         0.985      0.007    142.484      0.000
    Category 2         0.015      0.007      2.226      0.026
 REPORT_RAC
    Category 1         0.987      0.014     71.537      0.000
    Category 2         0.013      0.014      0.925      0.355
 REPORT_SEX
    Category 1         0.977      0.026     38.238      0.000
    Category 2         0.023      0.026      0.883      0.377
 COUNSELORS
    Category 1         0.613      0.059     10.406      0.000
    Category 2         0.387      0.059      6.558      0.000
 PSYCH_FTE
    Category 1         1.000      0.000      0.000      1.000
    Category 2         0.000      0.000      0.000      1.000
 LAW_FTE
    Category 1         1.000      0.000      0.000      1.000
    Category 2         0.000      0.000      0.000      1.000

Latent Class 4

 REPORT_DIS
    Category 1         1.000      0.000      0.000      1.000
    Category 2         0.000      0.000      0.000      1.000
 REPORT_RAC
    Category 1         0.000      0.000      0.000      1.000
    Category 2         1.000      0.000      0.000      1.000
 REPORT_SEX
    Category 1         0.218      0.124      1.761      0.078
    Category 2         0.782      0.124      6.324      0.000
 COUNSELORS
    Category 1         0.337      0.149      2.252      0.024
    Category 2         0.663      0.149      4.437      0.000
 PSYCH_FTE
    Category 1         0.532      0.240      2.219      0.027
    Category 2         0.468      0.240      1.948      0.051
 LAW_FTE
    Category 1         0.783      0.105      7.475      0.000
    Category 2         0.217      0.105      2.068      0.039

Latent Class 5

 REPORT_DIS
    Category 1         0.984      0.009    114.560      0.000
    Category 2         0.016      0.009      1.812      0.070
 REPORT_RAC
    Category 1         1.000      0.000      0.000      1.000
    Category 2         0.000      0.000      0.000      1.000
 REPORT_SEX
    Category 1         0.788      0.020     38.944      0.000
    Category 2         0.212      0.020     10.490      0.000
 COUNSELORS
    Category 1         0.000      0.000      0.000      1.000
    Category 2         1.000      0.000      0.000      1.000
 PSYCH_FTE
    Category 1         0.249      0.030      8.190      0.000
    Category 2         0.751      0.030     24.711      0.000
 LAW_FTE
    Category 1         0.746      0.020     37.278      0.000
    Category 2         0.254      0.020     12.706      0.000

Latent Class 6

 REPORT_DIS
    Category 1         1.000      0.000      0.000      1.000
    Category 2         0.000      0.000      0.000      1.000
 REPORT_RAC
    Category 1         0.954      0.018     53.802      0.000
    Category 2         0.046      0.018      2.601      0.009
 REPORT_SEX
    Category 1         0.890      0.018     49.134      0.000
    Category 2         0.110      0.018      6.066      0.000
 COUNSELORS
    Category 1         1.000      0.000      0.000      1.000
    Category 2         0.000      0.000      0.000      1.000
 PSYCH_FTE
    Category 1         0.379      0.090      4.212      0.000
    Category 2         0.621      0.090      6.908      0.000
 LAW_FTE
    Category 1         0.911      0.018     51.476      0.000
    Category 2         0.089      0.018      5.059      0.000


LATENT CLASS INDICATOR ODDS RATIOS FOR THE LATENT CLASSES

                                                95% C.I.
                    Estimate       S.E.  Lower 2.5% Upper 2.5%

Latent Class 1 Compared to Latent Class 2

 REPORT_D
    Category > 1       1.361      1.280      0.215      8.600
 REPORT_R
    Category > 1       1.872      1.507      0.386      9.070
 REPORT_S
    Category > 1       3.151      1.837      1.005      9.876
 COUNSELO
    Category > 1       3.334      1.716      1.216      9.142
 PSYCH_FT
    Category > 1       3.440      2.930      0.648     18.262
 LAW_FTE
    Category > 1   *********      0.000  *********  *********

Latent Class 1 Compared to Latent Class 3

 REPORT_D
    Category > 1      83.095     80.489     12.447    554.745
 REPORT_R
    Category > 1     433.385    573.330     32.418   5793.758
 REPORT_S
    Category > 1     179.587    225.082     15.396   2094.760
 COUNSELO
    Category > 1       4.266      2.204      1.549     11.745
 PSYCH_FT
    Category > 1   *********      0.000  *********  *********
 LAW_FTE
    Category > 1   *********      0.000  *********  *********

Latent Class 1 Compared to Latent Class 4

 REPORT_D
    Category > 1   *********      0.000  *********  *********
 REPORT_R
    Category > 1       0.000      0.000      0.000      0.000
 REPORT_S
    Category > 1       1.155      1.169      0.159      8.397
 COUNSELO
    Category > 1       1.365      1.212      0.239      7.778
 PSYCH_FT
    Category > 1      10.171     12.282      0.954    108.449
 LAW_FTE
    Category > 1   *********      0.000  *********  *********

Latent Class 1 Compared to Latent Class 5

 REPORT_D
    Category > 1      82.101     88.300      9.974    675.824
 REPORT_R
    Category > 1   *********      0.000  *********  *********
 REPORT_S
    Category > 1      15.404      8.540      5.197     45.661
 COUNSELO
    Category > 1       0.000      0.000      0.000      0.000
 PSYCH_FT
    Category > 1       2.960      2.265      0.661     13.263
 LAW_FTE
    Category > 1   *********      0.000  *********  *********

Latent Class 1 Compared to Latent Class 6

 REPORT_D
    Category > 1   *********      0.000  *********  *********
 REPORT_R
    Category > 1     115.929     95.885     22.916    586.461
 REPORT_S
    Category > 1      33.610     19.513     10.772    104.873
 COUNSELO
    Category > 1   *********      0.000  *********  *********
 PSYCH_FT
    Category > 1       5.446      4.611      1.036     28.624
 LAW_FTE
    Category > 1   *********      0.000  *********  *********

Latent Class 2 Compared to Latent Class 3

 REPORT_D
    Category > 1      61.051     81.418      4.472    833.459
 REPORT_R
    Category > 1     231.496    280.680     21.502   2492.364
 REPORT_S
    Category > 1      56.992     69.295      5.258    617.714
 COUNSELO
    Category > 1       1.280      0.562      0.541      3.025
 PSYCH_FT
    Category > 1   *********      0.000  *********  *********
 LAW_FTE
    Category > 1       1.000      0.000      1.000      1.000

Latent Class 2 Compared to Latent Class 4

 REPORT_D
    Category > 1   *********      0.000  *********  *********
 REPORT_R
    Category > 1       0.000      0.000      0.000      0.000
 REPORT_S
    Category > 1       0.367      0.337      0.061      2.221
 COUNSELO
    Category > 1       0.409      0.372      0.069      2.431
 PSYCH_FT
    Category > 1       2.957      3.608      0.271     32.318
 LAW_FTE
    Category > 1       0.000      0.000      0.000      0.000

Latent Class 2 Compared to Latent Class 5

 REPORT_D
    Category > 1      60.321     86.428      3.638   1000.219
 REPORT_R
    Category > 1   *********      0.000  *********  *********
 REPORT_S
    Category > 1       4.889      2.052      2.147     11.129
 COUNSELO
    Category > 1       0.000      0.000      0.000      0.000
 PSYCH_FT
    Category > 1       0.861      0.380      0.362      2.045
 LAW_FTE
    Category > 1       0.000      0.000      0.000      0.000

Latent Class 2 Compared to Latent Class 6

 REPORT_D
    Category > 1   *********      0.000  *********  *********
 REPORT_R
    Category > 1      61.924     42.432     16.165    237.212
 REPORT_S
    Category > 1      10.666      5.024      4.237     26.849
 COUNSELO
    Category > 1   *********      0.000  *********  *********
 PSYCH_FT
    Category > 1       1.583      0.885      0.530      4.733
 LAW_FTE
    Category > 1       0.000      0.000      0.000      0.000

Latent Class 3 Compared to Latent Class 4

 REPORT_D
    Category > 1   51075.473      0.000  51075.477  51075.477
 REPORT_R
    Category > 1       0.000      0.000      0.000      0.000
 REPORT_S
    Category > 1       0.006      0.009      0.000      0.098
 COUNSELO
    Category > 1       0.320      0.224      0.081      1.265
 PSYCH_FT
    Category > 1       0.000      0.000      0.000      0.000
 LAW_FTE
    Category > 1       0.000      0.000      0.000      0.000

Latent Class 3 Compared to Latent Class 5

 REPORT_D
    Category > 1       0.988      0.755      0.221      4.419
 REPORT_R
    Category > 1   42280.227      0.000  42280.230  42280.230
 REPORT_S
    Category > 1       0.086      0.102      0.008      0.879
 COUNSELO
    Category > 1       0.000      0.000      0.000      0.000
 PSYCH_FT
    Category > 1       0.000      0.000      0.000      0.000
 LAW_FTE
    Category > 1       0.000      0.000      0.000      0.000

Latent Class 3 Compared to Latent Class 6

 REPORT_D
    Category > 1   51075.473      0.000  51075.477  51075.477
 REPORT_R
    Category > 1       0.267      0.316      0.026      2.709
 REPORT_S
    Category > 1       0.187      0.234      0.016      2.160
 COUNSELO
    Category > 1   *********      0.000  *********  *********
 PSYCH_FT
    Category > 1       0.000      0.000      0.000      0.000
 LAW_FTE
    Category > 1       0.000      0.000      0.000      0.000

Latent Class 4 Compared to Latent Class 5

 REPORT_D
    Category > 1       0.000      0.000      0.000      0.000
 REPORT_R
    Category > 1   *********      0.000  *********  *********
 REPORT_S
    Category > 1      13.333      9.633      3.235     54.949
 COUNSELO
    Category > 1       0.000      0.000      0.000      0.000
 PSYCH_FT
    Category > 1       0.291      0.279      0.045      1.902
 LAW_FTE
    Category > 1       0.812      0.503      0.241      2.732

Latent Class 4 Compared to Latent Class 6

 REPORT_D
    Category > 1       1.000      0.000      1.000      1.000
 REPORT_R
    Category > 1   *********      0.000  *********  *********
 REPORT_S
    Category > 1      29.090     21.309      6.922    122.257
 COUNSELO
    Category > 1   *********      0.000  *********  *********
 PSYCH_FT
    Category > 1       0.535      0.538      0.075      3.841
 LAW_FTE
    Category > 1       2.816      1.854      0.775     10.236

Latent Class 5 Compared to Latent Class 6

 REPORT_D
    Category > 1   51693.898      0.000  51693.902  51693.902
 REPORT_R
    Category > 1       0.000      0.000      0.000      0.000
 REPORT_S
    Category > 1       2.182      0.439      1.471      3.236
 COUNSELO
    Category > 1   *********      0.000  *********  *********
 PSYCH_FT
    Category > 1       1.840      0.716      0.858      3.946
 LAW_FTE
    Category > 1       3.468      0.819      2.183      5.509


RESIDUAL OUTPUT


     UNIVARIATE DISTRIBUTION FIT FOR CLASS 1

     Variable          Observed      Estimated      Residual (Obs.-Est.)    Stand. Residual
     REPORT_D
       Category 1        0.435          0.435                  0.000                0.000
       Category 2        0.565          0.565                  0.000                0.000
     REPORT_R
       Category 1        0.151          0.151                  0.000                0.000
       Category 2        0.849          0.849                  0.000                0.000
     REPORT_S
       Category 1        0.194          0.194                  0.000                0.000
       Category 2        0.806          0.806                  0.000                0.000
     COUNSELO
       Category 1        0.271          0.271                  0.000                0.000
       Category 2        0.729          0.729                  0.000                0.000
     PSYCH_FT
       Category 1        0.101          0.101                  0.000                0.000
       Category 2        0.899          0.899                  0.000                0.000
     LAW_FTE
       Category 1        0.000          0.000                  0.000                0.002
       Category 2        1.000          1.000                  0.000               -0.002


     BIVARIATE DISTRIBUTIONS FIT FOR CLASS 1

     Variable       Variable          Observed     Estimated    Residual (Obs.-Est.)  Stand. Residual
     REPORT_D       REPORT_R
       Category 1     Category 1        0.065       0.066            -0.001           -0.025
       Category 1     Category 2        0.370       0.369             0.001            0.013
       Category 2     Category 1        0.087       0.086             0.001            0.022
       Category 2     Category 2        0.478       0.479            -0.001           -0.012
     REPORT_D       REPORT_S
       Category 1     Category 1        0.069       0.084            -0.015           -0.330
       Category 1     Category 2        0.366       0.351             0.015            0.192
       Category 2     Category 1        0.125       0.110             0.015            0.294
       Category 2     Category 2        0.440       0.455            -0.015           -0.184
     REPORT_D       COUNSELO
       Category 1     Category 1        0.103       0.118            -0.015           -0.282
       Category 1     Category 2        0.332       0.317             0.015            0.194
       Category 2     Category 1        0.169       0.153             0.016            0.260
       Category 2     Category 2        0.396       0.412            -0.016           -0.189
     REPORT_D       PSYCH_FT
       Category 1     Category 1        0.043       0.044            -0.001           -0.026
       Category 1     Category 2        0.392       0.391             0.001            0.009
       Category 2     Category 1        0.056       0.057            -0.001           -0.015
       Category 2     Category 2        0.509       0.508             0.001            0.009
     REPORT_D       LAW_FTE
       Category 1     Category 1        0.000       0.000             0.000            0.001
       Category 1     Category 2        0.435       0.435             0.000           -0.001
       Category 2     Category 1        0.000       0.000             0.000            0.001
       Category 2     Category 2        0.565       0.565             0.000            0.001
     REPORT_R       REPORT_S
       Category 1     Category 1        0.025       0.029            -0.004           -0.155
       Category 1     Category 2        0.126       0.122             0.004            0.080
       Category 2     Category 1        0.169       0.165             0.004            0.071
       Category 2     Category 2        0.679       0.684            -0.004           -0.056
     REPORT_R       COUNSELO
       Category 1     Category 1        0.040       0.041            -0.001           -0.028
       Category 1     Category 2        0.111       0.110             0.001            0.014
       Category 2     Category 1        0.231       0.230             0.001            0.019
       Category 2     Category 2        0.617       0.619            -0.001           -0.015
     REPORT_R       PSYCH_FT
       Category 1     Category 1        0.007       0.015            -0.008           -0.388
       Category 1     Category 2        0.144       0.136             0.008            0.135
       Category 2     Category 1        0.092       0.085             0.006            0.138
       Category 2     Category 2        0.757       0.763            -0.006           -0.088
     REPORT_R       LAW_FTE
       Category 1     Category 1        0.000       0.000             0.000            0.000
       Category 1     Category 2        0.151       0.151             0.000           -0.003
       Category 2     Category 1        0.000       0.000             0.000            0.002
       Category 2     Category 2        0.849       0.849             0.000            0.003
     REPORT_S       COUNSELO
       Category 1     Category 1        0.021       0.053            -0.031           -0.838
       Category 1     Category 2        0.173       0.142             0.031            0.534
       Category 2     Category 1        0.250       0.218             0.032            0.459
       Category 2     Category 2        0.556       0.587            -0.032           -0.383
     REPORT_S       PSYCH_FT
       Category 1     Category 1        0.009       0.020            -0.010           -0.447
       Category 1     Category 2        0.185       0.175             0.010            0.160
       Category 2     Category 1        0.090       0.081             0.009            0.194
       Category 2     Category 2        0.716       0.725            -0.009           -0.116
     REPORT_S       LAW_FTE
       Category 1     Category 1        0.000       0.000             0.000            0.000
       Category 1     Category 2        0.194       0.194             0.000           -0.003
       Category 2     Category 1        0.000       0.000             0.000            0.001
       Category 2     Category 2        0.806       0.806             0.000            0.003
     COUNSELO       PSYCH_FT
       Category 1     Category 1        0.016       0.027            -0.011           -0.419
       Category 1     Category 2        0.255       0.244             0.011            0.159
       Category 2     Category 1        0.085       0.073             0.011            0.262
       Category 2     Category 2        0.644       0.655            -0.011           -0.144
     COUNSELO       LAW_FTE
       Category 1     Category 1        0.000       0.000             0.000            0.001
       Category 1     Category 2        0.271       0.271             0.000            0.000
       Category 2     Category 1        0.000       0.000             0.000            0.001
       Category 2     Category 2        0.729       0.729             0.000            0.000
     PSYCH_FT       LAW_FTE
       Category 1     Category 1        0.000       0.000             0.000            0.000
       Category 1     Category 2        0.101       0.101             0.000            0.000
       Category 2     Category 1        0.000       0.000             0.000            0.002
       Category 2     Category 2        0.899       0.899             0.000            0.000


     UNIVARIATE DISTRIBUTION FIT FOR CLASS 2

     Variable          Observed      Estimated      Residual (Obs.-Est.)    Stand. Residual
     REPORT_D
       Category 1        0.512          0.512                  0.000                0.000
       Category 2        0.488          0.488                  0.000                0.000
     REPORT_R
       Category 1        0.250          0.250                  0.000                0.000
       Category 2        0.750          0.750                  0.000                0.000
     REPORT_S
       Category 1        0.432          0.432                  0.000                0.000
       Category 2        0.568          0.568                  0.000                0.000
     COUNSELO
       Category 1        0.554          0.554                  0.000                0.000
       Category 2        0.446          0.446                  0.000                0.000
     PSYCH_FT
       Category 1        0.278          0.278                  0.000                0.000
       Category 2        0.722          0.722                  0.000                0.000
     LAW_FTE
       Category 1        1.000          1.000                  0.000               -0.003
       Category 2        0.000          0.000                  0.000                0.003


     BIVARIATE DISTRIBUTIONS FIT FOR CLASS 2

     Variable       Variable          Observed     Estimated    Residual (Obs.-Est.)  Stand. Residual
     REPORT_D       REPORT_R
       Category 1     Category 1        0.127       0.128            -0.002           -0.047
       Category 1     Category 2        0.385       0.384             0.002            0.032
       Category 2     Category 1        0.124       0.122             0.002            0.048
       Category 2     Category 2        0.364       0.366            -0.002           -0.032
     REPORT_D       REPORT_S
       Category 1     Category 1        0.215       0.221            -0.006           -0.145
       Category 1     Category 2        0.297       0.291             0.006            0.133
       Category 2     Category 1        0.217       0.211             0.006            0.148
       Category 2     Category 2        0.271       0.277            -0.006           -0.135
     REPORT_D       COUNSELO
       Category 1     Category 1        0.292       0.283             0.008            0.181
       Category 1     Category 2        0.220       0.228            -0.009           -0.205
       Category 2     Category 1        0.262       0.270            -0.008           -0.176
       Category 2     Category 2        0.226       0.218             0.008            0.200
     REPORT_D       PSYCH_FT
       Category 1     Category 1        0.134       0.142            -0.008           -0.237
       Category 1     Category 2        0.377       0.370             0.008            0.161
       Category 2     Category 1        0.139       0.136             0.003            0.088
       Category 2     Category 2        0.350       0.352            -0.003           -0.052
     REPORT_D       LAW_FTE
       Category 1     Category 1        0.511       0.512             0.000           -0.009
       Category 1     Category 2        0.000       0.000             0.000            0.002
       Category 2     Category 1        0.489       0.488             0.000            0.009
       Category 2     Category 2        0.000       0.000             0.000            0.001
     REPORT_R       REPORT_S
       Category 1     Category 1        0.096       0.108            -0.012           -0.384
       Category 1     Category 2        0.154       0.142             0.012            0.341
       Category 2     Category 1        0.336       0.324             0.012            0.255
       Category 2     Category 2        0.414       0.426            -0.012           -0.241
     REPORT_R       COUNSELO
       Category 1     Category 1        0.135       0.139            -0.004           -0.110
       Category 1     Category 2        0.115       0.112             0.003            0.098
       Category 2     Category 1        0.419       0.415             0.004            0.084
       Category 2     Category 2        0.331       0.335            -0.003           -0.073
     REPORT_R       PSYCH_FT
       Category 1     Category 1        0.090       0.070             0.021            0.792
       Category 1     Category 2        0.159       0.181            -0.021           -0.545
       Category 2     Category 1        0.183       0.208            -0.026           -0.625
       Category 2     Category 2        0.568       0.541             0.027            0.526
     REPORT_R       LAW_FTE
       Category 1     Category 1        0.250       0.250            -0.001           -0.016
       Category 1     Category 2        0.000       0.000             0.000            0.001
       Category 2     Category 1        0.750       0.750             0.001            0.016
       Category 2     Category 2        0.000       0.000             0.000            0.002
     REPORT_S       COUNSELO
       Category 1     Category 1        0.220       0.239            -0.019           -0.439
       Category 1     Category 2        0.211       0.193             0.019            0.461
       Category 2     Category 1        0.334       0.315             0.019            0.411
       Category 2     Category 2        0.235       0.254            -0.019           -0.426
     REPORT_S       PSYCH_FT
       Category 1     Category 1        0.117       0.120            -0.003           -0.100
       Category 1     Category 2        0.314       0.312             0.003            0.057
       Category 2     Category 1        0.156       0.158            -0.002           -0.055
       Category 2     Category 2        0.413       0.410             0.003            0.053
     REPORT_S       LAW_FTE
       Category 1     Category 1        0.431       0.432            -0.001           -0.011
       Category 1     Category 2        0.000       0.000             0.000            0.001
       Category 2     Category 1        0.569       0.568             0.001            0.011
       Category 2     Category 2        0.000       0.000             0.000            0.002
     COUNSELO       PSYCH_FT
       Category 1     Category 1        0.155       0.154             0.001            0.024
       Category 1     Category 2        0.399       0.400            -0.001           -0.017
       Category 2     Category 1        0.123       0.124            -0.001           -0.027
       Category 2     Category 2        0.323       0.322             0.001            0.017
     COUNSELO       LAW_FTE
       Category 1     Category 1        0.554       0.554             0.000            0.000
       Category 1     Category 2        0.000       0.000             0.000            0.001
       Category 2     Category 1        0.446       0.446             0.000            0.000
       Category 2     Category 2        0.000       0.000             0.000            0.001
     PSYCH_FT       LAW_FTE
       Category 1     Category 1        0.278       0.278             0.000            0.000
       Category 1     Category 2        0.000       0.000             0.000            0.001
       Category 2     Category 1        0.722       0.722             0.000            0.000
       Category 2     Category 2        0.000       0.000             0.000            0.002


     UNIVARIATE DISTRIBUTION FIT FOR CLASS 3

     Variable          Observed      Estimated      Residual (Obs.-Est.)    Stand. Residual
     REPORT_D
       Category 1        0.985          0.985                  0.000                0.000
       Category 2        0.015          0.015                  0.000                0.000
     REPORT_R
       Category 1        0.987          0.987                  0.000                0.000
       Category 2        0.013          0.013                  0.000                0.000
     REPORT_S
       Category 1        0.977          0.977                  0.000                0.000
       Category 2        0.023          0.023                  0.000                0.000
     COUNSELO
       Category 1        0.613          0.613                  0.000                0.000
       Category 2        0.387          0.387                  0.000                0.000
     PSYCH_FT
       Category 1        1.000          1.000                  0.000               -0.008
       Category 2        0.000          0.000                  0.000                0.008
     LAW_FTE
       Category 1        1.000          1.000                  0.000               -0.007
       Category 2        0.000          0.000                  0.000                0.007


     BIVARIATE DISTRIBUTIONS FIT FOR CLASS 3

     Variable       Variable          Observed     Estimated    Residual (Obs.-Est.)  Stand. Residual
     REPORT_D       REPORT_R
       Category 1     Category 1        0.972       0.972             0.000           -0.002
       Category 1     Category 2        0.013       0.013             0.000            0.003
       Category 2     Category 1        0.015       0.015             0.000            0.003
       Category 2     Category 2        0.000       0.000             0.000           -0.025
     REPORT_D       REPORT_S
       Category 1     Category 1        0.963       0.962             0.000            0.056
       Category 1     Category 2        0.022       0.022             0.000           -0.072
       Category 2     Category 1        0.015       0.015             0.000           -0.088
       Category 2     Category 2        0.001       0.000             0.000            0.572
     REPORT_D       COUNSELO
       Category 1     Category 1        0.608       0.604             0.004            0.207
       Category 1     Category 2        0.376       0.381            -0.004           -0.222
       Category 2     Category 1        0.007       0.009            -0.003           -0.726
       Category 2     Category 2        0.009       0.006             0.003            0.997
     REPORT_D       PSYCH_FT
       Category 1     Category 1        0.984       0.985             0.000           -0.059
       Category 1     Category 2        0.000       0.000             0.000            0.008
       Category 2     Category 1        0.016       0.015             0.000            0.059
       Category 2     Category 2        0.000       0.000             0.000            0.000
     REPORT_D       LAW_FTE
       Category 1     Category 1        0.984       0.985             0.000           -0.053
       Category 1     Category 2        0.000       0.000             0.000            0.007
       Category 2     Category 1        0.016       0.015             0.000            0.053
       Category 2     Category 2        0.000       0.000             0.000            0.000
     REPORT_R       REPORT_S
       Category 1     Category 1        0.965       0.965             0.000           -0.005
       Category 1     Category 2        0.022       0.022             0.000            0.006
       Category 2     Category 1        0.013       0.012             0.000            0.008
       Category 2     Category 2        0.000       0.000             0.000           -0.050
     REPORT_R       COUNSELO
       Category 1     Category 1        0.608       0.606             0.002            0.119
       Category 1     Category 2        0.379       0.382            -0.003           -0.130
       Category 2     Category 1        0.007       0.008            -0.001           -0.306
       Category 2     Category 2        0.006       0.005             0.001            0.461
     REPORT_R       PSYCH_FT
       Category 1     Category 1        0.987       0.987             0.000           -0.054
       Category 1     Category 2        0.000       0.000             0.000            0.008
       Category 2     Category 1        0.013       0.013             0.000            0.054
       Category 2     Category 2        0.000       0.000             0.000            0.000
     REPORT_R       LAW_FTE
       Category 1     Category 1        0.987       0.987             0.000           -0.048
       Category 1     Category 2        0.000       0.000             0.000            0.007
       Category 2     Category 1        0.013       0.013             0.000            0.048
       Category 2     Category 2        0.000       0.000             0.000            0.000
     REPORT_S       COUNSELO
       Category 1     Category 1        0.598       0.600            -0.001           -0.067
       Category 1     Category 2        0.379       0.378             0.001            0.048
       Category 2     Category 1        0.016       0.014             0.003            0.544
       Category 2     Category 2        0.007       0.009            -0.002           -0.581
     REPORT_S       PSYCH_FT
       Category 1     Category 1        0.977       0.977             0.000           -0.072
       Category 1     Category 2        0.000       0.000             0.000            0.008
       Category 2     Category 1        0.023       0.023             0.000            0.072
       Category 2     Category 2        0.000       0.000             0.000            0.000
     REPORT_S       LAW_FTE
       Category 1     Category 1        0.977       0.977             0.000           -0.064
       Category 1     Category 2        0.000       0.000             0.000            0.007
       Category 2     Category 1        0.023       0.023             0.000            0.064
       Category 2     Category 2        0.000       0.000             0.000            0.000
     COUNSELO       PSYCH_FT
       Category 1     Category 1        0.615       0.613             0.001            0.062
       Category 1     Category 2        0.000       0.000             0.000            0.005
       Category 2     Category 1        0.385       0.387            -0.001           -0.062
       Category 2     Category 2        0.000       0.000             0.000            0.003
     COUNSELO       LAW_FTE
       Category 1     Category 1        0.613       0.613             0.000            0.000
       Category 1     Category 2        0.000       0.000             0.000            0.004
       Category 2     Category 1        0.387       0.387             0.000            0.000
       Category 2     Category 2        0.000       0.000             0.000            0.003
     PSYCH_FT       LAW_FTE
       Category 1     Category 1        1.000       1.000             0.000           -0.015
       Category 1     Category 2        0.000       0.000             0.000            0.007
       Category 2     Category 1        0.000       0.000             0.000            0.008
       Category 2     Category 2        0.000       0.000             0.000            0.000


     UNIVARIATE DISTRIBUTION FIT FOR CLASS 4

     Variable          Observed      Estimated      Residual (Obs.-Est.)    Stand. Residual
     REPORT_D
       Category 1        1.000          1.000                  0.000               -0.002
       Category 2        0.000          0.000                  0.000                0.002
     REPORT_R
       Category 1        0.000          0.000                  0.000                0.002
       Category 2        1.000          1.000                  0.000               -0.002
     REPORT_S
       Category 1        0.218          0.218                  0.000                0.000
       Category 2        0.782          0.782                  0.000                0.000
     COUNSELO
       Category 1        0.337          0.337                  0.000                0.000
       Category 2        0.663          0.663                  0.000                0.000
     PSYCH_FT
       Category 1        0.532          0.532                  0.000                0.000
       Category 2        0.468          0.468                  0.000                0.000
     LAW_FTE
       Category 1        0.783          0.783                  0.000                0.000
       Category 2        0.217          0.217                  0.000                0.000


     BIVARIATE DISTRIBUTIONS FIT FOR CLASS 4

     Variable       Variable          Observed     Estimated    Residual (Obs.-Est.)  Stand. Residual
     REPORT_D       REPORT_R
       Category 1     Category 1        0.000       0.000             0.000            0.002
       Category 1     Category 2        1.000       1.000             0.000           -0.005
       Category 2     Category 1        0.000       0.000             0.000            0.000
       Category 2     Category 2        0.000       0.000             0.000            0.002
     REPORT_D       REPORT_S
       Category 1     Category 1        0.218       0.218             0.000            0.000
       Category 1     Category 2        0.782       0.782             0.000            0.000
       Category 2     Category 1        0.000       0.000             0.000            0.001
       Category 2     Category 2        0.000       0.000             0.000            0.002
     REPORT_D       COUNSELO
       Category 1     Category 1        0.338       0.337             0.001            0.019
       Category 1     Category 2        0.662       0.663            -0.001           -0.019
       Category 2     Category 1        0.000       0.000             0.000            0.001
       Category 2     Category 2        0.000       0.000             0.000            0.001
     REPORT_D       PSYCH_FT
       Category 1     Category 1        0.526       0.532            -0.006           -0.104
       Category 1     Category 2        0.474       0.468             0.006            0.104
       Category 2     Category 1        0.000       0.000             0.000            0.001
       Category 2     Category 2        0.000       0.000             0.000            0.001
     REPORT_D       LAW_FTE
       Category 1     Category 1        0.782       0.783            -0.001           -0.023
       Category 1     Category 2        0.218       0.217             0.001            0.023
       Category 2     Category 1        0.000       0.000             0.000            0.002
       Category 2     Category 2        0.000       0.000             0.000            0.001
     REPORT_R       REPORT_S
       Category 1     Category 1        0.000       0.000             0.000            0.001
       Category 1     Category 2        0.000       0.000             0.000            0.002
       Category 2     Category 1        0.218       0.218             0.000            0.000
       Category 2     Category 2        0.782       0.782             0.000            0.000
     REPORT_R       COUNSELO
       Category 1     Category 1        0.000       0.000             0.000            0.001
       Category 1     Category 2        0.000       0.000             0.000            0.002
       Category 2     Category 1        0.338       0.337             0.001            0.019
       Category 2     Category 2        0.662       0.663            -0.001           -0.019
     REPORT_R       PSYCH_FT
       Category 1     Category 1        0.000       0.000             0.000            0.001
       Category 1     Category 2        0.000       0.000             0.000            0.001
       Category 2     Category 1        0.526       0.532            -0.006           -0.104
       Category 2     Category 2        0.474       0.468             0.006            0.104
     REPORT_R       LAW_FTE
       Category 1     Category 1        0.000       0.000             0.000            0.002
       Category 1     Category 2        0.000       0.000             0.000            0.001
       Category 2     Category 1        0.782       0.783            -0.001           -0.023
       Category 2     Category 2        0.218       0.217             0.001            0.023
     REPORT_S       COUNSELO
       Category 1     Category 1        0.077       0.073             0.004            0.112
       Category 1     Category 2        0.141       0.144            -0.004           -0.083
       Category 2     Category 1        0.261       0.263            -0.002           -0.046
       Category 2     Category 2        0.521       0.519             0.002            0.041
     REPORT_S       PSYCH_FT
       Category 1     Category 1        0.130       0.116             0.014            0.350
       Category 1     Category 2        0.088       0.102            -0.014           -0.370
       Category 2     Category 1        0.397       0.416            -0.020           -0.332
       Category 2     Category 2        0.386       0.366             0.020            0.340
     REPORT_S       LAW_FTE
       Category 1     Category 1        0.171       0.171             0.001            0.015
       Category 1     Category 2        0.047       0.047            -0.001           -0.027
       Category 2     Category 1        0.611       0.613            -0.002           -0.031
       Category 2     Category 2        0.171       0.170             0.002            0.041
     COUNSELO       PSYCH_FT
       Category 1     Category 1        0.165       0.179            -0.015           -0.313
       Category 1     Category 2        0.172       0.157             0.015            0.330
       Category 2     Category 1        0.368       0.353             0.015            0.251
       Category 2     Category 2        0.296       0.310            -0.015           -0.260
     COUNSELO       LAW_FTE
       Category 1     Category 1        0.254       0.264            -0.010           -0.179
       Category 1     Category 2        0.082       0.073             0.010            0.303
       Category 2     Category 1        0.529       0.520             0.010            0.158
       Category 2     Category 2        0.134       0.144            -0.010           -0.224
     PSYCH_FT       LAW_FTE
       Category 1     Category 1        0.416       0.417            -0.001           -0.025
       Category 1     Category 2        0.117       0.115             0.001            0.038
       Category 2     Category 1        0.368       0.366             0.001            0.025
       Category 2     Category 2        0.100       0.101            -0.001           -0.040


     UNIVARIATE DISTRIBUTION FIT FOR CLASS 5

     Variable          Observed      Estimated      Residual (Obs.-Est.)    Stand. Residual
     REPORT_D
       Category 1        0.984          0.984                  0.000                0.000
       Category 2        0.016          0.016                  0.000                0.000
     REPORT_R
       Category 1        1.000          1.000                  0.000               -0.007
       Category 2        0.000          0.000                  0.000                0.007
     REPORT_S
       Category 1        0.788          0.788                  0.000                0.000
       Category 2        0.212          0.212                  0.000                0.000
     COUNSELO
       Category 1        0.000          0.000                  0.000                0.007
       Category 2        1.000          1.000                  0.000               -0.007
     PSYCH_FT
       Category 1        0.249          0.249                  0.000                0.000
       Category 2        0.751          0.751                  0.000                0.000
     LAW_FTE
       Category 1        0.746          0.746                  0.000                0.000
       Category 2        0.254          0.254                  0.000                0.000


     BIVARIATE DISTRIBUTIONS FIT FOR CLASS 5

     Variable       Variable          Observed     Estimated    Residual (Obs.-Est.)  Stand. Residual
     REPORT_D       REPORT_R
       Category 1     Category 1        0.984       0.984             0.000            0.000
       Category 1     Category 2        0.000       0.000             0.000            0.007
       Category 2     Category 1        0.016       0.016             0.000            0.000
       Category 2     Category 2        0.000       0.000             0.000            0.000
     REPORT_D       REPORT_S
       Category 1     Category 1        0.776       0.776             0.000            0.003
       Category 1     Category 2        0.209       0.209             0.000           -0.003
       Category 2     Category 1        0.012       0.012             0.000           -0.010
       Category 2     Category 2        0.003       0.003             0.000            0.019
     REPORT_D       COUNSELO
       Category 1     Category 1        0.000       0.000             0.000            0.007
       Category 1     Category 2        0.984       0.984             0.000           -0.041
       Category 2     Category 1        0.000       0.000             0.000            0.000
       Category 2     Category 2        0.016       0.016             0.000            0.041
     REPORT_D       PSYCH_FT
       Category 1     Category 1        0.239       0.245            -0.006           -0.323
       Category 1     Category 2        0.745       0.739             0.006            0.302
       Category 2     Category 1        0.004       0.004             0.001            0.198
       Category 2     Category 2        0.011       0.012             0.000           -0.056
     REPORT_D       LAW_FTE
       Category 1     Category 1        0.733       0.734            -0.001           -0.059
       Category 1     Category 2        0.251       0.250             0.001            0.049
       Category 2     Category 1        0.012       0.012             0.001            0.172
       Category 2     Category 2        0.003       0.004            -0.001           -0.214
     REPORT_R       REPORT_S
       Category 1     Category 1        0.788       0.788             0.000            0.000
       Category 1     Category 2        0.212       0.212             0.000            0.000
       Category 2     Category 1        0.000       0.000             0.000            0.005
       Category 2     Category 2        0.000       0.000             0.000            0.002
     REPORT_R       COUNSELO
       Category 1     Category 1        0.000       0.000             0.000            0.007
       Category 1     Category 2        1.000       1.000             0.000           -0.014
       Category 2     Category 1        0.000       0.000             0.000            0.000
       Category 2     Category 2        0.000       0.000             0.000            0.007
     REPORT_R       PSYCH_FT
       Category 1     Category 1        0.244       0.249            -0.005           -0.293
       Category 1     Category 2        0.756       0.751             0.005            0.293
       Category 2     Category 1        0.000       0.000             0.000            0.002
       Category 2     Category 2        0.000       0.000             0.000            0.005
     REPORT_R       LAW_FTE
       Category 1     Category 1        0.745       0.746             0.000           -0.018
       Category 1     Category 2        0.255       0.254             0.000            0.018
       Category 2     Category 1        0.000       0.000             0.000            0.005
       Category 2     Category 2        0.000       0.000             0.000            0.002
     REPORT_S       COUNSELO
       Category 1     Category 1        0.000       0.000             0.000            0.006
       Category 1     Category 2        0.785       0.788            -0.003           -0.169
       Category 2     Category 1        0.000       0.000             0.000            0.001
       Category 2     Category 2        0.215       0.212             0.003            0.169
     REPORT_S       PSYCH_FT
       Category 1     Category 1        0.201       0.196             0.005            0.290
       Category 1     Category 2        0.583       0.592            -0.008           -0.408
       Category 2     Category 1        0.043       0.053            -0.010           -1.080
       Category 2     Category 2        0.173       0.159             0.014            0.894
     REPORT_S       LAW_FTE
       Category 1     Category 1        0.592       0.588             0.004            0.212
       Category 1     Category 2        0.193       0.200            -0.007           -0.434
       Category 2     Category 1        0.154       0.158            -0.005           -0.307
       Category 2     Category 2        0.061       0.054             0.008            0.802
     COUNSELO       PSYCH_FT
       Category 1     Category 1        0.000       0.000             0.000            0.002
       Category 1     Category 2        0.000       0.000             0.000            0.005
       Category 2     Category 1        0.249       0.249             0.000            0.000
       Category 2     Category 2        0.751       0.751             0.000            0.000
     COUNSELO       LAW_FTE
       Category 1     Category 1        0.000       0.000             0.000            0.005
       Category 1     Category 2        0.000       0.000             0.000            0.002
       Category 2     Category 1        0.746       0.746             0.000            0.000
       Category 2     Category 2        0.254       0.254             0.000            0.000
     PSYCH_FT       LAW_FTE
       Category 1     Category 1        0.176       0.186            -0.010           -0.619
       Category 1     Category 2        0.073       0.063             0.010            0.989
       Category 2     Category 1        0.569       0.560             0.009            0.446
       Category 2     Category 2        0.182       0.191            -0.009           -0.564


     UNIVARIATE DISTRIBUTION FIT FOR CLASS 6

     Variable          Observed      Estimated      Residual (Obs.-Est.)    Stand. Residual
     REPORT_D
       Category 1        1.000          1.000                  0.000               -0.005
       Category 2        0.000          0.000                  0.000                0.005
     REPORT_R
       Category 1        0.954          0.954                  0.000                0.000
       Category 2        0.046          0.046                  0.000                0.000
     REPORT_S
       Category 1        0.890          0.890                  0.000                0.000
       Category 2        0.110          0.110                  0.000                0.000
     COUNSELO
       Category 1        1.000          1.000                  0.000               -0.008
       Category 2        0.000          0.000                  0.000                0.008
     PSYCH_FT
       Category 1        0.379          0.379                  0.000                0.000
       Category 2        0.621          0.621                  0.000                0.000
     LAW_FTE
       Category 1        0.911          0.911                  0.000                0.000
       Category 2        0.089          0.089                  0.000                0.000


     BIVARIATE DISTRIBUTIONS FIT FOR CLASS 6

     Variable       Variable          Observed     Estimated    Residual (Obs.-Est.)  Stand. Residual
     REPORT_D       REPORT_R
       Category 1     Category 1        0.954       0.954             0.000            0.000
       Category 1     Category 2        0.046       0.046             0.000            0.000
       Category 2     Category 1        0.000       0.000             0.000            0.004
       Category 2     Category 2        0.000       0.000             0.000            0.000
     REPORT_D       REPORT_S
       Category 1     Category 1        0.890       0.890             0.000            0.000
       Category 1     Category 2        0.110       0.110             0.000            0.000
       Category 2     Category 1        0.000       0.000             0.000            0.004
       Category 2     Category 2        0.000       0.000             0.000            0.001
     REPORT_D       COUNSELO
       Category 1     Category 1        1.000       1.000             0.000           -0.012
       Category 1     Category 2        0.000       0.000             0.000            0.008
       Category 2     Category 1        0.000       0.000             0.000            0.005
       Category 2     Category 2        0.000       0.000             0.000            0.000
     REPORT_D       PSYCH_FT
       Category 1     Category 1        0.373       0.379            -0.005           -0.274
       Category 1     Category 2        0.627       0.621             0.005            0.274
       Category 2     Category 1        0.000       0.000             0.000            0.002
       Category 2     Category 2        0.000       0.000             0.000            0.002
     REPORT_D       LAW_FTE
       Category 1     Category 1        0.910       0.911            -0.001           -0.067
       Category 1     Category 2        0.090       0.089             0.001            0.067
       Category 2     Category 1        0.000       0.000             0.000            0.005
       Category 2     Category 2        0.000       0.000             0.000            0.000
     REPORT_R       REPORT_S
       Category 1     Category 1        0.849       0.849             0.000            0.011
       Category 1     Category 2        0.105       0.105             0.000           -0.013
       Category 2     Category 1        0.041       0.041             0.000           -0.020
       Category 2     Category 2        0.005       0.005             0.000            0.055
     REPORT_R       COUNSELO
       Category 1     Category 1        0.953       0.954            -0.001           -0.082
       Category 1     Category 2        0.000       0.000             0.000            0.007
       Category 2     Category 1        0.047       0.046             0.001            0.082
       Category 2     Category 2        0.000       0.000             0.000            0.000
     REPORT_R       PSYCH_FT
       Category 1     Category 1        0.357       0.361            -0.004           -0.218
       Category 1     Category 2        0.596       0.593             0.003            0.178
       Category 2     Category 1        0.016       0.017            -0.001           -0.218
       Category 2     Category 2        0.030       0.029             0.002            0.275
     REPORT_R       LAW_FTE
       Category 1     Category 1        0.868       0.869             0.000           -0.037
       Category 1     Category 2        0.085       0.085             0.000           -0.017
       Category 2     Category 1        0.042       0.042             0.000           -0.033
       Category 2     Category 2        0.005       0.004             0.001            0.372
     REPORT_S       COUNSELO
       Category 1     Category 1        0.888       0.890            -0.002           -0.131
       Category 1     Category 2        0.000       0.000             0.000            0.007
       Category 2     Category 1        0.112       0.110             0.002            0.131
       Category 2     Category 2        0.000       0.000             0.000            0.001
     REPORT_S       PSYCH_FT
       Category 1     Category 1        0.326       0.337            -0.011           -0.601
       Category 1     Category 2        0.563       0.553             0.010            0.489
       Category 2     Category 1        0.048       0.042             0.006            0.756
       Category 2     Category 2        0.064       0.068            -0.004           -0.436
     REPORT_S       LAW_FTE
       Category 1     Category 1        0.806       0.810            -0.004           -0.265
       Category 1     Category 2        0.082       0.080             0.003            0.232
       Category 2     Category 1        0.103       0.100             0.003            0.283
       Category 2     Category 2        0.008       0.010            -0.002           -0.443
     COUNSELO       PSYCH_FT
       Category 1     Category 1        0.379       0.379             0.000            0.000
       Category 1     Category 2        0.621       0.621             0.000            0.000
       Category 2     Category 1        0.000       0.000             0.000            0.003
       Category 2     Category 2        0.000       0.000             0.000            0.005
     COUNSELO       LAW_FTE
       Category 1     Category 1        0.911       0.911             0.000            0.000
       Category 1     Category 2        0.089       0.089             0.000            0.000
       Category 2     Category 1        0.000       0.000             0.000            0.007
       Category 2     Category 2        0.000       0.000             0.000            0.001
     PSYCH_FT       LAW_FTE
       Category 1     Category 1        0.349       0.345             0.004            0.197
       Category 1     Category 2        0.030       0.034            -0.004           -0.518
       Category 2     Category 1        0.562       0.566            -0.004           -0.189
       Category 2     Category 2        0.059       0.056             0.004            0.409


TECHNICAL 11 OUTPUT

     Random Starts Specifications for the k-1 Class Analysis Model
        Number of initial stage random starts                 200
        Number of final stage optimizations                   100



     VUONG-LO-MENDELL-RUBIN LIKELIHOOD RATIO TEST FOR 5 (H0) VERSUS 6 CLASSES

          H0 Loglikelihood Value                        -5105.589
          2 Times the Loglikelihood Difference             11.417
          Difference in the Number of Parameters                7
          Mean                                              5.090
          Standard Deviation                                9.265
          P-Value                                          0.1767

     LO-MENDELL-RUBIN ADJUSTED LRT TEST

          Value                                            11.206
          P-Value                                          0.1818


TECHNICAL 14 OUTPUT

     Random Starts Specifications for the k-1 Class Analysis Model
        Number of initial stage random starts                 200
        Number of final stage optimizations                   100

     Random Starts Specification for the k-1 Class Model for Generated Data
        Number of initial stage random starts                   0
        Number of final stage optimizations for the
           initial stage random starts                          0
     Random Starts Specification for the k Class Model for Generated Data
        Number of initial stage random starts                  40
        Number of final stage optimizations                     8
     Number of bootstrap draws requested                   Varies


     PARAMETRIC BOOTSTRAPPED LIKELIHOOD RATIO TEST FOR 5 (H0) VERSUS 6 CLASSES

          H0 Loglikelihood Value                        -5105.589
          2 Times the Loglikelihood Difference             11.417
          Difference in the Number of Parameters                7
          Approximate P-Value                              0.3750
          Successful Bootstrap Draws                            8


PLOT INFORMATION

The following plots are available:

  Histograms (sample values)
  Scatterplots (sample values)
  Sample proportions and estimated probabilities

     Beginning Time:  13:57:27
        Ending Time:  13:57:29
       Elapsed Time:  00:00:02



MUTHEN & MUTHEN
3463 Stoner Ave.
Los Angeles, CA  90066

Tel: (310) 391-9971
Fax: (310) 391-8971
Web: www.StatModel.com
Support: Support@StatModel.com

Copyright (c) 1998-2021 Muthen & Muthen
